MPASM  5.51  MADEIN_ABDULLAH_HARUN_TAHTALI.AS   12-11-2018  8:42:56         PAGE  1


LOC  OBJECT CODE     LINE SOURCE TEXT
  VALUE

                      00001         LIST P=16F877A
                      00002         #INCLUDE <P16F877A.INC>
                      00001         LIST
                      00002 
                      00003 ;==========================================================================
                      00004 ;  MPASM PIC16F877A processor include
                      00005 ; 
                      00006 ;  (c) Copyright 1999-2013 Microchip Technology, All rights reserved
                      00007 ;==========================================================================
                      00008 
                      00566         LIST
Warning[207]: Found label after column 1. (DEGER)
  00000020            00003         DEGER EQU 0X20 
Warning[207]: Found label after column 1. (TEMP)
  00000021            00004         TEMP EQU 0X21
                      00005         ORG 0X00
0000   2???           00006         GOTO MAIN
                      00007         ORG 0X04        
0004   2???           00008         GOTO KESME
0005                  00009 MAIN
0005   2???           00010         CALL PORT_AYAR
0006   2???           00011         CALL LCD_AYAR
0007   2???           00012         CALL USART_AYAR
0008                  00013 DON
0008   2???           00014         GOTO DON
                      00015 
0009                  00016 KESME 
0009   1283 1303      00017         BANKSEL RCREG
000B   081A           00018         MOVF RCREG,W
000C   2???           00019         CALL VERI_YAZ
000D   0009           00020         RETFIE
                      00021 
                      00022 
000E                  00023 PORT_AYAR
000E   1683 1303      00024         BANKSEL TRISB   
Message[302]: Register in operand not in bank 0.  Ensure that bank bits are correct.
0010   0186           00025         CLRF TRISB 
0011   1683 1303      00026         BANKSEL TRISC
0013   30FF           00027         MOVLW 0XFF
Message[302]: Register in operand not in bank 0.  Ensure that bank bits are correct.
0014   0087           00028         MOVWF TRISC
Message[302]: Register in operand not in bank 0.  Ensure that bank bits are correct.
0015   0188           00029         CLRF TRISD
0016   1283 1303      00030         BANKSEL PORTB
0018   0186           00031         CLRF PORTB
0019   0187           00032         CLRF PORTC
Message[302]: Register in operand not in bank 0.  Ensure that bank bits are correct.
001A   0188           00033         CLRF TRISD
001B   0008           00034         RETURN
                      00035 
001C                  00036 USART_AYAR
001C   1683 1303      00037         BANKSEL SPBRG
001E   3033           00038         MOVLW B'00110011'
MPASM  5.51  MADEIN_ABDULLAH_HARUN_TAHTALI.AS   12-11-2018  8:42:56         PAGE  2


LOC  OBJECT CODE     LINE SOURCE TEXT
  VALUE

Message[302]: Register in operand not in bank 0.  Ensure that bank bits are correct.
001F   0099           00039         MOVWF SPBRG
                      00040         
0020   1683 1303      00041         BANKSEL TXSTA
0022   3004           00042         MOVLW B'00000100'
Message[302]: Register in operand not in bank 0.  Ensure that bank bits are correct.
0023   0098           00043         MOVWF TXSTA
                      00044         
0024   1283 1303      00045         BANKSEL RCSTA
0026   3090           00046         MOVLW B'10010000'
0027   0098           00047         MOVWF RCSTA
                      00048 
0028   1283 1303      00049         BANKSEL INTCON
002A   178B           00050         BSF INTCON,GIE
002B   170B           00051         BSF INTCON,PEIE
                      00052 
002C   1683 1303      00053         BANKSEL PIE1
Message[302]: Register in operand not in bank 0.  Ensure that bank bits are correct.
002E   168C           00054         BSF PIE1,RCIE
002F   0008           00055         RETURN
                      00056 
0030                  00057 LCD_AYAR
0030   3002           00058         MOVLW 0X02
0031   2???           00059         CALL KOMUT_YAZ
0032   3028           00060         MOVLW 0X28      
0033   2???           00061         CALL KOMUT_YAZ
0034   300C           00062         MOVLW 0X0C
0035   2???           00063         CALL KOMUT_YAZ
0036   3080           00064         MOVLW 0X80
0037   2???           00065         CALL KOMUT_YAZ
0038   0008           00066         RETURN
                      00067 
0039                  00068 KOMUT_YAZ
0039   00A1           00069         MOVWF TEMP
003A   0E21           00070         SWAPF TEMP,W
003B   2???           00071         CALL KOMUT_GONDER
003C   0821           00072         MOVF TEMP,W
003D   2???           00073         CALL KOMUT_GONDER
003E   0008           00074         RETURN
003F                  00075 KOMUT_GONDER
003F   390F           00076         ANDLW 0X0F
0040   0086           00077         MOVWF PORTB
0041   1283 1303      00078         BANKSEL PORTB
0043   1206           00079         BCF PORTB,4
0044   1686           00080         BSF PORTB,5
0045   2???           00081         CALL GECIKME
0046   1286           00082         BCF PORTB,5
0047   0008           00083         RETURN
                      00084 
0048                  00085 VERI_YAZ
0048   00A1           00086         MOVWF TEMP
0049   0E21           00087         SWAPF TEMP,W
004A   2???           00088         CALL VERI_GONDER
MPASM  5.51  MADEIN_ABDULLAH_HARUN_TAHTALI.AS   12-11-2018  8:42:56         PAGE  3


LOC  OBJECT CODE     LINE SOURCE TEXT
  VALUE

004B   0821           00089         MOVF TEMP,W
004C   2???           00090         CALL VERI_GONDER
004D   0008           00091         RETURN
004E                  00092 VERI_GONDER
004E   390F           00093         ANDLW 0X0F
004F   0086           00094         MOVWF PORTB
0050   1283 1303      00095         BANKSEL PORTB
0052   1606           00096         BSF PORTB,4
0053   1686           00097         BSF PORTB,5
0054   2???           00098         CALL GECIKME
0055   1286           00099         BCF PORTB,5
0056   0008           00100         RETURN
                      00101 
0057                  00102 GECIKME
0057   3040           00103         MOVLW 0X40
0058   00A0           00104         MOVWF DEGER
0059                  00105 DNG2
0059   0BA0           00106         DECFSZ DEGER,F
005A   2???           00107         GOTO DNG2
005B   0008           00108         RETURN
Warning[205]: Found directive in column 1. (END)
                      00109 END
MPASM  5.51  MADEIN_ABDULLAH_HARUN_TAHTALI.AS   12-11-2018  8:42:56         PAGE  4


SYMBOL TABLE
  LABEL                             VALUE 

ACKDT                             00000005
ACKEN                             00000004
ACKSTAT                           00000006
ADCON0                            0000001F
ADCON1                            0000009F
ADCS0                             00000006
ADCS1                             00000007
ADCS2                             00000006
ADDEN                             00000003
ADFM                              00000007
ADIE                              00000006
ADIF                              00000006
ADON                              00000000
ADRESH                            0000001E
ADRESL                            0000009E
BCLIE                             00000003
BCLIF                             00000003
BF                                00000000
BRGH                              00000002
C                                 00000000
C1INV                             00000004
C1OUT                             00000006
C2INV                             00000005
C2OUT                             00000007
CCP1CON                           00000017
CCP1IE                            00000002
CCP1IF                            00000002
CCP1M0                            00000000
CCP1M1                            00000001
CCP1M2                            00000002
CCP1M3                            00000003
CCP1X                             00000005
CCP1Y                             00000004
CCP2CON                           0000001D
CCP2IE                            00000000
CCP2IF                            00000000
CCP2M0                            00000000
CCP2M1                            00000001
CCP2M2                            00000002
CCP2M3                            00000003
CCP2X                             00000005
CCP2Y                             00000004
CCPR1                             00000015
CCPR1H                            00000016
CCPR1L                            00000015
CCPR2                             0000001B
CCPR2H                            0000001C
CCPR2L                            0000001B
CHS0                              00000003
CHS1                              00000004
CHS2                              00000005
CIS                               00000003
CKE                               00000006
MPASM  5.51  MADEIN_ABDULLAH_HARUN_TAHTALI.AS   12-11-2018  8:42:56         PAGE  5


SYMBOL TABLE
  LABEL                             VALUE 

CKP                               00000004
CM0                               00000000
CM1                               00000001
CM2                               00000002
CMCON                             0000009C
CMIE                              00000006
CMIF                              00000006
CREN                              00000004
CSRC                              00000007
CVR0                              00000000
CVR1                              00000001
CVR2                              00000002
CVR3                              00000003
CVRCON                            0000009D
CVREN                             00000007
CVROE                             00000006
CVRR                              00000005
D                                 00000005
DATA_ADDRESS                      00000005
DC                                00000001
DEGER                             00000020
DNG2                              00000059
DON                               00000008
D_A                               00000005
D_NOT_A                           00000005
EEADR                             0000010D
EEADRH                            0000010F
EECON1                            0000018C
EECON2                            0000018D
EEDATA                            0000010C
EEDATH                            0000010E
EEIE                              00000004
EEIF                              00000004
EEPGD                             00000007
F                                 00000001
FERR                              00000002
FSR                               00000004
GCEN                              00000007
GECIKME                           00000057
GIE                               00000007
GO                                00000002
GO_DONE                           00000002
GO_NOT_DONE                       00000002
I2C_DATA                          00000005
I2C_READ                          00000002
I2C_START                         00000003
I2C_STOP                          00000004
IBF                               00000007
IBOV                              00000005
INDF                              00000000
INTCON                            0000000B
INTE                              00000004
INTEDG                            00000006
MPASM  5.51  MADEIN_ABDULLAH_HARUN_TAHTALI.AS   12-11-2018  8:42:56         PAGE  6


SYMBOL TABLE
  LABEL                             VALUE 

INTF                              00000001
IRP                               00000007
KESME                             00000009
KOMUT_GONDER                      0000003F
KOMUT_YAZ                         00000039
LCD_AYAR                          00000030
MAIN                              00000005
NOT_A                             00000005
NOT_ADDRESS                       00000005
NOT_BO                            00000000
NOT_BOR                           00000000
NOT_DONE                          00000002
NOT_PD                            00000003
NOT_POR                           00000001
NOT_RBPU                          00000007
NOT_RC8                           00000006
NOT_T1SYNC                        00000002
NOT_TO                            00000004
NOT_TX8                           00000006
NOT_W                             00000002
NOT_WRITE                         00000002
OBF                               00000006
OERR                              00000001
OPTION_REG                        00000081
P                                 00000004
PCFG0                             00000000
PCFG1                             00000001
PCFG2                             00000002
PCFG3                             00000003
PCL                               00000002
PCLATH                            0000000A
PCON                              0000008E
PEIE                              00000006
PEN                               00000002
PIE1                              0000008C
PIE2                              0000008D
PIR1                              0000000C
PIR2                              0000000D
PORTA                             00000005
PORTB                             00000006
PORTC                             00000007
PORTD                             00000008
PORTE                             00000009
PORT_AYAR                         0000000E
PR2                               00000092
PS0                               00000000
PS1                               00000001
PS2                               00000002
PSA                               00000003
PSPIE                             00000007
PSPIF                             00000007
PSPMODE                           00000004
R                                 00000002
MPASM  5.51  MADEIN_ABDULLAH_HARUN_TAHTALI.AS   12-11-2018  8:42:56         PAGE  7


SYMBOL TABLE
  LABEL                             VALUE 

RA0                               00000000
RA1                               00000001
RA2                               00000002
RA3                               00000003
RA4                               00000004
RA5                               00000005
RB0                               00000000
RB1                               00000001
RB2                               00000002
RB3                               00000003
RB4                               00000004
RB5                               00000005
RB6                               00000006
RB7                               00000007
RBIE                              00000003
RBIF                              00000000
RC0                               00000000
RC1                               00000001
RC2                               00000002
RC3                               00000003
RC4                               00000004
RC5                               00000005
RC6                               00000006
RC7                               00000007
RC8_9                             00000006
RC9                               00000006
RCD8                              00000000
RCEN                              00000003
RCIE                              00000005
RCIF                              00000005
RCREG                             0000001A
RCSTA                             00000018
RD                                00000000
RD0                               00000000
RD1                               00000001
RD2                               00000002
RD3                               00000003
RD4                               00000004
RD5                               00000005
RD6                               00000006
RD7                               00000007
RE0                               00000000
RE1                               00000001
RE2                               00000002
READ_WRITE                        00000002
RP0                               00000005
RP1                               00000006
RSEN                              00000001
RX9                               00000006
RX9D                              00000000
R_NOT_W                           00000002
R_W                               00000002
S                                 00000003
MPASM  5.51  MADEIN_ABDULLAH_HARUN_TAHTALI.AS   12-11-2018  8:42:56         PAGE  8


SYMBOL TABLE
  LABEL                             VALUE 

SEN                               00000000
SMP                               00000007
SPBRG                             00000099
SPEN                              00000007
SREN                              00000005
SSPADD                            00000093
SSPBUF                            00000013
SSPCON                            00000014
SSPCON2                           00000091
SSPEN                             00000005
SSPIE                             00000003
SSPIF                             00000003
SSPM0                             00000000
SSPM1                             00000001
SSPM2                             00000002
SSPM3                             00000003
SSPOV                             00000006
SSPSTAT                           00000094
STATUS                            00000003
SYNC                              00000004
T0CS                              00000005
T0IE                              00000005
T0IF                              00000002
T0SE                              00000004
T1CKPS0                           00000004
T1CKPS1                           00000005
T1CON                             00000010
T1INSYNC                          00000002
T1OSCEN                           00000003
T1SYNC                            00000002
T2CKPS0                           00000000
T2CKPS1                           00000001
T2CON                             00000012
TEMP                              00000021
TMR0                              00000001
TMR0IE                            00000005
TMR0IF                            00000002
TMR1                              0000000E
TMR1CS                            00000001
TMR1H                             0000000F
TMR1IE                            00000000
TMR1IF                            00000000
TMR1L                             0000000E
TMR1ON                            00000000
TMR2                              00000011
TMR2IE                            00000001
TMR2IF                            00000001
TMR2ON                            00000002
TOUTPS0                           00000003
TOUTPS1                           00000004
TOUTPS2                           00000005
TOUTPS3                           00000006
TRISA                             00000085
MPASM  5.51  MADEIN_ABDULLAH_HARUN_TAHTALI.AS   12-11-2018  8:42:56         PAGE  9


SYMBOL TABLE
  LABEL                             VALUE 

TRISA0                            00000000
TRISA1                            00000001
TRISA2                            00000002
TRISA3                            00000003
TRISA4                            00000004
TRISA5                            00000005
TRISB                             00000086
TRISB0                            00000000
TRISB1                            00000001
TRISB2                            00000002
TRISB3                            00000003
TRISB4                            00000004
TRISB5                            00000005
TRISB6                            00000006
TRISB7                            00000007
TRISC                             00000087
TRISC0                            00000000
TRISC1                            00000001
TRISC2                            00000002
TRISC3                            00000003
TRISC4                            00000004
TRISC5                            00000005
TRISC6                            00000006
TRISC7                            00000007
TRISD                             00000088
TRISD0                            00000000
TRISD1                            00000001
TRISD2                            00000002
TRISD3                            00000003
TRISD4                            00000004
TRISD5                            00000005
TRISD6                            00000006
TRISD7                            00000007
TRISE                             00000089
TRISE0                            00000000
TRISE1                            00000001
TRISE2                            00000002
TRMT                              00000001
TX8_9                             00000006
TX9                               00000006
TX9D                              00000000
TXD8                              00000000
TXEN                              00000005
TXIE                              00000004
TXIF                              00000004
TXREG                             00000019
TXSTA                             00000098
UA                                00000001
USART_AYAR                        0000001C
VERI_GONDER                       0000004E
VERI_YAZ                          00000048
W                                 00000000
WCOL                              00000007
MPASM  5.51  MADEIN_ABDULLAH_HARUN_TAHTALI.AS   12-11-2018  8:42:56         PAGE 10


SYMBOL TABLE
  LABEL                             VALUE 

WR                                00000001
WREN                              00000002
WRERR                             00000003
Z                                 00000002
_BODEN_OFF                        00003FBF
_BODEN_ON                         00003FFF
_BOREN_OFF                        00003FBF
_BOREN_ON                         00003FFF
_CONFIG                           00002007
_CPD_OFF                          00003FFF
_CPD_ON                           00003EFF
_CP_ALL                           00001FFF
_CP_OFF                           00003FFF
_CP_ON                            00001FFF
_DEBUG_OFF                        00003FFF
_DEBUG_ON                         000037FF
_DEVID1                           00002006
_FOSC_EXTRC                       00003FFF
_FOSC_HS                          00003FFE
_FOSC_LP                          00003FFC
_FOSC_XT                          00003FFD
_HS_OSC                           00003FFE
_IDLOC0                           00002000
_IDLOC1                           00002001
_IDLOC2                           00002002
_IDLOC3                           00002003
_LP_OSC                           00003FFC
_LVP_OFF                          00003F7F
_LVP_ON                           00003FFF
_PWRTE_OFF                        00003FFF
_PWRTE_ON                         00003FF7
_RC_OSC                           00003FFF
_WDTE_OFF                         00003FFB
_WDTE_ON                          00003FFF
_WDT_OFF                          00003FFB
_WDT_ON                           00003FFF
_WRT_1FOURTH                      00003BFF
_WRT_256                          00003DFF
_WRT_HALF                         000039FF
_WRT_OFF                          00003FFF
_XT_OSC                           00003FFD
__16F877A                         00000001
__DEBUG                           1

Errors   :     0
Warnings :     3 reported,     0 suppressed
Messages :     7 reported,     0 suppressed

