MPASM  5.51                          TMR1.ASM   10-30-2018  13:44:31         PAGE  1


LOC  OBJECT CODE     LINE SOURCE TEXT
  VALUE

                      00001 #INCLUDE <P16F877A.INC>
                      00001         LIST
                      00002 
                      00003 ;==========================================================================
                      00004 ;  MPASM PIC16F877A processor include
                      00005 ; 
                      00006 ;  (c) Copyright 1999-2013 Microchip Technology, All rights reserved
                      00007 ;==========================================================================
                      00008 
                      00566         LIST
Warning[205]: Found directive in column 1. (__CONFIG)
2007   3F31           00002 __CONFIG H'3F31'
  00000020            00003 SAYAC EQU 0X20
  00000021            00004 MAKSIMUM EQU 0X21
  00000022            00005 DEGISKEN EQU 0X22
  00000023            00006 MINIMUM EQU 0X23
  00000024            00007 SAYI1 EQU 0X24
  00000025            00008 SAYI2 EQU 0X25
0000                  00009         ORG 0X00
0000   2841           00010         GOTO MAIN
0004                  00011         ORG 0X04
0004                  00012 BUTTON0
0004   1C05           00013         BTFSS PORTA,0
0005   2821           00014         GOTO BUTTON1
0006   2015           00015         CALL GECIKME
0007   2015           00016         CALL GECIKME
0008   0822           00017         MOVFW DEGISKEN
0009   0221           00018         SUBWF MAKSIMUM,W
000A   1903           00019         BTFSC STATUS,Z
000B   281E           00020         GOTO UYAR
000C   1808           00021         BTFSC PORTD,0
Message[305]: Using default destination of 1 (file).
000D   0388           00022         DECF PORTD
000E   0AA2           00023         INCF DEGISKEN,F
000F   0AA2           00024         INCF DEGISKEN,F
0010   0AA2           00025         INCF DEGISKEN,F
0011   0AA2           00026         INCF DEGISKEN,F
0012   0822           00027         MOVFW DEGISKEN
0013   00A0           00028         MOVWF SAYAC
0014   0009           00029         RETFIE
0015                  00030 GECIKME
0015   30FF           00031         MOVLW D'255'
0016   00A4           00032         MOVWF SAYI1
0017                  00033 GECIKME1
0017   30FF           00034         MOVLW D'255'
0018   00A5           00035         MOVWF SAYI2
0019                  00036 GECIKTIR
0019   0BA5           00037         DECFSZ SAYI2,F
001A   2819           00038         GOTO GECIKTIR
001B   0BA4           00039         DECFSZ SAYI1,F
001C   2817           00040         GOTO GECIKME1
001D   0008           00041         RETURN
001E                  00042 UYAR
MPASM  5.51                          TMR1.ASM   10-30-2018  13:44:31         PAGE  2


LOC  OBJECT CODE     LINE SOURCE TEXT
  VALUE

                      00043         
001E   3001           00044         MOVLW D'1'
001F   0088           00045         MOVWF PORTD
0020   2830           00046         GOTO KESME
0021                  00047 BUTTON1
0021   1C85           00048         BTFSS PORTA,1
0022   2830           00049         GOTO KESME
0023   2015           00050         CALL GECIKME
0024   2015           00051         CALL GECIKME
0025   0822           00052         MOVFW DEGISKEN
0026   0223           00053         SUBWF MINIMUM,W
0027   1903           00054         BTFSC STATUS,Z
0028   281E           00055         GOTO UYAR
0029   1808           00056         BTFSC PORTD,0
Message[305]: Using default destination of 1 (file).
002A   0388           00057         DECF PORTD
002B   03A2           00058         DECF DEGISKEN,F
002C   03A2           00059         DECF DEGISKEN,F
002D   0822           00060         MOVFW DEGISKEN
002E   00A0           00061         MOVWF SAYAC
002F   0009           00062         RETFIE
0030                  00063 KESME
0030   1283 1303      00064         BANKSEL PIR1
0032   100C           00065         BCF PIR1,TMR1IF
0033   303C           00066         MOVLW H'3C'
0034   008F           00067         MOVWF TMR1H
0035   30B0           00068         MOVLW H'B0'
0036   008E           00069         MOVWF TMR1L
0037   1283 1303      00070         BANKSEL SAYAC
0039   0BA0           00071         DECFSZ SAYAC,F
003A   0009           00072         RETFIE
003B   1283 1303      00073         BANKSEL PORTB
003D   0822           00074         MOVFW DEGISKEN
003E   00A0           00075         MOVWF SAYAC
Message[305]: Using default destination of 1 (file).
003F   0A86           00076         INCF PORTB
0040   0009           00077         RETFIE
                      00078         
0041                  00079 MAIN
0041   1683 1303      00080         BANKSEL ADCON1
0043   3006           00081         MOVLW D'6'
Message[302]: Register in operand not in bank 0.  Ensure that bank bits are correct.
0044   009F           00082         MOVWF ADCON1
0045   1683 1303      00083         BANKSEL TRISB
0047   3003           00084         MOVLW B'000011'
Message[302]: Register in operand not in bank 0.  Ensure that bank bits are correct.
0048   0085           00085         MOVWF TRISA
Message[302]: Register in operand not in bank 0.  Ensure that bank bits are correct.
0049   0186           00086         CLRF TRISB
Message[302]: Register in operand not in bank 0.  Ensure that bank bits are correct.
004A   0188           00087         CLRF TRISD
004B   1283 1303      00088         BANKSEL PORTB
004D   0186           00089         CLRF PORTB
MPASM  5.51                          TMR1.ASM   10-30-2018  13:44:31         PAGE  3


LOC  OBJECT CODE     LINE SOURCE TEXT
  VALUE

004E   0185           00090         CLRF PORTA
004F   0188           00091         CLRF PORTD
0050   1283 1303      00092         BANKSEL INTCON
0052   178B           00093         BSF INTCON,GIE
0053   170B           00094         BSF INTCON,PEIE ;?
0054   1683 1303      00095         BANKSEL PIE1
Message[302]: Register in operand not in bank 0.  Ensure that bank bits are correct.
0056   140C           00096         BSF PIE1,TMR1IE
0057   1283 1303      00097         BANKSEL T1CON
0059   3005           00098         MOVLW B'00000101'
005A   0090           00099         MOVWF T1CON
005B   1283 1303      00100         BANKSEL PIR1
005D   100C           00101         BCF PIR1,TMR1IF
005E   1283 1303      00102         BANKSEL TMR1H
0060   303C           00103         MOVLW H'3C'
0061   008F           00104         MOVWF TMR1H
0062   30B0           00105         MOVLW H'B0'
0063   008E           00106         MOVWF TMR1L
0064   3014           00107         MOVLW D'20'
0065   00A0           00108         MOVWF SAYAC
0066   00A2           00109         MOVWF DEGISKEN
0067   301E           00110         MOVLW D'30'
0068   00A1           00111         MOVWF MAKSIMUM
0069   300A           00112         MOVLW D'10'
006A   00A3           00113         MOVWF MINIMUM
006B                  00114 DONGU
006B   286B           00115         GOTO DONGU
                      00116         END
MPASM  5.51                          TMR1.ASM   10-30-2018  13:44:31         PAGE  4


SYMBOL TABLE
  LABEL                             VALUE 

ACKDT                             00000005
ACKEN                             00000004
ACKSTAT                           00000006
ADCON0                            0000001F
ADCON1                            0000009F
ADCS0                             00000006
ADCS1                             00000007
ADCS2                             00000006
ADDEN                             00000003
ADFM                              00000007
ADIE                              00000006
ADIF                              00000006
ADON                              00000000
ADRESH                            0000001E
ADRESL                            0000009E
BCLIE                             00000003
BCLIF                             00000003
BF                                00000000
BRGH                              00000002
BUTTON0                           00000004
BUTTON1                           00000021
C                                 00000000
C1INV                             00000004
C1OUT                             00000006
C2INV                             00000005
C2OUT                             00000007
CCP1CON                           00000017
CCP1IE                            00000002
CCP1IF                            00000002
CCP1M0                            00000000
CCP1M1                            00000001
CCP1M2                            00000002
CCP1M3                            00000003
CCP1X                             00000005
CCP1Y                             00000004
CCP2CON                           0000001D
CCP2IE                            00000000
CCP2IF                            00000000
CCP2M0                            00000000
CCP2M1                            00000001
CCP2M2                            00000002
CCP2M3                            00000003
CCP2X                             00000005
CCP2Y                             00000004
CCPR1                             00000015
CCPR1H                            00000016
CCPR1L                            00000015
CCPR2                             0000001B
CCPR2H                            0000001C
CCPR2L                            0000001B
CHS0                              00000003
CHS1                              00000004
CHS2                              00000005
MPASM  5.51                          TMR1.ASM   10-30-2018  13:44:31         PAGE  5


SYMBOL TABLE
  LABEL                             VALUE 

CIS                               00000003
CKE                               00000006
CKP                               00000004
CM0                               00000000
CM1                               00000001
CM2                               00000002
CMCON                             0000009C
CMIE                              00000006
CMIF                              00000006
CREN                              00000004
CSRC                              00000007
CVR0                              00000000
CVR1                              00000001
CVR2                              00000002
CVR3                              00000003
CVRCON                            0000009D
CVREN                             00000007
CVROE                             00000006
CVRR                              00000005
D                                 00000005
DATA_ADDRESS                      00000005
DC                                00000001
DEGISKEN                          00000022
DONGU                             0000006B
D_A                               00000005
D_NOT_A                           00000005
EEADR                             0000010D
EEADRH                            0000010F
EECON1                            0000018C
EECON2                            0000018D
EEDATA                            0000010C
EEDATH                            0000010E
EEIE                              00000004
EEIF                              00000004
EEPGD                             00000007
F                                 00000001
FERR                              00000002
FSR                               00000004
GCEN                              00000007
GECIKME                           00000015
GECIKME1                          00000017
GECIKTIR                          00000019
GIE                               00000007
GO                                00000002
GO_DONE                           00000002
GO_NOT_DONE                       00000002
I2C_DATA                          00000005
I2C_READ                          00000002
I2C_START                         00000003
I2C_STOP                          00000004
IBF                               00000007
IBOV                              00000005
INDF                              00000000
MPASM  5.51                          TMR1.ASM   10-30-2018  13:44:31         PAGE  6


SYMBOL TABLE
  LABEL                             VALUE 

INTCON                            0000000B
INTE                              00000004
INTEDG                            00000006
INTF                              00000001
IRP                               00000007
KESME                             00000030
MAIN                              00000041
MAKSIMUM                          00000021
MINIMUM                           00000023
NOT_A                             00000005
NOT_ADDRESS                       00000005
NOT_BO                            00000000
NOT_BOR                           00000000
NOT_DONE                          00000002
NOT_PD                            00000003
NOT_POR                           00000001
NOT_RBPU                          00000007
NOT_RC8                           00000006
NOT_T1SYNC                        00000002
NOT_TO                            00000004
NOT_TX8                           00000006
NOT_W                             00000002
NOT_WRITE                         00000002
OBF                               00000006
OERR                              00000001
OPTION_REG                        00000081
P                                 00000004
PCFG0                             00000000
PCFG1                             00000001
PCFG2                             00000002
PCFG3                             00000003
PCL                               00000002
PCLATH                            0000000A
PCON                              0000008E
PEIE                              00000006
PEN                               00000002
PIE1                              0000008C
PIE2                              0000008D
PIR1                              0000000C
PIR2                              0000000D
PORTA                             00000005
PORTB                             00000006
PORTC                             00000007
PORTD                             00000008
PORTE                             00000009
PR2                               00000092
PS0                               00000000
PS1                               00000001
PS2                               00000002
PSA                               00000003
PSPIE                             00000007
PSPIF                             00000007
PSPMODE                           00000004
MPASM  5.51                          TMR1.ASM   10-30-2018  13:44:31         PAGE  7


SYMBOL TABLE
  LABEL                             VALUE 

R                                 00000002
RA0                               00000000
RA1                               00000001
RA2                               00000002
RA3                               00000003
RA4                               00000004
RA5                               00000005
RB0                               00000000
RB1                               00000001
RB2                               00000002
RB3                               00000003
RB4                               00000004
RB5                               00000005
RB6                               00000006
RB7                               00000007
RBIE                              00000003
RBIF                              00000000
RC0                               00000000
RC1                               00000001
RC2                               00000002
RC3                               00000003
RC4                               00000004
RC5                               00000005
RC6                               00000006
RC7                               00000007
RC8_9                             00000006
RC9                               00000006
RCD8                              00000000
RCEN                              00000003
RCIE                              00000005
RCIF                              00000005
RCREG                             0000001A
RCSTA                             00000018
RD                                00000000
RD0                               00000000
RD1                               00000001
RD2                               00000002
RD3                               00000003
RD4                               00000004
RD5                               00000005
RD6                               00000006
RD7                               00000007
RE0                               00000000
RE1                               00000001
RE2                               00000002
READ_WRITE                        00000002
RP0                               00000005
RP1                               00000006
RSEN                              00000001
RX9                               00000006
RX9D                              00000000
R_NOT_W                           00000002
R_W                               00000002
MPASM  5.51                          TMR1.ASM   10-30-2018  13:44:31         PAGE  8


SYMBOL TABLE
  LABEL                             VALUE 

S                                 00000003
SAYAC                             00000020
SAYI1                             00000024
SAYI2                             00000025
SEN                               00000000
SMP                               00000007
SPBRG                             00000099
SPEN                              00000007
SREN                              00000005
SSPADD                            00000093
SSPBUF                            00000013
SSPCON                            00000014
SSPCON2                           00000091
SSPEN                             00000005
SSPIE                             00000003
SSPIF                             00000003
SSPM0                             00000000
SSPM1                             00000001
SSPM2                             00000002
SSPM3                             00000003
SSPOV                             00000006
SSPSTAT                           00000094
STATUS                            00000003
SYNC                              00000004
T0CS                              00000005
T0IE                              00000005
T0IF                              00000002
T0SE                              00000004
T1CKPS0                           00000004
T1CKPS1                           00000005
T1CON                             00000010
T1INSYNC                          00000002
T1OSCEN                           00000003
T1SYNC                            00000002
T2CKPS0                           00000000
T2CKPS1                           00000001
T2CON                             00000012
TMR0                              00000001
TMR0IE                            00000005
TMR0IF                            00000002
TMR1                              0000000E
TMR1CS                            00000001
TMR1H                             0000000F
TMR1IE                            00000000
TMR1IF                            00000000
TMR1L                             0000000E
TMR1ON                            00000000
TMR2                              00000011
TMR2IE                            00000001
TMR2IF                            00000001
TMR2ON                            00000002
TOUTPS0                           00000003
TOUTPS1                           00000004
MPASM  5.51                          TMR1.ASM   10-30-2018  13:44:31         PAGE  9


SYMBOL TABLE
  LABEL                             VALUE 

TOUTPS2                           00000005
TOUTPS3                           00000006
TRISA                             00000085
TRISA0                            00000000
TRISA1                            00000001
TRISA2                            00000002
TRISA3                            00000003
TRISA4                            00000004
TRISA5                            00000005
TRISB                             00000086
TRISB0                            00000000
TRISB1                            00000001
TRISB2                            00000002
TRISB3                            00000003
TRISB4                            00000004
TRISB5                            00000005
TRISB6                            00000006
TRISB7                            00000007
TRISC                             00000087
TRISC0                            00000000
TRISC1                            00000001
TRISC2                            00000002
TRISC3                            00000003
TRISC4                            00000004
TRISC5                            00000005
TRISC6                            00000006
TRISC7                            00000007
TRISD                             00000088
TRISD0                            00000000
TRISD1                            00000001
TRISD2                            00000002
TRISD3                            00000003
TRISD4                            00000004
TRISD5                            00000005
TRISD6                            00000006
TRISD7                            00000007
TRISE                             00000089
TRISE0                            00000000
TRISE1                            00000001
TRISE2                            00000002
TRMT                              00000001
TX8_9                             00000006
TX9                               00000006
TX9D                              00000000
TXD8                              00000000
TXEN                              00000005
TXIE                              00000004
TXIF                              00000004
TXREG                             00000019
TXSTA                             00000098
UA                                00000001
UYAR                              0000001E
W                                 00000000
MPASM  5.51                          TMR1.ASM   10-30-2018  13:44:31         PAGE 10


SYMBOL TABLE
  LABEL                             VALUE 

WCOL                              00000007
WR                                00000001
WREN                              00000002
WRERR                             00000003
Z                                 00000002
_BODEN_OFF                        00003FBF
_BODEN_ON                         00003FFF
_BOREN_OFF                        00003FBF
_BOREN_ON                         00003FFF
_CONFIG                           00002007
_CPD_OFF                          00003FFF
_CPD_ON                           00003EFF
_CP_ALL                           00001FFF
_CP_OFF                           00003FFF
_CP_ON                            00001FFF
_DEBUG_OFF                        00003FFF
_DEBUG_ON                         000037FF
_DEVID1                           00002006
_FOSC_EXTRC                       00003FFF
_FOSC_HS                          00003FFE
_FOSC_LP                          00003FFC
_FOSC_XT                          00003FFD
_HS_OSC                           00003FFE
_IDLOC0                           00002000
_IDLOC1                           00002001
_IDLOC2                           00002002
_IDLOC3                           00002003
_LP_OSC                           00003FFC
_LVP_OFF                          00003F7F
_LVP_ON                           00003FFF
_PWRTE_OFF                        00003FFF
_PWRTE_ON                         00003FF7
_RC_OSC                           00003FFF
_WDTE_OFF                         00003FFB
_WDTE_ON                          00003FFF
_WDT_OFF                          00003FFB
_WDT_ON                           00003FFF
_WRT_1FOURTH                      00003BFF
_WRT_256                          00003DFF
_WRT_HALF                         000039FF
_WRT_OFF                          00003FFF
_XT_OSC                           00003FFD
__16F877A                         00000001
__DEBUG                           1
MPASM  5.51                          TMR1.ASM   10-30-2018  13:44:31         PAGE 11


MEMORY USAGE MAP ('X' = Used,  '-' = Unused)


0000 : X---XXXXXXXXXXXX XXXXXXXXXXXXXXXX XXXXXXXXXXXXXXXX XXXXXXXXXXXXXXXX
0040 : XXXXXXXXXXXXXXXX XXXXXXXXXXXXXXXX XXXXXXXXXXXX---- ----------------
2000 : -------X-------- ---------------- ---------------- ----------------

All other memory blocks unused.

Program Memory Words Used:   105
Program Memory Words Free:  8087


Errors   :     0
Warnings :     1 reported,     0 suppressed
Messages :     8 reported,     0 suppressed

