MPASM  5.51           MADEIN_TAHTALI_REIS.ASM   12-3-2018  14:45:53         PAGE  1


LOC  OBJECT CODE     LINE SOURCE TEXT
  VALUE

                      00001 #INCLUDE <P16F877A.INC>
                      00001         LIST
                      00002 
                      00003 ;==========================================================================
                      00004 ;  MPASM PIC16F877A processor include
                      00005 ; 
                      00006 ;  (c) Copyright 1999-2013 Microchip Technology, All rights reserved
                      00007 ;==========================================================================
                      00008 
                      00566         LIST
Warning[205]: Found directive in column 1. (__CONFIG)
2007   3F31           00002 __CONFIG H'3F31'
  00000020            00003 SAYAC EQU 0X20
  00000021            00004 SAYAC0 EQU 0X21
  00000022            00005 SAYAC1 EQU 0X22
  00000023            00006 SAYI_BIRLER EQU 0X23
  00000024            00007 SAYI_ONLAR EQU 0X24
  00000025            00008 SAYI_YUZLER EQU 0X25
  00000026            00009 LCD_DATA EQU 0X26
0000                  00010         ORG 0X00
0000   2842           00011         GOTO MAIN
0004                  00012         ORG 0X04
0004                  00013 KESME
0004   1283 1303      00014         BANKSEL PIR1
0006   100C           00015         BCF PIR1,TMR1IF
0007   1283 1303      00016         BANKSEL TMR1L
0009   303C           00017         MOVLW H'3C'
000A   008F           00018         MOVWF TMR1H
000B   30B0           00019         MOVLW H'B0'
000C   008E           00020         MOVWF TMR1L
000D   0BA0           00021         DECFSZ SAYAC,F
000E   0009           00022         RETFIE
000F   3014           00023         MOVLW D'20'
0010   00A0           00024         MOVWF SAYAC
0011   2812           00025         GOTO ARTIR
0012                  00026 ARTIR
0012   3080           00027         MOVLW H'80'
0013   2067           00028         CALL KOMUT_YAZ
0014   0825           00029         MOVFW SAYI_YUZLER
0015   2024           00030         CALL LOOKUP
0016   2076           00031         CALL VERI_YAZ
0017   3081           00032         MOVLW H'81'
0018   2067           00033         CALL KOMUT_YAZ
0019   0824           00034         MOVFW SAYI_ONLAR
001A   2024           00035         CALL LOOKUP
001B   2076           00036         CALL VERI_YAZ
001C   3082           00037         MOVLW H'82'
001D   2067           00038         CALL KOMUT_YAZ
001E   0823           00039         MOVFW SAYI_BIRLER
001F   2024           00040         CALL LOOKUP
0020   2076           00041         CALL VERI_YAZ
Message[305]: Using default destination of 1 (file).
0021   0AA3           00042         INCF SAYI_BIRLER
MPASM  5.51           MADEIN_TAHTALI_REIS.ASM   12-3-2018  14:45:53         PAGE  2


LOC  OBJECT CODE     LINE SOURCE TEXT
  VALUE

0022   2030           00043         CALL KONTROL_BIRLER
0023   0009           00044         RETFIE
0024                  00045 LOOKUP
0024   0782           00046         ADDWF PCL,F
0025   3430           00047         RETLW '0'
0026   3431           00048         RETLW '1'
0027   3432           00049         RETLW '2'
0028   3433           00050         RETLW '3'
0029   3434           00051         RETLW '4'
002A   3435           00052         RETLW '5'
002B   3436           00053         RETLW '6'
002C   3437           00054         RETLW '7'
002D   3438           00055         RETLW '8'
002E   3439           00056         RETLW '9'
002F   0009           00057         RETFIE  
0030                  00058 KONTROL_BIRLER
0030   0823           00059         MOVFW SAYI_BIRLER
0031   3C0A           00060         SUBLW D'10'
0032   1D03           00061         BTFSS STATUS,Z
0033   0008           00062         RETURN
0034   01A3           00063         CLRF SAYI_BIRLER
Message[305]: Using default destination of 1 (file).
0035   0AA4           00064         INCF SAYI_ONLAR
0036                  00065 KONTROL_ONLAR
0036   0824           00066         MOVFW SAYI_ONLAR
0037   3C0A           00067         SUBLW D'10'
0038   1D03           00068         BTFSS STATUS,Z
0039   0008           00069         RETURN
003A   01A4           00070         CLRF SAYI_ONLAR
Message[305]: Using default destination of 1 (file).
003B   0AA5           00071         INCF SAYI_YUZLER
003C                  00072 KONTROL_YUZLER
003C   0825           00073         MOVFW SAYI_YUZLER
003D   3C02           00074         SUBLW D'2'
003E   1D03           00075         BTFSS STATUS,Z
003F   0008           00076         RETURN
0040   01A5           00077         CLRF SAYI_YUZLER
0041   0008           00078         RETURN  
                      00079         
                      00080         
0042                  00081 MAIN
0042   1683 1303      00082         BANKSEL TRISB
Message[302]: Register in operand not in bank 0.  Ensure that bank bits are correct.
0044   0186           00083         CLRF TRISB
0045   1283 1303      00084         BANKSEL PORTB
0047   0186           00085         CLRF PORTB
0048   1283 1303      00086         BANKSEL INTCON
004A   178B           00087         BSF INTCON,GIE
004B   170B           00088         BSF INTCON,PEIE
004C   1683 1303      00089         BANKSEL PIE1
Message[302]: Register in operand not in bank 0.  Ensure that bank bits are correct.
004E   140C           00090         BSF PIE1,TMR1IE
004F   1283 1303      00091         BANKSEL PIR1
MPASM  5.51           MADEIN_TAHTALI_REIS.ASM   12-3-2018  14:45:53         PAGE  3


LOC  OBJECT CODE     LINE SOURCE TEXT
  VALUE

0051   100C           00092         BCF PIR1,TMR1IF
0052   1283 1303      00093         BANKSEL TMR1H
0054   303C           00094         MOVLW H'3C'
0055   008F           00095         MOVWF TMR1H
0056   30B0           00096         MOVLW H'B0'
0057   008E           00097         MOVWF TMR1L
0058   1283 1303      00098         BANKSEL T1CON
005A   3001           00099         MOVLW B'00000001'
005B   0090           00100         MOVWF T1CON
005C   3014           00101         MOVLW D'20'
005D   00A0           00102         MOVWF SAYAC
005E   2060           00103         CALL KOMUT
005F                  00104 DONGU
005F   285F           00105         GOTO DONGU
0060                  00106 KOMUT
0060   3002           00107         MOVLW H'02'
0061   2067           00108         CALL KOMUT_YAZ
0062   302C           00109         MOVLW H'2C'
0063   2067           00110         CALL KOMUT_YAZ
0064   300C           00111         MOVLW H'0C'
0065   2067           00112         CALL KOMUT_YAZ
0066   0008           00113         RETURN
0067                  00114 KOMUT_YAZ
0067   00A6           00115         MOVWF LCD_DATA
0068   0E26           00116         SWAPF LCD_DATA,W
0069   206D           00117         CALL KOMUT_GONDER
006A   0826           00118         MOVFW LCD_DATA
006B   206D           00119         CALL KOMUT_GONDER
006C   0008           00120         RETURN
006D                  00121 KOMUT_GONDER
006D   390F           00122         ANDLW D'15'
006E   1283 1303      00123         BANKSEL PORTB
0070   0086           00124         MOVWF PORTB
0071   1206           00125         BCF PORTB,4
0072   1686           00126         BSF PORTB,5
0073   2085           00127         CALL GECIKME
0074   1286           00128         BCF PORTB,5
0075   0008           00129         RETURN
                      00130 
0076                  00131 VERI_YAZ
0076   00A6           00132         MOVWF LCD_DATA
0077   0E26           00133         SWAPF LCD_DATA,W
0078   207C           00134         CALL VERI_GONDER
0079   0826           00135         MOVFW LCD_DATA
007A   207C           00136         CALL VERI_GONDER
007B   0008           00137         RETURN
007C                  00138 VERI_GONDER
007C   390F           00139         ANDLW D'15'
007D   1283 1303      00140         BANKSEL PORTB
007F   0086           00141         MOVWF PORTB
0080   1606           00142         BSF PORTB,4
0081   1686           00143         BSF PORTB,5
0082   2085           00144         CALL GECIKME
MPASM  5.51           MADEIN_TAHTALI_REIS.ASM   12-3-2018  14:45:53         PAGE  4


LOC  OBJECT CODE     LINE SOURCE TEXT
  VALUE

0083   1286           00145         BCF PORTB,5
0084   0008           00146         RETURN
0085                  00147 GECIKME
0085   3001           00148         MOVLW D'1'
0086   00A1           00149         MOVWF SAYAC0
0087                  00150 GECIKME1
0087   3001           00151         MOVLW D'1'
0088   00A2           00152         MOVWF SAYAC1
0089                  00153 GECIKTIR
0089   0BA2           00154         DECFSZ SAYAC1,F
008A   2889           00155         GOTO GECIKTIR
008B   0BA1           00156         DECFSZ SAYAC0,F
008C   2887           00157         GOTO GECIKME1
008D   0008           00158         RETURN  
                      00159 
                      00160         END
MPASM  5.51           MADEIN_TAHTALI_REIS.ASM   12-3-2018  14:45:53         PAGE  5


SYMBOL TABLE
  LABEL                             VALUE 

ACKDT                             00000005
ACKEN                             00000004
ACKSTAT                           00000006
ADCON0                            0000001F
ADCON1                            0000009F
ADCS0                             00000006
ADCS1                             00000007
ADCS2                             00000006
ADDEN                             00000003
ADFM                              00000007
ADIE                              00000006
ADIF                              00000006
ADON                              00000000
ADRESH                            0000001E
ADRESL                            0000009E
ARTIR                             00000012
BCLIE                             00000003
BCLIF                             00000003
BF                                00000000
BRGH                              00000002
C                                 00000000
C1INV                             00000004
C1OUT                             00000006
C2INV                             00000005
C2OUT                             00000007
CCP1CON                           00000017
CCP1IE                            00000002
CCP1IF                            00000002
CCP1M0                            00000000
CCP1M1                            00000001
CCP1M2                            00000002
CCP1M3                            00000003
CCP1X                             00000005
CCP1Y                             00000004
CCP2CON                           0000001D
CCP2IE                            00000000
CCP2IF                            00000000
CCP2M0                            00000000
CCP2M1                            00000001
CCP2M2                            00000002
CCP2M3                            00000003
CCP2X                             00000005
CCP2Y                             00000004
CCPR1                             00000015
CCPR1H                            00000016
CCPR1L                            00000015
CCPR2                             0000001B
CCPR2H                            0000001C
CCPR2L                            0000001B
CHS0                              00000003
CHS1                              00000004
CHS2                              00000005
CIS                               00000003
MPASM  5.51           MADEIN_TAHTALI_REIS.ASM   12-3-2018  14:45:53         PAGE  6


SYMBOL TABLE
  LABEL                             VALUE 

CKE                               00000006
CKP                               00000004
CM0                               00000000
CM1                               00000001
CM2                               00000002
CMCON                             0000009C
CMIE                              00000006
CMIF                              00000006
CREN                              00000004
CSRC                              00000007
CVR0                              00000000
CVR1                              00000001
CVR2                              00000002
CVR3                              00000003
CVRCON                            0000009D
CVREN                             00000007
CVROE                             00000006
CVRR                              00000005
D                                 00000005
DATA_ADDRESS                      00000005
DC                                00000001
DONGU                             0000005F
D_A                               00000005
D_NOT_A                           00000005
EEADR                             0000010D
EEADRH                            0000010F
EECON1                            0000018C
EECON2                            0000018D
EEDATA                            0000010C
EEDATH                            0000010E
EEIE                              00000004
EEIF                              00000004
EEPGD                             00000007
F                                 00000001
FERR                              00000002
FSR                               00000004
GCEN                              00000007
GECIKME                           00000085
GECIKME1                          00000087
GECIKTIR                          00000089
GIE                               00000007
GO                                00000002
GO_DONE                           00000002
GO_NOT_DONE                       00000002
I2C_DATA                          00000005
I2C_READ                          00000002
I2C_START                         00000003
I2C_STOP                          00000004
IBF                               00000007
IBOV                              00000005
INDF                              00000000
INTCON                            0000000B
INTE                              00000004
MPASM  5.51           MADEIN_TAHTALI_REIS.ASM   12-3-2018  14:45:53         PAGE  7


SYMBOL TABLE
  LABEL                             VALUE 

INTEDG                            00000006
INTF                              00000001
IRP                               00000007
KESME                             00000004
KOMUT                             00000060
KOMUT_GONDER                      0000006D
KOMUT_YAZ                         00000067
KONTROL_BIRLER                    00000030
KONTROL_ONLAR                     00000036
KONTROL_YUZLER                    0000003C
LCD_DATA                          00000026
LOOKUP                            00000024
MAIN                              00000042
NOT_A                             00000005
NOT_ADDRESS                       00000005
NOT_BO                            00000000
NOT_BOR                           00000000
NOT_DONE                          00000002
NOT_PD                            00000003
NOT_POR                           00000001
NOT_RBPU                          00000007
NOT_RC8                           00000006
NOT_T1SYNC                        00000002
NOT_TO                            00000004
NOT_TX8                           00000006
NOT_W                             00000002
NOT_WRITE                         00000002
OBF                               00000006
OERR                              00000001
OPTION_REG                        00000081
P                                 00000004
PCFG0                             00000000
PCFG1                             00000001
PCFG2                             00000002
PCFG3                             00000003
PCL                               00000002
PCLATH                            0000000A
PCON                              0000008E
PEIE                              00000006
PEN                               00000002
PIE1                              0000008C
PIE2                              0000008D
PIR1                              0000000C
PIR2                              0000000D
PORTA                             00000005
PORTB                             00000006
PORTC                             00000007
PORTD                             00000008
PORTE                             00000009
PR2                               00000092
PS0                               00000000
PS1                               00000001
PS2                               00000002
MPASM  5.51           MADEIN_TAHTALI_REIS.ASM   12-3-2018  14:45:53         PAGE  8


SYMBOL TABLE
  LABEL                             VALUE 

PSA                               00000003
PSPIE                             00000007
PSPIF                             00000007
PSPMODE                           00000004
R                                 00000002
RA0                               00000000
RA1                               00000001
RA2                               00000002
RA3                               00000003
RA4                               00000004
RA5                               00000005
RB0                               00000000
RB1                               00000001
RB2                               00000002
RB3                               00000003
RB4                               00000004
RB5                               00000005
RB6                               00000006
RB7                               00000007
RBIE                              00000003
RBIF                              00000000
RC0                               00000000
RC1                               00000001
RC2                               00000002
RC3                               00000003
RC4                               00000004
RC5                               00000005
RC6                               00000006
RC7                               00000007
RC8_9                             00000006
RC9                               00000006
RCD8                              00000000
RCEN                              00000003
RCIE                              00000005
RCIF                              00000005
RCREG                             0000001A
RCSTA                             00000018
RD                                00000000
RD0                               00000000
RD1                               00000001
RD2                               00000002
RD3                               00000003
RD4                               00000004
RD5                               00000005
RD6                               00000006
RD7                               00000007
RE0                               00000000
RE1                               00000001
RE2                               00000002
READ_WRITE                        00000002
RP0                               00000005
RP1                               00000006
RSEN                              00000001
MPASM  5.51           MADEIN_TAHTALI_REIS.ASM   12-3-2018  14:45:53         PAGE  9


SYMBOL TABLE
  LABEL                             VALUE 

RX9                               00000006
RX9D                              00000000
R_NOT_W                           00000002
R_W                               00000002
S                                 00000003
SAYAC                             00000020
SAYAC0                            00000021
SAYAC1                            00000022
SAYI_BIRLER                       00000023
SAYI_ONLAR                        00000024
SAYI_YUZLER                       00000025
SEN                               00000000
SMP                               00000007
SPBRG                             00000099
SPEN                              00000007
SREN                              00000005
SSPADD                            00000093
SSPBUF                            00000013
SSPCON                            00000014
SSPCON2                           00000091
SSPEN                             00000005
SSPIE                             00000003
SSPIF                             00000003
SSPM0                             00000000
SSPM1                             00000001
SSPM2                             00000002
SSPM3                             00000003
SSPOV                             00000006
SSPSTAT                           00000094
STATUS                            00000003
SYNC                              00000004
T0CS                              00000005
T0IE                              00000005
T0IF                              00000002
T0SE                              00000004
T1CKPS0                           00000004
T1CKPS1                           00000005
T1CON                             00000010
T1INSYNC                          00000002
T1OSCEN                           00000003
T1SYNC                            00000002
T2CKPS0                           00000000
T2CKPS1                           00000001
T2CON                             00000012
TMR0                              00000001
TMR0IE                            00000005
TMR0IF                            00000002
TMR1                              0000000E
TMR1CS                            00000001
TMR1H                             0000000F
TMR1IE                            00000000
TMR1IF                            00000000
TMR1L                             0000000E
MPASM  5.51           MADEIN_TAHTALI_REIS.ASM   12-3-2018  14:45:53         PAGE 10


SYMBOL TABLE
  LABEL                             VALUE 

TMR1ON                            00000000
TMR2                              00000011
TMR2IE                            00000001
TMR2IF                            00000001
TMR2ON                            00000002
TOUTPS0                           00000003
TOUTPS1                           00000004
TOUTPS2                           00000005
TOUTPS3                           00000006
TRISA                             00000085
TRISA0                            00000000
TRISA1                            00000001
TRISA2                            00000002
TRISA3                            00000003
TRISA4                            00000004
TRISA5                            00000005
TRISB                             00000086
TRISB0                            00000000
TRISB1                            00000001
TRISB2                            00000002
TRISB3                            00000003
TRISB4                            00000004
TRISB5                            00000005
TRISB6                            00000006
TRISB7                            00000007
TRISC                             00000087
TRISC0                            00000000
TRISC1                            00000001
TRISC2                            00000002
TRISC3                            00000003
TRISC4                            00000004
TRISC5                            00000005
TRISC6                            00000006
TRISC7                            00000007
TRISD                             00000088
TRISD0                            00000000
TRISD1                            00000001
TRISD2                            00000002
TRISD3                            00000003
TRISD4                            00000004
TRISD5                            00000005
TRISD6                            00000006
TRISD7                            00000007
TRISE                             00000089
TRISE0                            00000000
TRISE1                            00000001
TRISE2                            00000002
TRMT                              00000001
TX8_9                             00000006
TX9                               00000006
TX9D                              00000000
TXD8                              00000000
TXEN                              00000005
MPASM  5.51           MADEIN_TAHTALI_REIS.ASM   12-3-2018  14:45:53         PAGE 11


SYMBOL TABLE
  LABEL                             VALUE 

TXIE                              00000004
TXIF                              00000004
TXREG                             00000019
TXSTA                             00000098
UA                                00000001
VERI_GONDER                       0000007C
VERI_YAZ                          00000076
W                                 00000000
WCOL                              00000007
WR                                00000001
WREN                              00000002
WRERR                             00000003
Z                                 00000002
_BODEN_OFF                        00003FBF
_BODEN_ON                         00003FFF
_BOREN_OFF                        00003FBF
_BOREN_ON                         00003FFF
_CONFIG                           00002007
_CPD_OFF                          00003FFF
_CPD_ON                           00003EFF
_CP_ALL                           00001FFF
_CP_OFF                           00003FFF
_CP_ON                            00001FFF
_DEBUG_OFF                        00003FFF
_DEBUG_ON                         000037FF
_DEVID1                           00002006
_FOSC_EXTRC                       00003FFF
_FOSC_HS                          00003FFE
_FOSC_LP                          00003FFC
_FOSC_XT                          00003FFD
_HS_OSC                           00003FFE
_IDLOC0                           00002000
_IDLOC1                           00002001
_IDLOC2                           00002002
_IDLOC3                           00002003
_LP_OSC                           00003FFC
_LVP_OFF                          00003F7F
_LVP_ON                           00003FFF
_PWRTE_OFF                        00003FFF
_PWRTE_ON                         00003FF7
_RC_OSC                           00003FFF
_WDTE_OFF                         00003FFB
_WDTE_ON                          00003FFF
_WDT_OFF                          00003FFB
_WDT_ON                           00003FFF
_WRT_1FOURTH                      00003BFF
_WRT_256                          00003DFF
_WRT_HALF                         000039FF
_WRT_OFF                          00003FFF
_XT_OSC                           00003FFD
__16F877A                         00000001
__DEBUG                           1
MPASM  5.51           MADEIN_TAHTALI_REIS.ASM   12-3-2018  14:45:53         PAGE 12


MEMORY USAGE MAP ('X' = Used,  '-' = Unused)


0000 : X---XXXXXXXXXXXX XXXXXXXXXXXXXXXX XXXXXXXXXXXXXXXX XXXXXXXXXXXXXXXX
0040 : XXXXXXXXXXXXXXXX XXXXXXXXXXXXXXXX XXXXXXXXXXXXXXXX XXXXXXXXXXXXXXXX
0080 : XXXXXXXXXXXXXX-- ---------------- ---------------- ----------------
2000 : -------X-------- ---------------- ---------------- ----------------

All other memory blocks unused.

Program Memory Words Used:   139
Program Memory Words Free:  8053


Errors   :     0
Warnings :     1 reported,     0 suppressed
Messages :     5 reported,     0 suppressed

