MPASM  5.51                   BIRINCIODEV.ASM   10-23-2018  14:30:27         PAGE  1


LOC  OBJECT CODE     LINE SOURCE TEXT
  VALUE

                      00001 
                      00002 #INCLUDE <P16F877A.INC>
                      00001         LIST
                      00002 
                      00003 ;==========================================================================
                      00004 ;  MPASM PIC16F877A processor include
                      00005 ; 
                      00006 ;  (c) Copyright 1999-2013 Microchip Technology, All rights reserved
                      00007 ;==========================================================================
                      00008 
                      00566         LIST
Warning[205]: Found directive in column 1. (__CONFIG)
2007   3F31           00003 __CONFIG H'3F31'
  00000024            00004 SAYI1 EQU 0X24
  00000025            00005 SAYI2 EQU 0X25
  00000026            00006 SAYAC EQU 0X26
  00000027            00007 SONUCL EQU 0X27
  00000028            00008 SONUCH EQU 0X28
  00000029            00009 SYC0 EQU 0X29
  00000030            00010 SYC1 EQU 0X30
0000                  00011         ORG 0X00
0000   2801           00012         GOTO MAIN
0001                  00013 MAIN
0001   1683 1303      00014         BANKSEL ADCON1
0003   3006           00015         MOVLW D'6'
Message[302]: Register in operand not in bank 0.  Ensure that bank bits are correct.
0004   009F           00016         MOVWF ADCON1
                      00017         
0005   1683 1303      00018         BANKSEL TRISB
Message[302]: Register in operand not in bank 0.  Ensure that bank bits are correct.
0007   0186           00019         CLRF TRISB
Message[302]: Register in operand not in bank 0.  Ensure that bank bits are correct.
0008   1405           00020         BSF TRISA,0
0009   1283 1303      00021         BANKSEL PORTB
000B   0186           00022         CLRF PORTB
000C   0185           00023         CLRF PORTA ;s
                      00024         
000D   30C8           00025         MOVLW D'200'
000E   00A4           00026         MOVWF SAYI1
000F   3003           00027         MOVLW D'3'
0010   00A5           00028         MOVWF SAYI2
0011   0103           00029         CLRW
0012   01A6           00030         CLRF SAYAC
0013                  00031 ISLEM
0013   0724           00032         ADDWF SAYI1,W
0014   1C03           00033         BTFSS STATUS,C
0015   2818           00034         GOTO AZALT
0016   0AA6           00035         INCF SAYAC,F
0017   2818           00036         GOTO AZALT
0018                  00037 AZALT
0018   0BA5           00038         DECFSZ SAYI2,F
0019   2813           00039         GOTO ISLEM
001A   281B           00040         GOTO ATAMA
MPASM  5.51                   BIRINCIODEV.ASM   10-23-2018  14:30:27         PAGE  2


LOC  OBJECT CODE     LINE SOURCE TEXT
  VALUE

001B                  00041 ATAMA
001B   00A7           00042         MOVWF SONUCL
001C   0826           00043         MOVFW SAYAC
001D   00A8           00044         MOVWF SONUCH
001E   01A6           00045         CLRF SAYAC
001F                  00046 BUTTON
001F   1C05           00047         BTFSS PORTA,0
0020   281F           00048         GOTO BUTTON
0021   2822           00049         GOTO ILKSEKIZ
                      00050 
0022                  00051 ILKSEKIZ
                      00052         
0022   0827           00053         MOVFW SONUCL
0023   0086           00054         MOVWF PORTB
0024   202E           00055         CALL GECIKME
0025   1C05           00056         BTFSS PORTA,0
0026   2822           00057         GOTO ILKSEKIZ
0027   2828           00058         GOTO SONSEKIZ
0028                  00059 SONSEKIZ
                      00060         
0028   0828           00061         MOVFW SONUCH
0029   0086           00062         MOVWF PORTB
002A   202E           00063         CALL GECIKME
002B   1C05           00064         BTFSS PORTA,0
002C   2828           00065         GOTO SONSEKIZ
002D   2822           00066         GOTO ILKSEKIZ
002E                  00067 GECIKME
002E   30FF           00068         MOVLW 0XFF
002F   00A9           00069         MOVWF SYC0
0030                  00070 GECIKME0
0030   30FF           00071         MOVLW 0XFF
0031   00B0           00072         MOVWF SYC1
                      00073 
0032                  00074 GECIKME1
0032   0BB0           00075         DECFSZ SYC1,F
0033   2832           00076         GOTO GECIKME1
0034   0BA9           00077         DECFSZ SYC0,F
0035   2830           00078         GOTO GECIKME0
0036   0008           00079         RETURN
0037                  00080 SON
                      00081         END
MPASM  5.51                   BIRINCIODEV.ASM   10-23-2018  14:30:27         PAGE  3


SYMBOL TABLE
  LABEL                             VALUE 

ACKDT                             00000005
ACKEN                             00000004
ACKSTAT                           00000006
ADCON0                            0000001F
ADCON1                            0000009F
ADCS0                             00000006
ADCS1                             00000007
ADCS2                             00000006
ADDEN                             00000003
ADFM                              00000007
ADIE                              00000006
ADIF                              00000006
ADON                              00000000
ADRESH                            0000001E
ADRESL                            0000009E
ATAMA                             0000001B
AZALT                             00000018
BCLIE                             00000003
BCLIF                             00000003
BF                                00000000
BRGH                              00000002
BUTTON                            0000001F
C                                 00000000
C1INV                             00000004
C1OUT                             00000006
C2INV                             00000005
C2OUT                             00000007
CCP1CON                           00000017
CCP1IE                            00000002
CCP1IF                            00000002
CCP1M0                            00000000
CCP1M1                            00000001
CCP1M2                            00000002
CCP1M3                            00000003
CCP1X                             00000005
CCP1Y                             00000004
CCP2CON                           0000001D
CCP2IE                            00000000
CCP2IF                            00000000
CCP2M0                            00000000
CCP2M1                            00000001
CCP2M2                            00000002
CCP2M3                            00000003
CCP2X                             00000005
CCP2Y                             00000004
CCPR1                             00000015
CCPR1H                            00000016
CCPR1L                            00000015
CCPR2                             0000001B
CCPR2H                            0000001C
CCPR2L                            0000001B
CHS0                              00000003
CHS1                              00000004
MPASM  5.51                   BIRINCIODEV.ASM   10-23-2018  14:30:27         PAGE  4


SYMBOL TABLE
  LABEL                             VALUE 

CHS2                              00000005
CIS                               00000003
CKE                               00000006
CKP                               00000004
CM0                               00000000
CM1                               00000001
CM2                               00000002
CMCON                             0000009C
CMIE                              00000006
CMIF                              00000006
CREN                              00000004
CSRC                              00000007
CVR0                              00000000
CVR1                              00000001
CVR2                              00000002
CVR3                              00000003
CVRCON                            0000009D
CVREN                             00000007
CVROE                             00000006
CVRR                              00000005
D                                 00000005
DATA_ADDRESS                      00000005
DC                                00000001
D_A                               00000005
D_NOT_A                           00000005
EEADR                             0000010D
EEADRH                            0000010F
EECON1                            0000018C
EECON2                            0000018D
EEDATA                            0000010C
EEDATH                            0000010E
EEIE                              00000004
EEIF                              00000004
EEPGD                             00000007
F                                 00000001
FERR                              00000002
FSR                               00000004
GCEN                              00000007
GECIKME                           0000002E
GECIKME0                          00000030
GECIKME1                          00000032
GIE                               00000007
GO                                00000002
GO_DONE                           00000002
GO_NOT_DONE                       00000002
I2C_DATA                          00000005
I2C_READ                          00000002
I2C_START                         00000003
I2C_STOP                          00000004
IBF                               00000007
IBOV                              00000005
ILKSEKIZ                          00000022
INDF                              00000000
MPASM  5.51                   BIRINCIODEV.ASM   10-23-2018  14:30:27         PAGE  5


SYMBOL TABLE
  LABEL                             VALUE 

INTCON                            0000000B
INTE                              00000004
INTEDG                            00000006
INTF                              00000001
IRP                               00000007
ISLEM                             00000013
MAIN                              00000001
NOT_A                             00000005
NOT_ADDRESS                       00000005
NOT_BO                            00000000
NOT_BOR                           00000000
NOT_DONE                          00000002
NOT_PD                            00000003
NOT_POR                           00000001
NOT_RBPU                          00000007
NOT_RC8                           00000006
NOT_T1SYNC                        00000002
NOT_TO                            00000004
NOT_TX8                           00000006
NOT_W                             00000002
NOT_WRITE                         00000002
OBF                               00000006
OERR                              00000001
OPTION_REG                        00000081
P                                 00000004
PCFG0                             00000000
PCFG1                             00000001
PCFG2                             00000002
PCFG3                             00000003
PCL                               00000002
PCLATH                            0000000A
PCON                              0000008E
PEIE                              00000006
PEN                               00000002
PIE1                              0000008C
PIE2                              0000008D
PIR1                              0000000C
PIR2                              0000000D
PORTA                             00000005
PORTB                             00000006
PORTC                             00000007
PORTD                             00000008
PORTE                             00000009
PR2                               00000092
PS0                               00000000
PS1                               00000001
PS2                               00000002
PSA                               00000003
PSPIE                             00000007
PSPIF                             00000007
PSPMODE                           00000004
R                                 00000002
RA0                               00000000
MPASM  5.51                   BIRINCIODEV.ASM   10-23-2018  14:30:27         PAGE  6


SYMBOL TABLE
  LABEL                             VALUE 

RA1                               00000001
RA2                               00000002
RA3                               00000003
RA4                               00000004
RA5                               00000005
RB0                               00000000
RB1                               00000001
RB2                               00000002
RB3                               00000003
RB4                               00000004
RB5                               00000005
RB6                               00000006
RB7                               00000007
RBIE                              00000003
RBIF                              00000000
RC0                               00000000
RC1                               00000001
RC2                               00000002
RC3                               00000003
RC4                               00000004
RC5                               00000005
RC6                               00000006
RC7                               00000007
RC8_9                             00000006
RC9                               00000006
RCD8                              00000000
RCEN                              00000003
RCIE                              00000005
RCIF                              00000005
RCREG                             0000001A
RCSTA                             00000018
RD                                00000000
RD0                               00000000
RD1                               00000001
RD2                               00000002
RD3                               00000003
RD4                               00000004
RD5                               00000005
RD6                               00000006
RD7                               00000007
RE0                               00000000
RE1                               00000001
RE2                               00000002
READ_WRITE                        00000002
RP0                               00000005
RP1                               00000006
RSEN                              00000001
RX9                               00000006
RX9D                              00000000
R_NOT_W                           00000002
R_W                               00000002
S                                 00000003
SAYAC                             00000026
MPASM  5.51                   BIRINCIODEV.ASM   10-23-2018  14:30:27         PAGE  7


SYMBOL TABLE
  LABEL                             VALUE 

SAYI1                             00000024
SAYI2                             00000025
SEN                               00000000
SMP                               00000007
SON                               00000037
SONSEKIZ                          00000028
SONUCH                            00000028
SONUCL                            00000027
SPBRG                             00000099
SPEN                              00000007
SREN                              00000005
SSPADD                            00000093
SSPBUF                            00000013
SSPCON                            00000014
SSPCON2                           00000091
SSPEN                             00000005
SSPIE                             00000003
SSPIF                             00000003
SSPM0                             00000000
SSPM1                             00000001
SSPM2                             00000002
SSPM3                             00000003
SSPOV                             00000006
SSPSTAT                           00000094
STATUS                            00000003
SYC0                              00000029
SYC1                              00000030
SYNC                              00000004
T0CS                              00000005
T0IE                              00000005
T0IF                              00000002
T0SE                              00000004
T1CKPS0                           00000004
T1CKPS1                           00000005
T1CON                             00000010
T1INSYNC                          00000002
T1OSCEN                           00000003
T1SYNC                            00000002
T2CKPS0                           00000000
T2CKPS1                           00000001
T2CON                             00000012
TMR0                              00000001
TMR0IE                            00000005
TMR0IF                            00000002
TMR1                              0000000E
TMR1CS                            00000001
TMR1H                             0000000F
TMR1IE                            00000000
TMR1IF                            00000000
TMR1L                             0000000E
TMR1ON                            00000000
TMR2                              00000011
TMR2IE                            00000001
MPASM  5.51                   BIRINCIODEV.ASM   10-23-2018  14:30:27         PAGE  8


SYMBOL TABLE
  LABEL                             VALUE 

TMR2IF                            00000001
TMR2ON                            00000002
TOUTPS0                           00000003
TOUTPS1                           00000004
TOUTPS2                           00000005
TOUTPS3                           00000006
TRISA                             00000085
TRISA0                            00000000
TRISA1                            00000001
TRISA2                            00000002
TRISA3                            00000003
TRISA4                            00000004
TRISA5                            00000005
TRISB                             00000086
TRISB0                            00000000
TRISB1                            00000001
TRISB2                            00000002
TRISB3                            00000003
TRISB4                            00000004
TRISB5                            00000005
TRISB6                            00000006
TRISB7                            00000007
TRISC                             00000087
TRISC0                            00000000
TRISC1                            00000001
TRISC2                            00000002
TRISC3                            00000003
TRISC4                            00000004
TRISC5                            00000005
TRISC6                            00000006
TRISC7                            00000007
TRISD                             00000088
TRISD0                            00000000
TRISD1                            00000001
TRISD2                            00000002
TRISD3                            00000003
TRISD4                            00000004
TRISD5                            00000005
TRISD6                            00000006
TRISD7                            00000007
TRISE                             00000089
TRISE0                            00000000
TRISE1                            00000001
TRISE2                            00000002
TRMT                              00000001
TX8_9                             00000006
TX9                               00000006
TX9D                              00000000
TXD8                              00000000
TXEN                              00000005
TXIE                              00000004
TXIF                              00000004
TXREG                             00000019
MPASM  5.51                   BIRINCIODEV.ASM   10-23-2018  14:30:27         PAGE  9


SYMBOL TABLE
  LABEL                             VALUE 

TXSTA                             00000098
UA                                00000001
W                                 00000000
WCOL                              00000007
WR                                00000001
WREN                              00000002
WRERR                             00000003
Z                                 00000002
_BODEN_OFF                        00003FBF
_BODEN_ON                         00003FFF
_BOREN_OFF                        00003FBF
_BOREN_ON                         00003FFF
_CONFIG                           00002007
_CPD_OFF                          00003FFF
_CPD_ON                           00003EFF
_CP_ALL                           00001FFF
_CP_OFF                           00003FFF
_CP_ON                            00001FFF
_DEBUG_OFF                        00003FFF
_DEBUG_ON                         000037FF
_DEVID1                           00002006
_FOSC_EXTRC                       00003FFF
_FOSC_HS                          00003FFE
_FOSC_LP                          00003FFC
_FOSC_XT                          00003FFD
_HS_OSC                           00003FFE
_IDLOC0                           00002000
_IDLOC1                           00002001
_IDLOC2                           00002002
_IDLOC3                           00002003
_LP_OSC                           00003FFC
_LVP_OFF                          00003F7F
_LVP_ON                           00003FFF
_PWRTE_OFF                        00003FFF
_PWRTE_ON                         00003FF7
_RC_OSC                           00003FFF
_WDTE_OFF                         00003FFB
_WDTE_ON                          00003FFF
_WDT_OFF                          00003FFB
_WDT_ON                           00003FFF
_WRT_1FOURTH                      00003BFF
_WRT_256                          00003DFF
_WRT_HALF                         000039FF
_WRT_OFF                          00003FFF
_XT_OSC                           00003FFD
__16F877A                         00000001
__DEBUG                           1
MPASM  5.51                   BIRINCIODEV.ASM   10-23-2018  14:30:27         PAGE 10


MEMORY USAGE MAP ('X' = Used,  '-' = Unused)


0000 : XXXXXXXXXXXXXXXX XXXXXXXXXXXXXXXX XXXXXXXXXXXXXXXX XXXXXXX---------
2000 : -------X-------- ---------------- ---------------- ----------------

All other memory blocks unused.

Program Memory Words Used:    55
Program Memory Words Free:  8137


Errors   :     0
Warnings :     1 reported,     0 suppressed
Messages :     3 reported,     0 suppressed

