Warning[205] C:\USERS\NESRIN ULGAY\DESKTOP\MICRO\MICRO\TMR0\TMR0.ASM 1 : Found directive in column 1. (list)
Warning[205] C:\USERS\NESRIN ULGAY\DESKTOP\MICRO\MICRO\TMR0\TMR0.ASM 3 : Found directive in column 1. (__config)
Warning[205] C:\USERS\NESRIN ULGAY\DESKTOP\MICRO\MICRO\TMR0\TMR0.ASM 7 : Found directive in column 1. (ORG)
Warning[203] C:\USERS\NESRIN ULGAY\DESKTOP\MICRO\MICRO\TMR0\TMR0.ASM 8 : Found opcode in column 1. (GOTO)
Warning[205] C:\USERS\NESRIN ULGAY\DESKTOP\MICRO\MICRO\TMR0\TMR0.ASM 9 : Found directive in column 1. (ORG)
Warning[203] C:\USERS\NESRIN ULGAY\DESKTOP\MICRO\MICRO\TMR0\TMR0.ASM 11 : Found opcode in column 1. (BTFSS)
Warning[203] C:\USERS\NESRIN ULGAY\DESKTOP\MICRO\MICRO\TMR0\TMR0.ASM 12 : Found opcode in column 1. (GOTO)
Warning[203] C:\USERS\NESRIN ULGAY\DESKTOP\MICRO\MICRO\TMR0\TMR0.ASM 13 : Found opcode in column 1. (BTFSS)
Warning[203] C:\USERS\NESRIN ULGAY\DESKTOP\MICRO\MICRO\TMR0\TMR0.ASM 14 : Found opcode in column 1. (GOTO)
Warning[203] C:\USERS\NESRIN ULGAY\DESKTOP\MICRO\MICRO\TMR0\TMR0.ASM 15 : Found opcode in column 1. (BCF)
Warning[203] C:\USERS\NESRIN ULGAY\DESKTOP\MICRO\MICRO\TMR0\TMR0.ASM 16 : Found opcode in column 1. (MOVLW)
Warning[203] C:\USERS\NESRIN ULGAY\DESKTOP\MICRO\MICRO\TMR0\TMR0.ASM 17 : Found opcode in column 1. (MOVWF)
Warning[203] C:\USERS\NESRIN ULGAY\DESKTOP\MICRO\MICRO\TMR0\TMR0.ASM 18 : Found opcode in column 1. (INCF)
Warning[203] C:\USERS\NESRIN ULGAY\DESKTOP\MICRO\MICRO\TMR0\TMR0.ASM 19 : Found opcode in column 1. (INCF)
Warning[203] C:\USERS\NESRIN ULGAY\DESKTOP\MICRO\MICRO\TMR0\TMR0.ASM 20 : Found opcode in column 1. (MOVLW)
Warning[203] C:\USERS\NESRIN ULGAY\DESKTOP\MICRO\MICRO\TMR0\TMR0.ASM 21 : Found opcode in column 1. (SUBWF)
Warning[203] C:\USERS\NESRIN ULGAY\DESKTOP\MICRO\MICRO\TMR0\TMR0.ASM 22 : Found opcode in column 1. (BTFSS)
Warning[203] C:\USERS\NESRIN ULGAY\DESKTOP\MICRO\MICRO\TMR0\TMR0.ASM 23 : Found opcode in column 1. (GOTO)
Warning[203] C:\USERS\NESRIN ULGAY\DESKTOP\MICRO\MICRO\TMR0\TMR0.ASM 24 : Found opcode in column 1. (GOTO)
Warning[203] C:\USERS\NESRIN ULGAY\DESKTOP\MICRO\MICRO\TMR0\TMR0.ASM 26 : Found opcode in column 1. (MOVLW)
Warning[203] C:\USERS\NESRIN ULGAY\DESKTOP\MICRO\MICRO\TMR0\TMR0.ASM 27 : Found opcode in column 1. (SUBWF)
Warning[203] C:\USERS\NESRIN ULGAY\DESKTOP\MICRO\MICRO\TMR0\TMR0.ASM 28 : Found opcode in column 1. (BTFSS)
Warning[203] C:\USERS\NESRIN ULGAY\DESKTOP\MICRO\MICRO\TMR0\TMR0.ASM 29 : Found opcode in column 1. (GOTO)
Warning[203] C:\USERS\NESRIN ULGAY\DESKTOP\MICRO\MICRO\TMR0\TMR0.ASM 30 : Found opcode in column 1. (CLRF)
Warning[203] C:\USERS\NESRIN ULGAY\DESKTOP\MICRO\MICRO\TMR0\TMR0.ASM 31 : Found opcode in column 1. (BTFSS)
Warning[203] C:\USERS\NESRIN ULGAY\DESKTOP\MICRO\MICRO\TMR0\TMR0.ASM 32 : Found opcode in column 1. (GOTO)
Warning[203] C:\USERS\NESRIN ULGAY\DESKTOP\MICRO\MICRO\TMR0\TMR0.ASM 33 : Found opcode in column 1. (BCF)
Warning[203] C:\USERS\NESRIN ULGAY\DESKTOP\MICRO\MICRO\TMR0\TMR0.ASM 34 : Found opcode in column 1. (GOTO)
Warning[203] C:\USERS\NESRIN ULGAY\DESKTOP\MICRO\MICRO\TMR0\TMR0.ASM 36 : Found opcode in column 1. (INCF)
Warning[203] C:\USERS\NESRIN ULGAY\DESKTOP\MICRO\MICRO\TMR0\TMR0.ASM 37 : Found opcode in column 1. (CLRF)
Warning[203] C:\USERS\NESRIN ULGAY\DESKTOP\MICRO\MICRO\TMR0\TMR0.ASM 38 : Found opcode in column 1. (BTFSC)
Warning[203] C:\USERS\NESRIN ULGAY\DESKTOP\MICRO\MICRO\TMR0\TMR0.ASM 39 : Found opcode in column 1. (GOTO)
Warning[203] C:\USERS\NESRIN ULGAY\DESKTOP\MICRO\MICRO\TMR0\TMR0.ASM 40 : Found opcode in column 1. (BTFSS)
Warning[203] C:\USERS\NESRIN ULGAY\DESKTOP\MICRO\MICRO\TMR0\TMR0.ASM 41 : Found opcode in column 1. (GOTO)
Warning[203] C:\USERS\NESRIN ULGAY\DESKTOP\MICRO\MICRO\TMR0\TMR0.ASM 42 : Found opcode in column 1. (BCF)
Warning[203] C:\USERS\NESRIN ULGAY\DESKTOP\MICRO\MICRO\TMR0\TMR0.ASM 43 : Found opcode in column 1. (GOTO)
Warning[203] C:\USERS\NESRIN ULGAY\DESKTOP\MICRO\MICRO\TMR0\TMR0.ASM 45 : Found opcode in column 1. (CLRF)
Warning[203] C:\USERS\NESRIN ULGAY\DESKTOP\MICRO\MICRO\TMR0\TMR0.ASM 46 : Found opcode in column 1. (CLRF)
Warning[203] C:\USERS\NESRIN ULGAY\DESKTOP\MICRO\MICRO\TMR0\TMR0.ASM 47 : Found opcode in column 1. (BTFSS)
Warning[203] C:\USERS\NESRIN ULGAY\DESKTOP\MICRO\MICRO\TMR0\TMR0.ASM 48 : Found opcode in column 1. (GOTO)
Warning[203] C:\USERS\NESRIN ULGAY\DESKTOP\MICRO\MICRO\TMR0\TMR0.ASM 49 : Found opcode in column 1. (BCF)
Warning[203] C:\USERS\NESRIN ULGAY\DESKTOP\MICRO\MICRO\TMR0\TMR0.ASM 50 : Found opcode in column 1. (BTFSS)
Warning[203] C:\USERS\NESRIN ULGAY\DESKTOP\MICRO\MICRO\TMR0\TMR0.ASM 51 : Found opcode in column 1. (GOTO)
Warning[203] C:\USERS\NESRIN ULGAY\DESKTOP\MICRO\MICRO\TMR0\TMR0.ASM 52 : Found opcode in column 1. (BCF)
Warning[203] C:\USERS\NESRIN ULGAY\DESKTOP\MICRO\MICRO\TMR0\TMR0.ASM 54 : Found opcode in column 1. (RETFIE)
Warning[203] C:\USERS\NESRIN ULGAY\DESKTOP\MICRO\MICRO\TMR0\TMR0.ASM 56 : Found opcode in column 1. (BSF)
Warning[203] C:\USERS\NESRIN ULGAY\DESKTOP\MICRO\MICRO\TMR0\TMR0.ASM 57 : Found opcode in column 1. (GOTO)
Warning[203] C:\USERS\NESRIN ULGAY\DESKTOP\MICRO\MICRO\TMR0\TMR0.ASM 59 : Found opcode in column 1. (BSF)
Warning[203] C:\USERS\NESRIN ULGAY\DESKTOP\MICRO\MICRO\TMR0\TMR0.ASM 60 : Found opcode in column 1. (GOTO)
Warning[203] C:\USERS\NESRIN ULGAY\DESKTOP\MICRO\MICRO\TMR0\TMR0.ASM 62 : Found opcode in column 1. (BSF)
Warning[203] C:\USERS\NESRIN ULGAY\DESKTOP\MICRO\MICRO\TMR0\TMR0.ASM 63 : Found opcode in column 1. (CLRF)
Message[302] C:\USERS\NESRIN ULGAY\DESKTOP\MICRO\MICRO\TMR0\TMR0.ASM 63 : Register in operand not in bank 0.  Ensure that bank bits are correct.
Warning[203] C:\USERS\NESRIN ULGAY\DESKTOP\MICRO\MICRO\TMR0\TMR0.ASM 64 : Found opcode in column 1. (MOVLW)
Warning[203] C:\USERS\NESRIN ULGAY\DESKTOP\MICRO\MICRO\TMR0\TMR0.ASM 65 : Found opcode in column 1. (MOVWF)
Message[302] C:\USERS\NESRIN ULGAY\DESKTOP\MICRO\MICRO\TMR0\TMR0.ASM 65 : Register in operand not in bank 0.  Ensure that bank bits are correct.
Warning[203] C:\USERS\NESRIN ULGAY\DESKTOP\MICRO\MICRO\TMR0\TMR0.ASM 66 : Found opcode in column 1. (MOVLW)
Warning[203] C:\USERS\NESRIN ULGAY\DESKTOP\MICRO\MICRO\TMR0\TMR0.ASM 67 : Found opcode in column 1. (MOVWF)
Warning[203] C:\USERS\NESRIN ULGAY\DESKTOP\MICRO\MICRO\TMR0\TMR0.ASM 68 : Found opcode in column 1. (BCF)
Warning[203] C:\USERS\NESRIN ULGAY\DESKTOP\MICRO\MICRO\TMR0\TMR0.ASM 69 : Found opcode in column 1. (CLRF)
Warning[203] C:\USERS\NESRIN ULGAY\DESKTOP\MICRO\MICRO\TMR0\TMR0.ASM 70 : Found opcode in column 1. (MOVLW)
Warning[203] C:\USERS\NESRIN ULGAY\DESKTOP\MICRO\MICRO\TMR0\TMR0.ASM 71 : Found opcode in column 1. (MOVWF)
Warning[203] C:\USERS\NESRIN ULGAY\DESKTOP\MICRO\MICRO\TMR0\TMR0.ASM 72 : Found opcode in column 1. (CLRF)
Warning[203] C:\USERS\NESRIN ULGAY\DESKTOP\MICRO\MICRO\TMR0\TMR0.ASM 73 : Found opcode in column 1. (CLRF)
Warning[203] C:\USERS\NESRIN ULGAY\DESKTOP\MICRO\MICRO\TMR0\TMR0.ASM 74 : Found opcode in column 1. (CLRF)
Warning[203] C:\USERS\NESRIN ULGAY\DESKTOP\MICRO\MICRO\TMR0\TMR0.ASM 76 : Found opcode in column 1. (GOTO)
Warning[205] C:\USERS\NESRIN ULGAY\DESKTOP\MICRO\MICRO\TMR0\TMR0.ASM 77 : Found directive in column 1. (END)
