MPASM  5.50                          TMR0.ASM   11-27-2015  18:06:47         PAGE  1


LOC  OBJECT CODE     LINE SOURCE TEXT
  VALUE

Warning[205]: Found directive in column 1. (list)
                      00001 list p=16F877A;derleyici için bilgi verildi
                      00002 #include <P16F877A.inc>;;gerekli isim-adress eþleþmesi yapýldý
                      00001         LIST
                      00002 
                      00003 ;==========================================================================
                      00004 ;  MPASM PIC16F877A processor include
                      00005 ; 
                      00006 ;  (c) Copyright 1999-2013 Microchip Technology, All rights reserved
                      00007 ;==========================================================================
                      00008 
                      00566         LIST
Warning[205]: Found directive in column 1. (__config)
2007   3F31           00003 __config H'3F31'
  00000020            00004 SAYAC1 EQU 0X20;sayac1 deðiþkeni adresi tanmlandý
  00000022            00005 SAYAC2 EQU 0X22;sayac2 deðiþkeni adresi tanmlandý
  00000025            00006 SAYAC3 EQU 0X25;sayac3 deðiþkeni adresi tanmlandý
Warning[205]: Found directive in column 1. (ORG)
                      00007 ORG 0X00;reset vektör adresi
Warning[203]: Found opcode in column 1. (GOTO)
0000   2???           00008 GOTO ANA_PROGRAM ;ana programa git
Warning[205]: Found directive in column 1. (ORG)
                      00009 ORG 0X004; ;kesme vektör adresi
0004                  00010 KESME;--------------------------------------------------------------
Warning[203]: Found opcode in column 1. (BTFSS)
0004   1E8B           00011 BTFSS INTCON,5;tmr0 kesmesine izin verilmiþ mi bak
Warning[203]: Found opcode in column 1. (GOTO)
0005   2???           00012 GOTO KESME_BÝTÝR
Warning[203]: Found opcode in column 1. (BTFSS)
0006   1D0B           00013 BTFSS INTCON,2 ;tmr0 kesmesi bayraðý kalkmýþ mý bak
Warning[203]: Found opcode in column 1. (GOTO)
0007   2???           00014 GOTO KESME_BÝTÝR
Warning[203]: Found opcode in column 1. (BCF)
0008   110B           00015 BCF INTCON,2 ;tekrar kesme gelebilmesi için bayraðý indir
Warning[203]: Found opcode in column 1. (MOVLW)
0009   3006           00016 MOVLW D'6' ; 
Warning[203]: Found opcode in column 1. (MOVWF)
000A   0081           00017 MOVWF TMR0; tmr0'a 6 ön deðerini yükle
Warning[203]: Found opcode in column 1. (INCF)
000B   0AA0           00018 INCF SAYAC1,F ;sayac1'in deðerini artýr
Warning[203]: Found opcode in column 1. (INCF)
000C   0AA2           00019 INCF SAYAC2,F; sayac2'in deðerini artýr
Warning[203]: Found opcode in column 1. (MOVLW)
000D   307D           00020 MOVLW D'125' 
Warning[203]: Found opcode in column 1. (SUBWF)
000E   0220           00021 SUBWF SAYAC1,W ;sayac1 - working
Warning[203]: Found opcode in column 1. (BTFSS)
000F   1C03           00022 BTFSS STATUS,C ; sayac1-working>=0 ise c=1 olur
Warning[203]: Found opcode in column 1. (GOTO)
0010   2???           00023 GOTO KONTROL 
Warning[203]: Found opcode in column 1. (GOTO)
0011   2???           00024 GOTO LEDYAK1 ;c=1 ise 1.led yak
0012                  00025 KONTROL;------------------------------------------------------------
MPASM  5.50                          TMR0.ASM   11-27-2015  18:06:47         PAGE  2


LOC  OBJECT CODE     LINE SOURCE TEXT
  VALUE

Warning[203]: Found opcode in column 1. (MOVLW)
0012   30C8           00026 MOVLW D'200' 
Warning[203]: Found opcode in column 1. (SUBWF)
0013   0222           00027 SUBWF SAYAC2,W ;sayac2 - working
Warning[203]: Found opcode in column 1. (BTFSS)
0014   1C03           00028 BTFSS STATUS,C ;sayac2 - working>=0 ise c=1
Warning[203]: Found opcode in column 1. (GOTO)
0015   2???           00029 GOTO KESME_BÝTÝR
Warning[203]: Found opcode in column 1. (CLRF)
0016   01A2           00030 CLRF SAYAC2 ;sayac2 sýfýrla
Warning[203]: Found opcode in column 1. (BTFSS)
0017   1C88           00031 BTFSS PORTD,1 ;led2 yanýyor mu?
Warning[203]: Found opcode in column 1. (GOTO)
0018   2???           00032 GOTO YAK2 ;sönükse yak
Warning[203]: Found opcode in column 1. (BCF)
0019   1088           00033 BCF PORTD,1 ;yanýyorsa söndür
Warning[203]: Found opcode in column 1. (GOTO)
001A   2???           00034 GOTO KESME_BÝTÝR
001B                  00035 LEDYAK1;------------------------------------------------------------
Warning[203]: Found opcode in column 1. (INCF)
001B   0AA5           00036 INCF SAYAC3,F ;kesiþim kontrolü için sayaç
Warning[203]: Found opcode in column 1. (CLRF)
001C   01A0           00037 CLRF SAYAC1 ;sayac1 i sýfýrla
Warning[203]: Found opcode in column 1. (BTFSC)
001D   19A5           00038 BTFSC SAYAC3,3 ;sayac3 8 mi
Warning[203]: Found opcode in column 1. (GOTO)
001E   2???           00039 GOTO KESÝSÝM;sayac3 8 oldu ise git kesisim'e
Warning[203]: Found opcode in column 1. (BTFSS)
001F   1C08           00040 BTFSS PORTD,0 ; led1 yanýyormu
Warning[203]: Found opcode in column 1. (GOTO)
0020   2???           00041 GOTO YAK1 ;sönükse yak
Warning[203]: Found opcode in column 1. (BCF)
0021   1008           00042 BCF PORTD,0 ;yanýksa söndür
Warning[203]: Found opcode in column 1. (GOTO)
0022   2???           00043 GOTO KESME_BÝTÝR
0023                  00044 KESÝSÝM;----------------------------------------------------------------
Warning[203]: Found opcode in column 1. (CLRF)
0023   01A2           00045 CLRF SAYAC2 ;sayac2 sýfýrla
Warning[203]: Found opcode in column 1. (CLRF)
0024   01A5           00046 CLRF SAYAC3  ;sayac1 sýfýrla
Warning[203]: Found opcode in column 1. (BTFSS)
0025   1C08           00047 BTFSS PORTD,0 ;led1 yanýyormu?
Warning[203]: Found opcode in column 1. (GOTO)
0026   2???           00048 GOTO YAK1 ;yanmýyorsa yak
Warning[203]: Found opcode in column 1. (BCF)
0027   1008           00049 BCF PORTD,0 ;yanýyorsa söndür
Warning[203]: Found opcode in column 1. (BTFSS)
0028   1C88           00050 BTFSS PORTD,1 ;led2 yanýyormu?
Warning[203]: Found opcode in column 1. (GOTO)
0029   2???           00051 GOTO YAK2 ;yanmýyorsa yak
Warning[203]: Found opcode in column 1. (BCF)
002A   1088           00052 BCF PORTD,1;yanýyorsa söndür
002B                  00053 KESME_BÝTÝR;--------------------------------------------------------
MPASM  5.50                          TMR0.ASM   11-27-2015  18:06:47         PAGE  3


LOC  OBJECT CODE     LINE SOURCE TEXT
  VALUE

Warning[203]: Found opcode in column 1. (RETFIE)
002B   0009           00054 RETFIE
002C                  00055 YAK1;---------------------------------------------------------------
Warning[203]: Found opcode in column 1. (BSF)
002C   1408           00056 BSF PORTD,0
Warning[203]: Found opcode in column 1. (GOTO)
002D   2???           00057 GOTO KESME_BÝTÝR
002E                  00058 YAK2;---------------------------------------------------------------
Warning[203]: Found opcode in column 1. (BSF)
002E   1488           00059 BSF PORTD,1
Warning[203]: Found opcode in column 1. (GOTO)
002F   2???           00060 GOTO KESME_BÝTÝR
0030                  00061 ANA_PROGRAM;--------------------------------------------------------
Warning[203]: Found opcode in column 1. (BSF)
0030   1683           00062 BSF STATUS,RP0 ;01 nolu banka geçiþ yapýldý
Warning[203]: Found opcode in column 1. (CLRF)
Message[302]: Register in operand not in bank 0.  Ensure that bank bits are correct.
0031   0188           00063 CLRF TRISD ;portd çýkýþ yapýldý
Warning[203]: Found opcode in column 1. (MOVLW)
0032   3004           00064 MOVLW B'00000100' ; prescaler deðeri 1/16 yapýldý
Warning[203]: Found opcode in column 1. (MOVWF)
Message[302]: Register in operand not in bank 0.  Ensure that bank bits are correct.
0033   0081           00065 MOVWF OPTION_REG 
Warning[203]: Found opcode in column 1. (MOVLW)
0034   30A0           00066 MOVLW B'10100000' ;genel ve tmr0 kesmelerine izin verildi
Warning[203]: Found opcode in column 1. (MOVWF)
0035   008B           00067 MOVWF INTCON
Warning[203]: Found opcode in column 1. (BCF)
0036   1283           00068 BCF STATUS,RP0 ;00 nolu bank'a geçildi
Warning[203]: Found opcode in column 1. (CLRF)
0037   0188           00069 CLRF PORTD ;portd sýfýrlandý
Warning[203]: Found opcode in column 1. (MOVLW)
0038   3006           00070 MOVLW D'6' ;tmr0 6 ön deðeri yüklendi
Warning[203]: Found opcode in column 1. (MOVWF)
0039   0081           00071 MOVWF TMR0 
Warning[203]: Found opcode in column 1. (CLRF)
003A   01A0           00072 CLRF SAYAC1 ;sýfýrlama iþlemleri yapýldý
Warning[203]: Found opcode in column 1. (CLRF)
003B   01A2           00073 CLRF SAYAC2
Warning[203]: Found opcode in column 1. (CLRF)
003C   01A5           00074 CLRF SAYAC3
003D                  00075 DONGU
Warning[203]: Found opcode in column 1. (GOTO)
003D   2???           00076 GOTO DONGU ;dön
Warning[205]: Found directive in column 1. (END)
3F31                  00077 END
MPASM  5.50                          TMR0.ASM   11-27-2015  18:06:47         PAGE  4


SYMBOL TABLE
  LABEL                             VALUE 

ACKDT                             00000005
ACKEN                             00000004
ACKSTAT                           00000006
ADCON0                            0000001F
ADCON1                            0000009F
ADCS0                             00000006
ADCS1                             00000007
ADCS2                             00000006
ADDEN                             00000003
ADFM                              00000007
ADIE                              00000006
ADIF                              00000006
ADON                              00000000
ADRESH                            0000001E
ADRESL                            0000009E
ANA_PROGRAM                       00000030
BCLIE                             00000003
BCLIF                             00000003
BF                                00000000
BRGH                              00000002
C                                 00000000
C1INV                             00000004
C1OUT                             00000006
C2INV                             00000005
C2OUT                             00000007
CCP1CON                           00000017
CCP1IE                            00000002
CCP1IF                            00000002
CCP1M0                            00000000
CCP1M1                            00000001
CCP1M2                            00000002
CCP1M3                            00000003
CCP1X                             00000005
CCP1Y                             00000004
CCP2CON                           0000001D
CCP2IE                            00000000
CCP2IF                            00000000
CCP2M0                            00000000
CCP2M1                            00000001
CCP2M2                            00000002
CCP2M3                            00000003
CCP2X                             00000005
CCP2Y                             00000004
CCPR1                             00000015
CCPR1H                            00000016
CCPR1L                            00000015
CCPR2                             0000001B
CCPR2H                            0000001C
CCPR2L                            0000001B
CHS0                              00000003
CHS1                              00000004
CHS2                              00000005
CIS                               00000003
MPASM  5.50                          TMR0.ASM   11-27-2015  18:06:47         PAGE  5


SYMBOL TABLE
  LABEL                             VALUE 

CKE                               00000006
CKP                               00000004
CM0                               00000000
CM1                               00000001
CM2                               00000002
CMCON                             0000009C
CMIE                              00000006
CMIF                              00000006
CREN                              00000004
CSRC                              00000007
CVR0                              00000000
CVR1                              00000001
CVR2                              00000002
CVR3                              00000003
CVRCON                            0000009D
CVREN                             00000007
CVROE                             00000006
CVRR                              00000005
D                                 00000005
DATA_ADDRESS                      00000005
DC                                00000001
DONGU                             0000003D
D_A                               00000005
D_NOT_A                           00000005
EEADR                             0000010D
EEADRH                            0000010F
EECON1                            0000018C
EECON2                            0000018D
EEDATA                            0000010C
EEDATH                            0000010E
EEIE                              00000004
EEIF                              00000004
EEPGD                             00000007
F                                 00000001
FERR                              00000002
FSR                               00000004
GCEN                              00000007
GIE                               00000007
GO                                00000002
GO_DONE                           00000002
GO_NOT_DONE                       00000002
I2C_DATA                          00000005
I2C_READ                          00000002
I2C_START                         00000003
I2C_STOP                          00000004
IBF                               00000007
IBOV                              00000005
INDF                              00000000
INTCON                            0000000B
INTE                              00000004
INTEDG                            00000006
INTF                              00000001
IRP                               00000007
MPASM  5.50                          TMR0.ASM   11-27-2015  18:06:47         PAGE  6


SYMBOL TABLE
  LABEL                             VALUE 

KESME                             00000004
KESME_BÝTÝR                       0000002B
KESÝSÝM                           00000023
KONTROL                           00000012
LEDYAK1                           0000001B
NOT_A                             00000005
NOT_ADDRESS                       00000005
NOT_BO                            00000000
NOT_BOR                           00000000
NOT_DONE                          00000002
NOT_PD                            00000003
NOT_POR                           00000001
NOT_RBPU                          00000007
NOT_RC8                           00000006
NOT_T1SYNC                        00000002
NOT_TO                            00000004
NOT_TX8                           00000006
NOT_W                             00000002
NOT_WRITE                         00000002
OBF                               00000006
OERR                              00000001
OPTION_REG                        00000081
P                                 00000004
PCFG0                             00000000
PCFG1                             00000001
PCFG2                             00000002
PCFG3                             00000003
PCL                               00000002
PCLATH                            0000000A
PCON                              0000008E
PEIE                              00000006
PEN                               00000002
PIE1                              0000008C
PIE2                              0000008D
PIR1                              0000000C
PIR2                              0000000D
PORTA                             00000005
PORTB                             00000006
PORTC                             00000007
PORTD                             00000008
PORTE                             00000009
PR2                               00000092
PS0                               00000000
PS1                               00000001
PS2                               00000002
PSA                               00000003
PSPIE                             00000007
PSPIF                             00000007
PSPMODE                           00000004
R                                 00000002
RA0                               00000000
RA1                               00000001
RA2                               00000002
MPASM  5.50                          TMR0.ASM   11-27-2015  18:06:47         PAGE  7


SYMBOL TABLE
  LABEL                             VALUE 

RA3                               00000003
RA4                               00000004
RA5                               00000005
RB0                               00000000
RB1                               00000001
RB2                               00000002
RB3                               00000003
RB4                               00000004
RB5                               00000005
RB6                               00000006
RB7                               00000007
RBIE                              00000003
RBIF                              00000000
RC0                               00000000
RC1                               00000001
RC2                               00000002
RC3                               00000003
RC4                               00000004
RC5                               00000005
RC6                               00000006
RC7                               00000007
RC8_9                             00000006
RC9                               00000006
RCD8                              00000000
RCEN                              00000003
RCIE                              00000005
RCIF                              00000005
RCREG                             0000001A
RCSTA                             00000018
RD                                00000000
RD0                               00000000
RD1                               00000001
RD2                               00000002
RD3                               00000003
RD4                               00000004
RD5                               00000005
RD6                               00000006
RD7                               00000007
RE0                               00000000
RE1                               00000001
RE2                               00000002
READ_WRITE                        00000002
RP0                               00000005
RP1                               00000006
RSEN                              00000001
RX9                               00000006
RX9D                              00000000
R_NOT_W                           00000002
R_W                               00000002
S                                 00000003
SAYAC1                            00000020
SAYAC2                            00000022
SAYAC3                            00000025
MPASM  5.50                          TMR0.ASM   11-27-2015  18:06:47         PAGE  8


SYMBOL TABLE
  LABEL                             VALUE 

SEN                               00000000
SMP                               00000007
SPBRG                             00000099
SPEN                              00000007
SREN                              00000005
SSPADD                            00000093
SSPBUF                            00000013
SSPCON                            00000014
SSPCON2                           00000091
SSPEN                             00000005
SSPIE                             00000003
SSPIF                             00000003
SSPM0                             00000000
SSPM1                             00000001
SSPM2                             00000002
SSPM3                             00000003
SSPOV                             00000006
SSPSTAT                           00000094
STATUS                            00000003
SYNC                              00000004
T0CS                              00000005
T0IE                              00000005
T0IF                              00000002
T0SE                              00000004
T1CKPS0                           00000004
T1CKPS1                           00000005
T1CON                             00000010
T1INSYNC                          00000002
T1OSCEN                           00000003
T1SYNC                            00000002
T2CKPS0                           00000000
T2CKPS1                           00000001
T2CON                             00000012
TMR0                              00000001
TMR0IE                            00000005
TMR0IF                            00000002
TMR1                              0000000E
TMR1CS                            00000001
TMR1H                             0000000F
TMR1IE                            00000000
TMR1IF                            00000000
TMR1L                             0000000E
TMR1ON                            00000000
TMR2                              00000011
TMR2IE                            00000001
TMR2IF                            00000001
TMR2ON                            00000002
TOUTPS0                           00000003
TOUTPS1                           00000004
TOUTPS2                           00000005
TOUTPS3                           00000006
TRISA                             00000085
TRISA0                            00000000
MPASM  5.50                          TMR0.ASM   11-27-2015  18:06:47         PAGE  9


SYMBOL TABLE
  LABEL                             VALUE 

TRISA1                            00000001
TRISA2                            00000002
TRISA3                            00000003
TRISA4                            00000004
TRISA5                            00000005
TRISB                             00000086
TRISB0                            00000000
TRISB1                            00000001
TRISB2                            00000002
TRISB3                            00000003
TRISB4                            00000004
TRISB5                            00000005
TRISB6                            00000006
TRISB7                            00000007
TRISC                             00000087
TRISC0                            00000000
TRISC1                            00000001
TRISC2                            00000002
TRISC3                            00000003
TRISC4                            00000004
TRISC5                            00000005
TRISC6                            00000006
TRISC7                            00000007
TRISD                             00000088
TRISD0                            00000000
TRISD1                            00000001
TRISD2                            00000002
TRISD3                            00000003
TRISD4                            00000004
TRISD5                            00000005
TRISD6                            00000006
TRISD7                            00000007
TRISE                             00000089
TRISE0                            00000000
TRISE1                            00000001
TRISE2                            00000002
TRMT                              00000001
TX8_9                             00000006
TX9                               00000006
TX9D                              00000000
TXD8                              00000000
TXEN                              00000005
TXIE                              00000004
TXIF                              00000004
TXREG                             00000019
TXSTA                             00000098
UA                                00000001
W                                 00000000
WCOL                              00000007
WR                                00000001
WREN                              00000002
WRERR                             00000003
YAK1                              0000002C
MPASM  5.50                          TMR0.ASM   11-27-2015  18:06:47         PAGE 10


SYMBOL TABLE
  LABEL                             VALUE 

YAK2                              0000002E
Z                                 00000002
_BODEN_OFF                        00003FBF
_BODEN_ON                         00003FFF
_BOREN_OFF                        00003FBF
_BOREN_ON                         00003FFF
_CONFIG                           00002007
_CPD_OFF                          00003FFF
_CPD_ON                           00003EFF
_CP_ALL                           00001FFF
_CP_OFF                           00003FFF
_CP_ON                            00001FFF
_DEBUG_OFF                        00003FFF
_DEBUG_ON                         000037FF
_DEVID1                           00002006
_FOSC_EXTRC                       00003FFF
_FOSC_HS                          00003FFE
_FOSC_LP                          00003FFC
_FOSC_XT                          00003FFD
_HS_OSC                           00003FFE
_IDLOC0                           00002000
_IDLOC1                           00002001
_IDLOC2                           00002002
_IDLOC3                           00002003
_LP_OSC                           00003FFC
_LVP_OFF                          00003F7F
_LVP_ON                           00003FFF
_PWRTE_OFF                        00003FFF
_PWRTE_ON                         00003FF7
_RC_OSC                           00003FFF
_WDTE_OFF                         00003FFB
_WDTE_ON                          00003FFF
_WDT_OFF                          00003FFB
_WDT_ON                           00003FFF
_WRT_1FOURTH                      00003BFF
_WRT_256                          00003DFF
_WRT_HALF                         000039FF
_WRT_OFF                          00003FFF
_XT_OSC                           00003FFD
__16F877A                         00000001
__DEBUG                           1

Errors   :     0
Warnings :    64 reported,     0 suppressed
Messages :     2 reported,     0 suppressed

