MPASM  5.51        MADEIN_ABDULLAHTAHTALI.ASM   12-11-2018  10:25:37         PAGE  1


LOC  OBJECT CODE     LINE SOURCE TEXT
  VALUE

Warning[205]: Found directive in column 1. (INCLUDE)
                      00001 INCLUDE <P16F877A.INC>
                      00001         LIST
                      00002 
                      00003 ;==========================================================================
                      00004 ;  MPASM PIC16F877A processor include
                      00005 ; 
                      00006 ;  (c) Copyright 1999-2013 Microchip Technology, All rights reserved
                      00007 ;==========================================================================
                      00008 
                      00566         LIST
  00000020            00002 SAYAC0 EQU 0X20
  00000021            00003 SAYAC1 EQU 0X21
                      00004         ORG 0X00
0000   2???           00005         GOTO MAIN
                      00006         ORG 0X04
0004                  00007 KESME
0004   1283 1303      00008         BANKSEL RCREG
0006   081A           00009         MOVFW RCREG
0007   2???           00010         CALL VERI_YAZ
0008   0009           00011         RETFIE
0009                  00012 MAIN
0009   2???           00013         CALL USART_CAGIR
000A   1683 1303      00014         BANKSEL TRISB
Message[302]: Register in operand not in bank 0.  Ensure that bank bits are correct.
000C   0186           00015         CLRF TRISB
Message[302]: Register in operand not in bank 0.  Ensure that bank bits are correct.
000D   0188           00016         CLRF TRISD
000E   30FF           00017         MOVLW 0XFF
Message[302]: Register in operand not in bank 0.  Ensure that bank bits are correct.
000F   0087           00018         MOVWF TRISC
0010   1283 1303      00019         BANKSEL PORTB
0012   0186           00020         CLRF PORTB
0013   0188           00021         CLRF PORTD
0014   2???           00022         CALL LCD_CAGIR
0015   1186           00023         BCF PORTB,3
0016   1506           00024         BSF PORTB,2             
                      00025         
0017                  00026 DONGU
0017   2???           00027         GOTO DONGU
0018                  00028 LCD_CAGIR
0018   3002           00029         MOVLW 0X02
0019   2???           00030         CALL KOMUT_YAZ
001A   3038           00031         MOVLW 0X38      
001B   2???           00032         CALL KOMUT_YAZ
001C   300C           00033         MOVLW 0X0C
001D   2???           00034         CALL KOMUT_YAZ
001E   3080           00035         MOVLW 0X80
001F   2???           00036         CALL KOMUT_YAZ
0020   0008           00037         RETURN
0021                  00038 USART_CAGIR
0021   1683 1303      00039         BANKSEL SPBRG
0023   3019           00040         MOVLW B'00011001'
MPASM  5.51        MADEIN_ABDULLAHTAHTALI.ASM   12-11-2018  10:25:37         PAGE  2


LOC  OBJECT CODE     LINE SOURCE TEXT
  VALUE

Message[302]: Register in operand not in bank 0.  Ensure that bank bits are correct.
0024   0099           00041         MOVWF SPBRG
                      00042         
0025   1683 1303      00043         BANKSEL TXSTA
0027   3004           00044         MOVLW B'00000100'
Message[302]: Register in operand not in bank 0.  Ensure that bank bits are correct.
0028   0098           00045         MOVWF TXSTA
                      00046         
0029   1283 1303      00047         BANKSEL RCSTA
002B   3090           00048         MOVLW B'10010000'
002C   0098           00049         MOVWF RCSTA
                      00050 
002D   1283 1303      00051         BANKSEL INTCON
002F   178B           00052         BSF INTCON,GIE
0030   170B           00053         BSF INTCON,PEIE
                      00054 
0031   1683 1303      00055         BANKSEL PIE1
Message[302]: Register in operand not in bank 0.  Ensure that bank bits are correct.
0033   168C           00056         BSF PIE1,RCIE
0034   0008           00057         RETURN
0035                  00058 KOMUT_YAZ
0035   1283 1303      00059         BANKSEL PORTD
0037   0088           00060         MOVWF PORTD
0038   1286           00061         BCF PORTB,5
0039   1206           00062         BCF PORTB,4
003A   1706           00063         BSF PORTB,6
003B   2???           00064         CALL GECIKME
003C   1306           00065         BCF PORTB,6
003D   0008           00066         RETURN
003E                  00067 VERI_YAZ
003E   1283 1303      00068         BANKSEL PORTD
0040   0088           00069         MOVWF PORTD
0041   1286           00070         BCF PORTB,5
0042   1606           00071         BSF PORTB,4
0043   1706           00072         BSF PORTB,6
0044   2???           00073         CALL GECIKME
0045   1306           00074         BCF PORTB,6
0046   0008           00075         RETURN
0047                  00076 GECIKME
0047   30FF           00077         MOVLW D'255'
0048   00A0           00078         MOVWF SAYAC0
0049                  00079 GECIKME1
0049   30FF           00080         MOVLW D'255'
004A   00A1           00081         MOVWF SAYAC1
004B                  00082 GECIKTIR
004B   0BA1           00083         DECFSZ SAYAC1,F
004C   2???           00084         GOTO GECIKTIR
004D   0BA0           00085         DECFSZ SAYAC0,F
004E   2???           00086         GOTO GECIKME1
004F   0008           00087         RETURN
0050                  00088 SON
                      00089         END
MPASM  5.51        MADEIN_ABDULLAHTAHTALI.ASM   12-11-2018  10:25:37         PAGE  3


SYMBOL TABLE
  LABEL                             VALUE 

ACKDT                             00000005
ACKEN                             00000004
ACKSTAT                           00000006
ADCON0                            0000001F
ADCON1                            0000009F
ADCS0                             00000006
ADCS1                             00000007
ADCS2                             00000006
ADDEN                             00000003
ADFM                              00000007
ADIE                              00000006
ADIF                              00000006
ADON                              00000000
ADRESH                            0000001E
ADRESL                            0000009E
BCLIE                             00000003
BCLIF                             00000003
BF                                00000000
BRGH                              00000002
C                                 00000000
C1INV                             00000004
C1OUT                             00000006
C2INV                             00000005
C2OUT                             00000007
CCP1CON                           00000017
CCP1IE                            00000002
CCP1IF                            00000002
CCP1M0                            00000000
CCP1M1                            00000001
CCP1M2                            00000002
CCP1M3                            00000003
CCP1X                             00000005
CCP1Y                             00000004
CCP2CON                           0000001D
CCP2IE                            00000000
CCP2IF                            00000000
CCP2M0                            00000000
CCP2M1                            00000001
CCP2M2                            00000002
CCP2M3                            00000003
CCP2X                             00000005
CCP2Y                             00000004
CCPR1                             00000015
CCPR1H                            00000016
CCPR1L                            00000015
CCPR2                             0000001B
CCPR2H                            0000001C
CCPR2L                            0000001B
CHS0                              00000003
CHS1                              00000004
CHS2                              00000005
CIS                               00000003
CKE                               00000006
MPASM  5.51        MADEIN_ABDULLAHTAHTALI.ASM   12-11-2018  10:25:37         PAGE  4


SYMBOL TABLE
  LABEL                             VALUE 

CKP                               00000004
CM0                               00000000
CM1                               00000001
CM2                               00000002
CMCON                             0000009C
CMIE                              00000006
CMIF                              00000006
CREN                              00000004
CSRC                              00000007
CVR0                              00000000
CVR1                              00000001
CVR2                              00000002
CVR3                              00000003
CVRCON                            0000009D
CVREN                             00000007
CVROE                             00000006
CVRR                              00000005
D                                 00000005
DATA_ADDRESS                      00000005
DC                                00000001
DONGU                             00000017
D_A                               00000005
D_NOT_A                           00000005
EEADR                             0000010D
EEADRH                            0000010F
EECON1                            0000018C
EECON2                            0000018D
EEDATA                            0000010C
EEDATH                            0000010E
EEIE                              00000004
EEIF                              00000004
EEPGD                             00000007
F                                 00000001
FERR                              00000002
FSR                               00000004
GCEN                              00000007
GECIKME                           00000047
GECIKME1                          00000049
GECIKTIR                          0000004B
GIE                               00000007
GO                                00000002
GO_DONE                           00000002
GO_NOT_DONE                       00000002
I2C_DATA                          00000005
I2C_READ                          00000002
I2C_START                         00000003
I2C_STOP                          00000004
IBF                               00000007
IBOV                              00000005
INDF                              00000000
INTCON                            0000000B
INTE                              00000004
INTEDG                            00000006
MPASM  5.51        MADEIN_ABDULLAHTAHTALI.ASM   12-11-2018  10:25:37         PAGE  5


SYMBOL TABLE
  LABEL                             VALUE 

INTF                              00000001
IRP                               00000007
KESME                             00000004
KOMUT_YAZ                         00000035
LCD_CAGIR                         00000018
MAIN                              00000009
NOT_A                             00000005
NOT_ADDRESS                       00000005
NOT_BO                            00000000
NOT_BOR                           00000000
NOT_DONE                          00000002
NOT_PD                            00000003
NOT_POR                           00000001
NOT_RBPU                          00000007
NOT_RC8                           00000006
NOT_T1SYNC                        00000002
NOT_TO                            00000004
NOT_TX8                           00000006
NOT_W                             00000002
NOT_WRITE                         00000002
OBF                               00000006
OERR                              00000001
OPTION_REG                        00000081
P                                 00000004
PCFG0                             00000000
PCFG1                             00000001
PCFG2                             00000002
PCFG3                             00000003
PCL                               00000002
PCLATH                            0000000A
PCON                              0000008E
PEIE                              00000006
PEN                               00000002
PIE1                              0000008C
PIE2                              0000008D
PIR1                              0000000C
PIR2                              0000000D
PORTA                             00000005
PORTB                             00000006
PORTC                             00000007
PORTD                             00000008
PORTE                             00000009
PR2                               00000092
PS0                               00000000
PS1                               00000001
PS2                               00000002
PSA                               00000003
PSPIE                             00000007
PSPIF                             00000007
PSPMODE                           00000004
R                                 00000002
RA0                               00000000
RA1                               00000001
MPASM  5.51        MADEIN_ABDULLAHTAHTALI.ASM   12-11-2018  10:25:37         PAGE  6


SYMBOL TABLE
  LABEL                             VALUE 

RA2                               00000002
RA3                               00000003
RA4                               00000004
RA5                               00000005
RB0                               00000000
RB1                               00000001
RB2                               00000002
RB3                               00000003
RB4                               00000004
RB5                               00000005
RB6                               00000006
RB7                               00000007
RBIE                              00000003
RBIF                              00000000
RC0                               00000000
RC1                               00000001
RC2                               00000002
RC3                               00000003
RC4                               00000004
RC5                               00000005
RC6                               00000006
RC7                               00000007
RC8_9                             00000006
RC9                               00000006
RCD8                              00000000
RCEN                              00000003
RCIE                              00000005
RCIF                              00000005
RCREG                             0000001A
RCSTA                             00000018
RD                                00000000
RD0                               00000000
RD1                               00000001
RD2                               00000002
RD3                               00000003
RD4                               00000004
RD5                               00000005
RD6                               00000006
RD7                               00000007
RE0                               00000000
RE1                               00000001
RE2                               00000002
READ_WRITE                        00000002
RP0                               00000005
RP1                               00000006
RSEN                              00000001
RX9                               00000006
RX9D                              00000000
R_NOT_W                           00000002
R_W                               00000002
S                                 00000003
SAYAC0                            00000020
SAYAC1                            00000021
MPASM  5.51        MADEIN_ABDULLAHTAHTALI.ASM   12-11-2018  10:25:37         PAGE  7


SYMBOL TABLE
  LABEL                             VALUE 

SEN                               00000000
SMP                               00000007
SON                               00000050
SPBRG                             00000099
SPEN                              00000007
SREN                              00000005
SSPADD                            00000093
SSPBUF                            00000013
SSPCON                            00000014
SSPCON2                           00000091
SSPEN                             00000005
SSPIE                             00000003
SSPIF                             00000003
SSPM0                             00000000
SSPM1                             00000001
SSPM2                             00000002
SSPM3                             00000003
SSPOV                             00000006
SSPSTAT                           00000094
STATUS                            00000003
SYNC                              00000004
T0CS                              00000005
T0IE                              00000005
T0IF                              00000002
T0SE                              00000004
T1CKPS0                           00000004
T1CKPS1                           00000005
T1CON                             00000010
T1INSYNC                          00000002
T1OSCEN                           00000003
T1SYNC                            00000002
T2CKPS0                           00000000
T2CKPS1                           00000001
T2CON                             00000012
TMR0                              00000001
TMR0IE                            00000005
TMR0IF                            00000002
TMR1                              0000000E
TMR1CS                            00000001
TMR1H                             0000000F
TMR1IE                            00000000
TMR1IF                            00000000
TMR1L                             0000000E
TMR1ON                            00000000
TMR2                              00000011
TMR2IE                            00000001
TMR2IF                            00000001
TMR2ON                            00000002
TOUTPS0                           00000003
TOUTPS1                           00000004
TOUTPS2                           00000005
TOUTPS3                           00000006
TRISA                             00000085
MPASM  5.51        MADEIN_ABDULLAHTAHTALI.ASM   12-11-2018  10:25:37         PAGE  8


SYMBOL TABLE
  LABEL                             VALUE 

TRISA0                            00000000
TRISA1                            00000001
TRISA2                            00000002
TRISA3                            00000003
TRISA4                            00000004
TRISA5                            00000005
TRISB                             00000086
TRISB0                            00000000
TRISB1                            00000001
TRISB2                            00000002
TRISB3                            00000003
TRISB4                            00000004
TRISB5                            00000005
TRISB6                            00000006
TRISB7                            00000007
TRISC                             00000087
TRISC0                            00000000
TRISC1                            00000001
TRISC2                            00000002
TRISC3                            00000003
TRISC4                            00000004
TRISC5                            00000005
TRISC6                            00000006
TRISC7                            00000007
TRISD                             00000088
TRISD0                            00000000
TRISD1                            00000001
TRISD2                            00000002
TRISD3                            00000003
TRISD4                            00000004
TRISD5                            00000005
TRISD6                            00000006
TRISD7                            00000007
TRISE                             00000089
TRISE0                            00000000
TRISE1                            00000001
TRISE2                            00000002
TRMT                              00000001
TX8_9                             00000006
TX9                               00000006
TX9D                              00000000
TXD8                              00000000
TXEN                              00000005
TXIE                              00000004
TXIF                              00000004
TXREG                             00000019
TXSTA                             00000098
UA                                00000001
USART_CAGIR                       00000021
VERI_YAZ                          0000003E
W                                 00000000
WCOL                              00000007
WR                                00000001
MPASM  5.51        MADEIN_ABDULLAHTAHTALI.ASM   12-11-2018  10:25:37         PAGE  9


SYMBOL TABLE
  LABEL                             VALUE 

WREN                              00000002
WRERR                             00000003
Z                                 00000002
_BODEN_OFF                        00003FBF
_BODEN_ON                         00003FFF
_BOREN_OFF                        00003FBF
_BOREN_ON                         00003FFF
_CONFIG                           00002007
_CPD_OFF                          00003FFF
_CPD_ON                           00003EFF
_CP_ALL                           00001FFF
_CP_OFF                           00003FFF
_CP_ON                            00001FFF
_DEBUG_OFF                        00003FFF
_DEBUG_ON                         000037FF
_DEVID1                           00002006
_FOSC_EXTRC                       00003FFF
_FOSC_HS                          00003FFE
_FOSC_LP                          00003FFC
_FOSC_XT                          00003FFD
_HS_OSC                           00003FFE
_IDLOC0                           00002000
_IDLOC1                           00002001
_IDLOC2                           00002002
_IDLOC3                           00002003
_LP_OSC                           00003FFC
_LVP_OFF                          00003F7F
_LVP_ON                           00003FFF
_PWRTE_OFF                        00003FFF
_PWRTE_ON                         00003FF7
_RC_OSC                           00003FFF
_WDTE_OFF                         00003FFB
_WDTE_ON                          00003FFF
_WDT_OFF                          00003FFB
_WDT_ON                           00003FFF
_WRT_1FOURTH                      00003BFF
_WRT_256                          00003DFF
_WRT_HALF                         000039FF
_WRT_OFF                          00003FFF
_XT_OSC                           00003FFD
__16F877A                         00000001
__DEBUG                           1

Errors   :     0
Warnings :     1 reported,     0 suppressed
Messages :     6 reported,     0 suppressed

