MPASM  5.51                      UNTITLED.ASM   12-11-2018  11:39:58         PAGE  1


LOC  OBJECT CODE     LINE SOURCE TEXT
  VALUE

                      00001 #include <p16f877a.inc>
                      00001         LIST
                      00002 
                      00003 ;==========================================================================
                      00004 ;  MPASM PIC16F877A processor include
                      00005 ; 
                      00006 ;  (c) Copyright 1999-2013 Microchip Technology, All rights reserved
                      00007 ;==========================================================================
                      00008 
                      00566         LIST
Warning[205]: Found directive in column 1. (__config)
2007   3F31           00002 __config h'3f31'
                      00003 
  00000021            00004 GECÝK EQU 0X21
  00000022            00005 GECÝK2 EQU 0X22
  00000023            00006 KARAKTER EQU 0X23
                      00007 
Warning[205]: Found directive in column 1. (ORG)
0000                  00008 ORG 0x00
0000   2805           00009         GOTO BASLA
Warning[205]: Found directive in column 1. (ORG)
0004                  00010 ORG 0X04
0004                  00011 KESME 
0004   0009           00012         RETFIE
                      00013 
0005                  00014 BASLA
Warning[205]: Found directive in column 1. (BANKSEL)
0005   1683 1303      00015 BANKSEL TRISB
Message[302]: Register in operand not in bank 0.  Ensure that bank bits are correct.
0007   0186           00016         CLRF TRISB
Message[302]: Register in operand not in bank 0.  Ensure that bank bits are correct.
0008   0188           00017         CLRF TRISD
0009   30FF           00018         MOVLW 0XFF
Message[302]: Register in operand not in bank 0.  Ensure that bank bits are correct.
000A   0087           00019         MOVWF TRISC
Warning[205]: Found directive in column 1. (BANKSEL)
000B   1283 1303      00020 BANKSEL PORTC
000D   0187           00021         CLRF PORTC
000E   0186           00022         CLRF PORTB
000F   0188           00023         CLRF PORTD
0010   2015           00024         CALL ILETISIM_AYARLARI
0011   201F           00025         CALL LCD_AYARLARI
                      00026 
0012                  00027 DONGU
0012   1A8C           00028         BTFSC PIR1,RCIF
0013   2035           00029         CALL VERÝ_ÝÞLE
0014   2812           00030         GOTO DONGU
                      00031 
0015                  00032 ILETISIM_AYARLARI
Warning[205]: Found directive in column 1. (BANKSEL)
0015   1683 1303      00033 BANKSEL SPBRG
0017   3019           00034         MOVLW D'25'
Message[302]: Register in operand not in bank 0.  Ensure that bank bits are correct.
MPASM  5.51                      UNTITLED.ASM   12-11-2018  11:39:58         PAGE  2


LOC  OBJECT CODE     LINE SOURCE TEXT
  VALUE

0018   0099           00035         MOVWF SPBRG
Message[302]: Register in operand not in bank 0.  Ensure that bank bits are correct.
0019   1518           00036         BSF TXSTA,BRGH
                      00037         ;MOVLW B'00000100'  ;CSRC,TX9,TXEN,SYNC-0,U-0,BRGH4-1,TRMT-1,TX9D 0X06
                      00038         ;MOVWF TXSTA
Warning[205]: Found directive in column 1. (BANKSEL)
001A   1283 1303      00039 BANKSEL RCSTA
001C   1798           00040         BSF RCSTA,SPEN
001D   1618           00041         BSF RCSTA,CREN
                      00042         ;MOVLW B'10010000' ;0X90
                      00043         ;MOVWF RCSTA
001E   0008           00044         RETURN
                      00045 
001F                  00046 LCD_AYARLARI
001F   3001           00047         MOVLW 0X01
0020   202F           00048         CALL KOMUT_ÝÞLE
0021   3002           00049         MOVLW 0X02
0022   202F           00050         CALL KOMUT_ÝÞLE
0023   3038           00051         MOVLW 0X38
0024   202F           00052         CALL KOMUT_ÝÞLE
0025   300E           00053         MOVLW 0X0E
0026   202F           00054         CALL KOMUT_ÝÞLE
0027   1506           00055         BSF PORTB,2
0028   1186           00056         BCF PORTB,3
0029   1286           00057         BCF PORTB,5
002A   01A3           00058         CLRF KARAKTER
002B   0008           00059         RETURN
                      00060 
002C                  00061 SATIR_ATLA
002C   30C0           00062         MOVLW 0XC0
002D   202F           00063         CALL KOMUT_ÝÞLE
002E   0008           00064         RETURN
                      00065 
002F                  00066 KOMUT_ÝÞLE
002F   0088           00067         MOVWF PORTD
0030   1206           00068         BCF PORTB,4
0031   1706           00069         BSF PORTB,6     
0032   2045           00070         CALL GECIKME
0033   1306           00071         BCF PORTB,6
0034   0008           00072         RETURN
                      00073 
0035                  00074 VERÝ_ÝÞLE
0035   081A           00075         MOVF RCREG,W
0036   0088           00076         MOVWF PORTD     
0037   1606           00077         BSF PORTB,4
0038   1706           00078         BSF PORTB,6
0039   2045           00079         CALL GECIKME
003A   1306           00080         BCF PORTB,6
                      00081 
003B   0AA3           00082         INCF KARAKTER,F
                      00083 
003C   0823           00084         MOVF KARAKTER,W
003D   3C10           00085         SUBLW D'16'
MPASM  5.51                      UNTITLED.ASM   12-11-2018  11:39:58         PAGE  3


LOC  OBJECT CODE     LINE SOURCE TEXT
  VALUE

003E   1903           00086         BTFSC STATUS,Z
003F   202C           00087         CALL SATIR_ATLA
                      00088 
0040   0823           00089         MOVF KARAKTER,W
0041   3C21           00090         SUBLW D'33'
0042   1903           00091         BTFSC STATUS,Z
0043   201F           00092         CALL LCD_AYARLARI
0044   0008           00093         RETURN
                      00094 
0045                  00095 GECIKME
0045   3014           00096         MOVLW D'20'
0046   00A1           00097         MOVWF GECÝK
0047   00A2           00098         MOVWF GECÝK2
0048                  00099 DON1
Message[305]: Using default destination of 1 (file).
0048   0BA1           00100         DECFSZ GECÝK
0049   284B           00101         GOTO DON2
004A   0008           00102         RETURN
004B                  00103 DON2 
Message[305]: Using default destination of 1 (file).
004B   0BA2           00104         DECFSZ GECÝK2
004C   284B           00105         GOTO DON2
004D   3014           00106         MOVLW D'20'
004E   00A2           00107         MOVWF GECÝK2
004F   2848           00108         GOTO DON1
                      00109 
Warning[205]: Found directive in column 1. (END)
                      00110 END
MPASM  5.51                      UNTITLED.ASM   12-11-2018  11:39:58         PAGE  4


SYMBOL TABLE
  LABEL                             VALUE 

ACKDT                             00000005
ACKEN                             00000004
ACKSTAT                           00000006
ADCON0                            0000001F
ADCON1                            0000009F
ADCS0                             00000006
ADCS1                             00000007
ADCS2                             00000006
ADDEN                             00000003
ADFM                              00000007
ADIE                              00000006
ADIF                              00000006
ADON                              00000000
ADRESH                            0000001E
ADRESL                            0000009E
BASLA                             00000005
BCLIE                             00000003
BCLIF                             00000003
BF                                00000000
BRGH                              00000002
C                                 00000000
C1INV                             00000004
C1OUT                             00000006
C2INV                             00000005
C2OUT                             00000007
CCP1CON                           00000017
CCP1IE                            00000002
CCP1IF                            00000002
CCP1M0                            00000000
CCP1M1                            00000001
CCP1M2                            00000002
CCP1M3                            00000003
CCP1X                             00000005
CCP1Y                             00000004
CCP2CON                           0000001D
CCP2IE                            00000000
CCP2IF                            00000000
CCP2M0                            00000000
CCP2M1                            00000001
CCP2M2                            00000002
CCP2M3                            00000003
CCP2X                             00000005
CCP2Y                             00000004
CCPR1                             00000015
CCPR1H                            00000016
CCPR1L                            00000015
CCPR2                             0000001B
CCPR2H                            0000001C
CCPR2L                            0000001B
CHS0                              00000003
CHS1                              00000004
CHS2                              00000005
CIS                               00000003
MPASM  5.51                      UNTITLED.ASM   12-11-2018  11:39:58         PAGE  5


SYMBOL TABLE
  LABEL                             VALUE 

CKE                               00000006
CKP                               00000004
CM0                               00000000
CM1                               00000001
CM2                               00000002
CMCON                             0000009C
CMIE                              00000006
CMIF                              00000006
CREN                              00000004
CSRC                              00000007
CVR0                              00000000
CVR1                              00000001
CVR2                              00000002
CVR3                              00000003
CVRCON                            0000009D
CVREN                             00000007
CVROE                             00000006
CVRR                              00000005
D                                 00000005
DATA_ADDRESS                      00000005
DC                                00000001
DON1                              00000048
DON2                              0000004B
DONGU                             00000012
D_A                               00000005
D_NOT_A                           00000005
EEADR                             0000010D
EEADRH                            0000010F
EECON1                            0000018C
EECON2                            0000018D
EEDATA                            0000010C
EEDATH                            0000010E
EEIE                              00000004
EEIF                              00000004
EEPGD                             00000007
F                                 00000001
FERR                              00000002
FSR                               00000004
GCEN                              00000007
GECIKME                           00000045
GECÝK                             00000021
GECÝK2                            00000022
GIE                               00000007
GO                                00000002
GO_DONE                           00000002
GO_NOT_DONE                       00000002
I2C_DATA                          00000005
I2C_READ                          00000002
I2C_START                         00000003
I2C_STOP                          00000004
IBF                               00000007
IBOV                              00000005
ILETISIM_AYARLARI                 00000015
MPASM  5.51                      UNTITLED.ASM   12-11-2018  11:39:58         PAGE  6


SYMBOL TABLE
  LABEL                             VALUE 

INDF                              00000000
INTCON                            0000000B
INTE                              00000004
INTEDG                            00000006
INTF                              00000001
IRP                               00000007
KARAKTER                          00000023
KESME                             00000004
KOMUT_ÝÞLE                        0000002F
LCD_AYARLARI                      0000001F
NOT_A                             00000005
NOT_ADDRESS                       00000005
NOT_BO                            00000000
NOT_BOR                           00000000
NOT_DONE                          00000002
NOT_PD                            00000003
NOT_POR                           00000001
NOT_RBPU                          00000007
NOT_RC8                           00000006
NOT_T1SYNC                        00000002
NOT_TO                            00000004
NOT_TX8                           00000006
NOT_W                             00000002
NOT_WRITE                         00000002
OBF                               00000006
OERR                              00000001
OPTION_REG                        00000081
P                                 00000004
PCFG0                             00000000
PCFG1                             00000001
PCFG2                             00000002
PCFG3                             00000003
PCL                               00000002
PCLATH                            0000000A
PCON                              0000008E
PEIE                              00000006
PEN                               00000002
PIE1                              0000008C
PIE2                              0000008D
PIR1                              0000000C
PIR2                              0000000D
PORTA                             00000005
PORTB                             00000006
PORTC                             00000007
PORTD                             00000008
PORTE                             00000009
PR2                               00000092
PS0                               00000000
PS1                               00000001
PS2                               00000002
PSA                               00000003
PSPIE                             00000007
PSPIF                             00000007
MPASM  5.51                      UNTITLED.ASM   12-11-2018  11:39:58         PAGE  7


SYMBOL TABLE
  LABEL                             VALUE 

PSPMODE                           00000004
R                                 00000002
RA0                               00000000
RA1                               00000001
RA2                               00000002
RA3                               00000003
RA4                               00000004
RA5                               00000005
RB0                               00000000
RB1                               00000001
RB2                               00000002
RB3                               00000003
RB4                               00000004
RB5                               00000005
RB6                               00000006
RB7                               00000007
RBIE                              00000003
RBIF                              00000000
RC0                               00000000
RC1                               00000001
RC2                               00000002
RC3                               00000003
RC4                               00000004
RC5                               00000005
RC6                               00000006
RC7                               00000007
RC8_9                             00000006
RC9                               00000006
RCD8                              00000000
RCEN                              00000003
RCIE                              00000005
RCIF                              00000005
RCREG                             0000001A
RCSTA                             00000018
RD                                00000000
RD0                               00000000
RD1                               00000001
RD2                               00000002
RD3                               00000003
RD4                               00000004
RD5                               00000005
RD6                               00000006
RD7                               00000007
RE0                               00000000
RE1                               00000001
RE2                               00000002
READ_WRITE                        00000002
RP0                               00000005
RP1                               00000006
RSEN                              00000001
RX9                               00000006
RX9D                              00000000
R_NOT_W                           00000002
MPASM  5.51                      UNTITLED.ASM   12-11-2018  11:39:58         PAGE  8


SYMBOL TABLE
  LABEL                             VALUE 

R_W                               00000002
S                                 00000003
SATIR_ATLA                        0000002C
SEN                               00000000
SMP                               00000007
SPBRG                             00000099
SPEN                              00000007
SREN                              00000005
SSPADD                            00000093
SSPBUF                            00000013
SSPCON                            00000014
SSPCON2                           00000091
SSPEN                             00000005
SSPIE                             00000003
SSPIF                             00000003
SSPM0                             00000000
SSPM1                             00000001
SSPM2                             00000002
SSPM3                             00000003
SSPOV                             00000006
SSPSTAT                           00000094
STATUS                            00000003
SYNC                              00000004
T0CS                              00000005
T0IE                              00000005
T0IF                              00000002
T0SE                              00000004
T1CKPS0                           00000004
T1CKPS1                           00000005
T1CON                             00000010
T1INSYNC                          00000002
T1OSCEN                           00000003
T1SYNC                            00000002
T2CKPS0                           00000000
T2CKPS1                           00000001
T2CON                             00000012
TMR0                              00000001
TMR0IE                            00000005
TMR0IF                            00000002
TMR1                              0000000E
TMR1CS                            00000001
TMR1H                             0000000F
TMR1IE                            00000000
TMR1IF                            00000000
TMR1L                             0000000E
TMR1ON                            00000000
TMR2                              00000011
TMR2IE                            00000001
TMR2IF                            00000001
TMR2ON                            00000002
TOUTPS0                           00000003
TOUTPS1                           00000004
TOUTPS2                           00000005
MPASM  5.51                      UNTITLED.ASM   12-11-2018  11:39:58         PAGE  9


SYMBOL TABLE
  LABEL                             VALUE 

TOUTPS3                           00000006
TRISA                             00000085
TRISA0                            00000000
TRISA1                            00000001
TRISA2                            00000002
TRISA3                            00000003
TRISA4                            00000004
TRISA5                            00000005
TRISB                             00000086
TRISB0                            00000000
TRISB1                            00000001
TRISB2                            00000002
TRISB3                            00000003
TRISB4                            00000004
TRISB5                            00000005
TRISB6                            00000006
TRISB7                            00000007
TRISC                             00000087
TRISC0                            00000000
TRISC1                            00000001
TRISC2                            00000002
TRISC3                            00000003
TRISC4                            00000004
TRISC5                            00000005
TRISC6                            00000006
TRISC7                            00000007
TRISD                             00000088
TRISD0                            00000000
TRISD1                            00000001
TRISD2                            00000002
TRISD3                            00000003
TRISD4                            00000004
TRISD5                            00000005
TRISD6                            00000006
TRISD7                            00000007
TRISE                             00000089
TRISE0                            00000000
TRISE1                            00000001
TRISE2                            00000002
TRMT                              00000001
TX8_9                             00000006
TX9                               00000006
TX9D                              00000000
TXD8                              00000000
TXEN                              00000005
TXIE                              00000004
TXIF                              00000004
TXREG                             00000019
TXSTA                             00000098
UA                                00000001
VERÝ_ÝÞLE                         00000035
W                                 00000000
WCOL                              00000007
MPASM  5.51                      UNTITLED.ASM   12-11-2018  11:39:58         PAGE 10


SYMBOL TABLE
  LABEL                             VALUE 

WR                                00000001
WREN                              00000002
WRERR                             00000003
Z                                 00000002
_BODEN_OFF                        00003FBF
_BODEN_ON                         00003FFF
_BOREN_OFF                        00003FBF
_BOREN_ON                         00003FFF
_CONFIG                           00002007
_CPD_OFF                          00003FFF
_CPD_ON                           00003EFF
_CP_ALL                           00001FFF
_CP_OFF                           00003FFF
_CP_ON                            00001FFF
_DEBUG_OFF                        00003FFF
_DEBUG_ON                         000037FF
_DEVID1                           00002006
_FOSC_EXTRC                       00003FFF
_FOSC_HS                          00003FFE
_FOSC_LP                          00003FFC
_FOSC_XT                          00003FFD
_HS_OSC                           00003FFE
_IDLOC0                           00002000
_IDLOC1                           00002001
_IDLOC2                           00002002
_IDLOC3                           00002003
_LP_OSC                           00003FFC
_LVP_OFF                          00003F7F
_LVP_ON                           00003FFF
_PWRTE_OFF                        00003FFF
_PWRTE_ON                         00003FF7
_RC_OSC                           00003FFF
_WDTE_OFF                         00003FFB
_WDTE_ON                          00003FFF
_WDT_OFF                          00003FFB
_WDT_ON                           00003FFF
_WRT_1FOURTH                      00003BFF
_WRT_256                          00003DFF
_WRT_HALF                         000039FF
_WRT_OFF                          00003FFF
_XT_OSC                           00003FFD
__16F877A                         00000001
__DEBUG                           1
MPASM  5.51                      UNTITLED.ASM   12-11-2018  11:39:58         PAGE 11


MEMORY USAGE MAP ('X' = Used,  '-' = Unused)


0000 : X---XXXXXXXXXXXX XXXXXXXXXXXXXXXX XXXXXXXXXXXXXXXX XXXXXXXXXXXXXXXX
0040 : XXXXXXXXXXXXXXXX ---------------- ---------------- ----------------
2000 : -------X-------- ---------------- ---------------- ----------------

All other memory blocks unused.

Program Memory Words Used:    77
Program Memory Words Free:  8115


Errors   :     0
Warnings :     8 reported,     0 suppressed
Messages :     7 reported,     0 suppressed

