Message[301] C:\PROGRAM FILES (X86)\MICROCHIP\MPASM SUITE\P16F877.INC 33 : MESSAGE: (Processor-header file mismatch.  Verify selected processor.)
Warning[207] C:\USERS\YUCEL\DESKTOP\TUS_TAKIMI_KEYPAD\KEYPAD.ASM 3 : Found label after column 1. (SAYAC2)
Warning[207] C:\USERS\YUCEL\DESKTOP\TUS_TAKIMI_KEYPAD\KEYPAD.ASM 4 : Found label after column 1. (SAYAC3)
Warning[207] C:\USERS\YUCEL\DESKTOP\TUS_TAKIMI_KEYPAD\KEYPAD.ASM 5 : Found label after column 1. (SAYAC1)
Warning[207] C:\USERS\YUCEL\DESKTOP\TUS_TAKIMI_KEYPAD\KEYPAD.ASM 6 : Found label after column 1. (LCD_TMP0)
Warning[207] C:\USERS\YUCEL\DESKTOP\TUS_TAKIMI_KEYPAD\KEYPAD.ASM 7 : Found label after column 1. (LCD_DATA)
Warning[207] C:\USERS\YUCEL\DESKTOP\TUS_TAKIMI_KEYPAD\KEYPAD.ASM 13 : Found label after column 1. (LCD_SEND_CHAR)
Warning[207] C:\USERS\YUCEL\DESKTOP\TUS_TAKIMI_KEYPAD\KEYPAD.ASM 26 : Found label after column 1. (TEMIZLE)
Warning[207] C:\USERS\YUCEL\DESKTOP\TUS_TAKIMI_KEYPAD\KEYPAD.ASM 41 : Found label after column 1. (LCD_SEND_CMD)
Warning[207] C:\USERS\YUCEL\DESKTOP\TUS_TAKIMI_KEYPAD\KEYPAD.ASM 52 : Found label after column 1. (LCD_NYBBLEOUT)
Warning[207] C:\USERS\YUCEL\DESKTOP\TUS_TAKIMI_KEYPAD\KEYPAD.ASM 65 : Found label after column 1. (GECIKME)
Warning[207] C:\USERS\YUCEL\DESKTOP\TUS_TAKIMI_KEYPAD\KEYPAD.ASM 68 : Found label after column 1. (DON1)
Warning[207] C:\USERS\YUCEL\DESKTOP\TUS_TAKIMI_KEYPAD\KEYPAD.ASM 71 : Found label after column 1. (DON2)
Warning[207] C:\USERS\YUCEL\DESKTOP\TUS_TAKIMI_KEYPAD\KEYPAD.ASM 77 : Found label after column 1. (GECIKME_LCD)
Warning[207] C:\USERS\YUCEL\DESKTOP\TUS_TAKIMI_KEYPAD\KEYPAD.ASM 80 : Found label after column 1. (DON1_LCD)
Warning[207] C:\USERS\YUCEL\DESKTOP\TUS_TAKIMI_KEYPAD\KEYPAD.ASM 83 : Found label after column 1. (DON2_LCD)
Warning[207] C:\USERS\YUCEL\DESKTOP\TUS_TAKIMI_KEYPAD\KEYPAD.ASM 90 : Found label after column 1. (SATIR1)
Warning[207] C:\USERS\YUCEL\DESKTOP\TUS_TAKIMI_KEYPAD\KEYPAD.ASM 95 : Found label after column 1. (ANA_PROGRAM)
Message[302] C:\USERS\YUCEL\DESKTOP\TUS_TAKIMI_KEYPAD\KEYPAD.ASM 98 : Register in operand not in bank 0.  Ensure that bank bits are correct.
Message[302] C:\USERS\YUCEL\DESKTOP\TUS_TAKIMI_KEYPAD\KEYPAD.ASM 100 : Register in operand not in bank 0.  Ensure that bank bits are correct.
Warning[207] C:\USERS\YUCEL\DESKTOP\TUS_TAKIMI_KEYPAD\KEYPAD.ASM 110 : Found label after column 1. (SONSUZ)
Warning[207] C:\USERS\YUCEL\DESKTOP\TUS_TAKIMI_KEYPAD\KEYPAD.ASM 122 : Found label after column 1. (SUTUN1)
Warning[207] C:\USERS\YUCEL\DESKTOP\TUS_TAKIMI_KEYPAD\KEYPAD.ASM 140 : Found label after column 1. (BIR)
Warning[207] C:\USERS\YUCEL\DESKTOP\TUS_TAKIMI_KEYPAD\KEYPAD.ASM 151 : Found label after column 1. (DORT)
Warning[207] C:\USERS\YUCEL\DESKTOP\TUS_TAKIMI_KEYPAD\KEYPAD.ASM 163 : Found label after column 1. (YEDI)
Warning[207] C:\USERS\YUCEL\DESKTOP\TUS_TAKIMI_KEYPAD\KEYPAD.ASM 175 : Found label after column 1. (YILDIZ)
Warning[207] C:\USERS\YUCEL\DESKTOP\TUS_TAKIMI_KEYPAD\KEYPAD.ASM 190 : Found label after column 1. (SUTUN2)
Message[305] C:\USERS\YUCEL\DESKTOP\TUS_TAKIMI_KEYPAD\KEYPAD.ASM 191 : Using default destination of 1 (file).
Warning[207] C:\USERS\YUCEL\DESKTOP\TUS_TAKIMI_KEYPAD\KEYPAD.ASM 211 : Found label after column 1. (IKI)
Warning[207] C:\USERS\YUCEL\DESKTOP\TUS_TAKIMI_KEYPAD\KEYPAD.ASM 222 : Found label after column 1. (BES)
Warning[207] C:\USERS\YUCEL\DESKTOP\TUS_TAKIMI_KEYPAD\KEYPAD.ASM 234 : Found label after column 1. (SEKIZ)
Warning[207] C:\USERS\YUCEL\DESKTOP\TUS_TAKIMI_KEYPAD\KEYPAD.ASM 246 : Found label after column 1. (SIFIR)
Warning[207] C:\USERS\YUCEL\DESKTOP\TUS_TAKIMI_KEYPAD\KEYPAD.ASM 258 : Found label after column 1. (SUTUN3)
Warning[203] C:\USERS\YUCEL\DESKTOP\TUS_TAKIMI_KEYPAD\KEYPAD.ASM 259 : Found opcode in column 1. (INCF)
Message[305] C:\USERS\YUCEL\DESKTOP\TUS_TAKIMI_KEYPAD\KEYPAD.ASM 259 : Using default destination of 1 (file).
Warning[207] C:\USERS\YUCEL\DESKTOP\TUS_TAKIMI_KEYPAD\KEYPAD.ASM 279 : Found label after column 1. (UC)
Warning[207] C:\USERS\YUCEL\DESKTOP\TUS_TAKIMI_KEYPAD\KEYPAD.ASM 290 : Found label after column 1. (ALTI)
Warning[207] C:\USERS\YUCEL\DESKTOP\TUS_TAKIMI_KEYPAD\KEYPAD.ASM 302 : Found label after column 1. (DOKUZ)
Warning[207] C:\USERS\YUCEL\DESKTOP\TUS_TAKIMI_KEYPAD\KEYPAD.ASM 314 : Found label after column 1. (KARE)
Warning[207] C:\USERS\YUCEL\DESKTOP\TUS_TAKIMI_KEYPAD\KEYPAD.ASM 326 : Found label after column 1. (SUTUN4)
Warning[203] C:\USERS\YUCEL\DESKTOP\TUS_TAKIMI_KEYPAD\KEYPAD.ASM 327 : Found opcode in column 1. (INCF)
Message[305] C:\USERS\YUCEL\DESKTOP\TUS_TAKIMI_KEYPAD\KEYPAD.ASM 327 : Using default destination of 1 (file).
Warning[207] C:\USERS\YUCEL\DESKTOP\TUS_TAKIMI_KEYPAD\KEYPAD.ASM 347 : Found label after column 1. (AA)
Warning[207] C:\USERS\YUCEL\DESKTOP\TUS_TAKIMI_KEYPAD\KEYPAD.ASM 358 : Found label after column 1. (BB)
Warning[207] C:\USERS\YUCEL\DESKTOP\TUS_TAKIMI_KEYPAD\KEYPAD.ASM 370 : Found label after column 1. (CC)
Warning[207] C:\USERS\YUCEL\DESKTOP\TUS_TAKIMI_KEYPAD\KEYPAD.ASM 381 : Found label after column 1. (DD)
