MPASM  5.51                      UNTITLED.ASM   12-4-2018  11:25:17         PAGE  1


LOC  OBJECT CODE     LINE SOURCE TEXT
  VALUE

                      00001 #INCLUDE <P16F877A.INC>
                      00001         LIST
                      00002 
                      00003 ;==========================================================================
                      00004 ;  MPASM PIC16F877A processor include
                      00005 ; 
                      00006 ;  (c) Copyright 1999-2013 Microchip Technology, All rights reserved
                      00007 ;==========================================================================
                      00008 
                      00566         LIST
  00000020            00002 SAYAC0 EQU 0X20
  00000021            00003 SAYAC1 EQU 0X21
  00000022            00004 LCD_DATA EQU 0X22
  00000023            00005 SAYI0 EQU 0X23
  00000024            00006 SAYI1 EQU 0X24
0000                  00007         ORG 0X00
0000                  00008 MAIN
0000   1683 1303      00009         BANKSEL TRISB
Message[302]: Register in operand not in bank 0.  Ensure that bank bits are correct.
0002   0186           00010         CLRF TRISB
0003   1283 1303      00011         BANKSEL PORTB
0005   0186           00012         CLRF PORTB
0006   3082           00013         MOVLW H'82'
0007   00A3           00014         MOVWF SAYI0
0008   3080           00015         MOVLW H'80'
0009   00A4           00016         MOVWF SAYI1
000A   200C           00017         CALL KOMUT
000B   2034           00018         CALL EKRAN
000C                  00019 KOMUT
000C   3002           00020         MOVLW H'02'
000D   2011           00021         CALL KOMUT_YAZ
000E   300C           00022         MOVLW H'0C'
000F   2011           00023         CALL KOMUT_YAZ
0010   0008           00024         RETURN
0011                  00025 KOMUT_YAZ
0011   00A2           00026         MOVWF LCD_DATA
0012   0E22           00027         SWAPF LCD_DATA,W
0013   2017           00028         CALL KOMUT_GONDER
0014   0822           00029         MOVF LCD_DATA,W
0015   2017           00030         CALL KOMUT_GONDER
0016   0008           00031         RETURN
0017                  00032 KOMUT_GONDER
0017   390F           00033         ANDLW D'15'
0018   0086           00034         MOVWF PORTB
0019   1206           00035         BCF PORTB,4
001A   1686           00036         BSF PORTB,5
001B   202B           00037         CALL GECIKME
001C   1286           00038         BCF PORTB,5
001D   0008           00039         RETURN
001E                  00040 VERI_YAZ
001E   00A2           00041         MOVWF LCD_DATA
001F   0E22           00042         SWAPF LCD_DATA,W
0020   2024           00043         CALL VERI_GONDER
MPASM  5.51                      UNTITLED.ASM   12-4-2018  11:25:17         PAGE  2


LOC  OBJECT CODE     LINE SOURCE TEXT
  VALUE

0021   0822           00044         MOVF LCD_DATA,W
0022   2024           00045         CALL VERI_GONDER
0023   0008           00046         RETURN
0024                  00047 VERI_GONDER
0024   390F           00048         ANDLW D'15'
0025   0086           00049         MOVWF PORTB
0026   1606           00050         BSF PORTB,4
0027   1686           00051         BSF PORTB,5
0028   202B           00052         CALL GECIKME
0029   1286           00053         BCF PORTB,5
002A   0008           00054         RETURN
002B                  00055 GECIKME
002B   3064           00056         MOVLW D'100'
002C   00A0           00057         MOVWF SAYAC0
002D                  00058 GECIKME1
002D   3064           00059         MOVLW D'100'
002E   00A1           00060         MOVWF SAYAC1
002F                  00061 GECIKTIR
002F   0BA1           00062         DECFSZ SAYAC1,F
0030   282F           00063         GOTO GECIKTIR
0031   0BA0           00064         DECFSZ SAYAC0,F
0032   282D           00065         GOTO GECIKME1
0033   0008           00066         RETURN
0034                  00067 EKRAN
0034                  00068 EKRAN_ARTIR
0034   0823           00069         MOVFW SAYI0
0035   3C8F           00070         SUBLW H'8F'
0036   1903           00071         BTFSC STATUS,Z
0037   2840           00072         GOTO EKRAN_AZALT
0038   0AA3           00073         INCF SAYI0,F
0039   0AA4           00074         INCF SAYI1,F
003A   3001           00075         MOVLW H'01'
003B   2011           00076         CALL KOMUT_YAZ
003C   0823           00077         MOVFW SAYI0
003D   2011           00078         CALL KOMUT_YAZ
003E   204C           00079         CALL LOOKUP
003F   2834           00080         GOTO EKRAN_ARTIR
0040                  00081 EKRAN_AZALT     
0040   0824           00082         MOVFW SAYI1
0041   3C80           00083         SUBLW H'80'
0042   1903           00084         BTFSC STATUS,Z
0043   2834           00085         GOTO EKRAN_ARTIR
0044   03A4           00086         DECF SAYI1,F
0045   03A3           00087         DECF SAYI0,F
0046   3001           00088         MOVLW H'01'
0047   2011           00089         CALL KOMUT_YAZ
0048   0824           00090         MOVFW SAYI1
0049   2011           00091         CALL KOMUT_YAZ
004A   204C           00092         CALL LOOKUP
004B   2840           00093         GOTO EKRAN_AZALT        
004C                  00094 LOOKUP
004C   3041           00095         MOVLW 'A'
004D   201E           00096         CALL VERI_YAZ
MPASM  5.51                      UNTITLED.ASM   12-4-2018  11:25:17         PAGE  3


LOC  OBJECT CODE     LINE SOURCE TEXT
  VALUE

004E   304C           00097         MOVLW 'L'
004F   201E           00098         CALL VERI_YAZ
0050   3049           00099         MOVLW 'I'
0051   201E           00100         CALL VERI_YAZ
0052   0008           00101         RETURN
                      00102         
                      00103         END
MPASM  5.51                      UNTITLED.ASM   12-4-2018  11:25:17         PAGE  4


SYMBOL TABLE
  LABEL                             VALUE 

ACKDT                             00000005
ACKEN                             00000004
ACKSTAT                           00000006
ADCON0                            0000001F
ADCON1                            0000009F
ADCS0                             00000006
ADCS1                             00000007
ADCS2                             00000006
ADDEN                             00000003
ADFM                              00000007
ADIE                              00000006
ADIF                              00000006
ADON                              00000000
ADRESH                            0000001E
ADRESL                            0000009E
BCLIE                             00000003
BCLIF                             00000003
BF                                00000000
BRGH                              00000002
C                                 00000000
C1INV                             00000004
C1OUT                             00000006
C2INV                             00000005
C2OUT                             00000007
CCP1CON                           00000017
CCP1IE                            00000002
CCP1IF                            00000002
CCP1M0                            00000000
CCP1M1                            00000001
CCP1M2                            00000002
CCP1M3                            00000003
CCP1X                             00000005
CCP1Y                             00000004
CCP2CON                           0000001D
CCP2IE                            00000000
CCP2IF                            00000000
CCP2M0                            00000000
CCP2M1                            00000001
CCP2M2                            00000002
CCP2M3                            00000003
CCP2X                             00000005
CCP2Y                             00000004
CCPR1                             00000015
CCPR1H                            00000016
CCPR1L                            00000015
CCPR2                             0000001B
CCPR2H                            0000001C
CCPR2L                            0000001B
CHS0                              00000003
CHS1                              00000004
CHS2                              00000005
CIS                               00000003
CKE                               00000006
MPASM  5.51                      UNTITLED.ASM   12-4-2018  11:25:17         PAGE  5


SYMBOL TABLE
  LABEL                             VALUE 

CKP                               00000004
CM0                               00000000
CM1                               00000001
CM2                               00000002
CMCON                             0000009C
CMIE                              00000006
CMIF                              00000006
CREN                              00000004
CSRC                              00000007
CVR0                              00000000
CVR1                              00000001
CVR2                              00000002
CVR3                              00000003
CVRCON                            0000009D
CVREN                             00000007
CVROE                             00000006
CVRR                              00000005
D                                 00000005
DATA_ADDRESS                      00000005
DC                                00000001
D_A                               00000005
D_NOT_A                           00000005
EEADR                             0000010D
EEADRH                            0000010F
EECON1                            0000018C
EECON2                            0000018D
EEDATA                            0000010C
EEDATH                            0000010E
EEIE                              00000004
EEIF                              00000004
EEPGD                             00000007
EKRAN                             00000034
EKRAN_ARTIR                       00000034
EKRAN_AZALT                       00000040
F                                 00000001
FERR                              00000002
FSR                               00000004
GCEN                              00000007
GECIKME                           0000002B
GECIKME1                          0000002D
GECIKTIR                          0000002F
GIE                               00000007
GO                                00000002
GO_DONE                           00000002
GO_NOT_DONE                       00000002
I2C_DATA                          00000005
I2C_READ                          00000002
I2C_START                         00000003
I2C_STOP                          00000004
IBF                               00000007
IBOV                              00000005
INDF                              00000000
INTCON                            0000000B
MPASM  5.51                      UNTITLED.ASM   12-4-2018  11:25:17         PAGE  6


SYMBOL TABLE
  LABEL                             VALUE 

INTE                              00000004
INTEDG                            00000006
INTF                              00000001
IRP                               00000007
KOMUT                             0000000C
KOMUT_GONDER                      00000017
KOMUT_YAZ                         00000011
LCD_DATA                          00000022
LOOKUP                            0000004C
MAIN                              00000000
NOT_A                             00000005
NOT_ADDRESS                       00000005
NOT_BO                            00000000
NOT_BOR                           00000000
NOT_DONE                          00000002
NOT_PD                            00000003
NOT_POR                           00000001
NOT_RBPU                          00000007
NOT_RC8                           00000006
NOT_T1SYNC                        00000002
NOT_TO                            00000004
NOT_TX8                           00000006
NOT_W                             00000002
NOT_WRITE                         00000002
OBF                               00000006
OERR                              00000001
OPTION_REG                        00000081
P                                 00000004
PCFG0                             00000000
PCFG1                             00000001
PCFG2                             00000002
PCFG3                             00000003
PCL                               00000002
PCLATH                            0000000A
PCON                              0000008E
PEIE                              00000006
PEN                               00000002
PIE1                              0000008C
PIE2                              0000008D
PIR1                              0000000C
PIR2                              0000000D
PORTA                             00000005
PORTB                             00000006
PORTC                             00000007
PORTD                             00000008
PORTE                             00000009
PR2                               00000092
PS0                               00000000
PS1                               00000001
PS2                               00000002
PSA                               00000003
PSPIE                             00000007
PSPIF                             00000007
MPASM  5.51                      UNTITLED.ASM   12-4-2018  11:25:17         PAGE  7


SYMBOL TABLE
  LABEL                             VALUE 

PSPMODE                           00000004
R                                 00000002
RA0                               00000000
RA1                               00000001
RA2                               00000002
RA3                               00000003
RA4                               00000004
RA5                               00000005
RB0                               00000000
RB1                               00000001
RB2                               00000002
RB3                               00000003
RB4                               00000004
RB5                               00000005
RB6                               00000006
RB7                               00000007
RBIE                              00000003
RBIF                              00000000
RC0                               00000000
RC1                               00000001
RC2                               00000002
RC3                               00000003
RC4                               00000004
RC5                               00000005
RC6                               00000006
RC7                               00000007
RC8_9                             00000006
RC9                               00000006
RCD8                              00000000
RCEN                              00000003
RCIE                              00000005
RCIF                              00000005
RCREG                             0000001A
RCSTA                             00000018
RD                                00000000
RD0                               00000000
RD1                               00000001
RD2                               00000002
RD3                               00000003
RD4                               00000004
RD5                               00000005
RD6                               00000006
RD7                               00000007
RE0                               00000000
RE1                               00000001
RE2                               00000002
READ_WRITE                        00000002
RP0                               00000005
RP1                               00000006
RSEN                              00000001
RX9                               00000006
RX9D                              00000000
R_NOT_W                           00000002
MPASM  5.51                      UNTITLED.ASM   12-4-2018  11:25:17         PAGE  8


SYMBOL TABLE
  LABEL                             VALUE 

R_W                               00000002
S                                 00000003
SAYAC0                            00000020
SAYAC1                            00000021
SAYI0                             00000023
SAYI1                             00000024
SEN                               00000000
SMP                               00000007
SPBRG                             00000099
SPEN                              00000007
SREN                              00000005
SSPADD                            00000093
SSPBUF                            00000013
SSPCON                            00000014
SSPCON2                           00000091
SSPEN                             00000005
SSPIE                             00000003
SSPIF                             00000003
SSPM0                             00000000
SSPM1                             00000001
SSPM2                             00000002
SSPM3                             00000003
SSPOV                             00000006
SSPSTAT                           00000094
STATUS                            00000003
SYNC                              00000004
T0CS                              00000005
T0IE                              00000005
T0IF                              00000002
T0SE                              00000004
T1CKPS0                           00000004
T1CKPS1                           00000005
T1CON                             00000010
T1INSYNC                          00000002
T1OSCEN                           00000003
T1SYNC                            00000002
T2CKPS0                           00000000
T2CKPS1                           00000001
T2CON                             00000012
TMR0                              00000001
TMR0IE                            00000005
TMR0IF                            00000002
TMR1                              0000000E
TMR1CS                            00000001
TMR1H                             0000000F
TMR1IE                            00000000
TMR1IF                            00000000
TMR1L                             0000000E
TMR1ON                            00000000
TMR2                              00000011
TMR2IE                            00000001
TMR2IF                            00000001
TMR2ON                            00000002
MPASM  5.51                      UNTITLED.ASM   12-4-2018  11:25:17         PAGE  9


SYMBOL TABLE
  LABEL                             VALUE 

TOUTPS0                           00000003
TOUTPS1                           00000004
TOUTPS2                           00000005
TOUTPS3                           00000006
TRISA                             00000085
TRISA0                            00000000
TRISA1                            00000001
TRISA2                            00000002
TRISA3                            00000003
TRISA4                            00000004
TRISA5                            00000005
TRISB                             00000086
TRISB0                            00000000
TRISB1                            00000001
TRISB2                            00000002
TRISB3                            00000003
TRISB4                            00000004
TRISB5                            00000005
TRISB6                            00000006
TRISB7                            00000007
TRISC                             00000087
TRISC0                            00000000
TRISC1                            00000001
TRISC2                            00000002
TRISC3                            00000003
TRISC4                            00000004
TRISC5                            00000005
TRISC6                            00000006
TRISC7                            00000007
TRISD                             00000088
TRISD0                            00000000
TRISD1                            00000001
TRISD2                            00000002
TRISD3                            00000003
TRISD4                            00000004
TRISD5                            00000005
TRISD6                            00000006
TRISD7                            00000007
TRISE                             00000089
TRISE0                            00000000
TRISE1                            00000001
TRISE2                            00000002
TRMT                              00000001
TX8_9                             00000006
TX9                               00000006
TX9D                              00000000
TXD8                              00000000
TXEN                              00000005
TXIE                              00000004
TXIF                              00000004
TXREG                             00000019
TXSTA                             00000098
UA                                00000001
MPASM  5.51                      UNTITLED.ASM   12-4-2018  11:25:17         PAGE 10


SYMBOL TABLE
  LABEL                             VALUE 

VERI_GONDER                       00000024
VERI_YAZ                          0000001E
W                                 00000000
WCOL                              00000007
WR                                00000001
WREN                              00000002
WRERR                             00000003
Z                                 00000002
_BODEN_OFF                        00003FBF
_BODEN_ON                         00003FFF
_BOREN_OFF                        00003FBF
_BOREN_ON                         00003FFF
_CONFIG                           00002007
_CPD_OFF                          00003FFF
_CPD_ON                           00003EFF
_CP_ALL                           00001FFF
_CP_OFF                           00003FFF
_CP_ON                            00001FFF
_DEBUG_OFF                        00003FFF
_DEBUG_ON                         000037FF
_DEVID1                           00002006
_FOSC_EXTRC                       00003FFF
_FOSC_HS                          00003FFE
_FOSC_LP                          00003FFC
_FOSC_XT                          00003FFD
_HS_OSC                           00003FFE
_IDLOC0                           00002000
_IDLOC1                           00002001
_IDLOC2                           00002002
_IDLOC3                           00002003
_LP_OSC                           00003FFC
_LVP_OFF                          00003F7F
_LVP_ON                           00003FFF
_PWRTE_OFF                        00003FFF
_PWRTE_ON                         00003FF7
_RC_OSC                           00003FFF
_WDTE_OFF                         00003FFB
_WDTE_ON                          00003FFF
_WDT_OFF                          00003FFB
_WDT_ON                           00003FFF
_WRT_1FOURTH                      00003BFF
_WRT_256                          00003DFF
_WRT_HALF                         000039FF
_WRT_OFF                          00003FFF
_XT_OSC                           00003FFD
__16F877A                         00000001
__DEBUG                           1
MPASM  5.51                      UNTITLED.ASM   12-4-2018  11:25:17         PAGE 11


MEMORY USAGE MAP ('X' = Used,  '-' = Unused)


0000 : XXXXXXXXXXXXXXXX XXXXXXXXXXXXXXXX XXXXXXXXXXXXXXXX XXXXXXXXXXXXXXXX
0040 : XXXXXXXXXXXXXXXX XXX------------- ---------------- ----------------

All other memory blocks unused.

Program Memory Words Used:    83
Program Memory Words Free:  8109


Errors   :     0
Warnings :     0 reported,     0 suppressed
Messages :     1 reported,     0 suppressed

