MPASM  5.42                       ODEV_7A.ASM   12-27-2011  2:51:13         PAGE  1


LOC  OBJECT CODE     LINE SOURCE TEXT
  VALUE

                      00001         list p=16F877A
                      00002         include "p16F877A.inc"  
                      00001         LIST
                      00002 
                      00003 ;==========================================================================
                      00004 ;  MPASM PIC16F877A processor include
                      00005 ; 
                      00006 ;  (c) Copyright 1999-2011 Microchip Technology, All rights reserved
                      00007 ;==========================================================================
                      00008 
                      00555         LIST
Warning[207]: Found label after column 1. (Sayac_Adres)
  00000021            00003         Sayac_Adres equ 0x21
Warning[207]: Found label after column 1. (Sayac_Deger)
  00000022            00004         Sayac_Deger equ 0x22
Warning[207]: Found label after column 1. (Durum)
  00000023            00005         Durum equ 0x23
0000                  00006         ORG     0                       
0000   018A           00007         clrf    PCLATH                  
0001   2824           00008         goto    ana_program             
0004                  00009         ORG     4       
                      00010 
0004                  00011 Kesme
0004   1283 1303      00012         BANKSEL PIR2
0006   1E0D           00013         BTFSS PIR2,EEIF
0007   2821           00014         goto Cikis
                      00015         
0008   120D           00016         BCF PIR2,EEIF
                      00017 
0009   1683 1703      00018         BANKSEL EECON1
Message[302]: Register in operand not in bank 0.  Ensure that bank bits are correct.
000B   110C           00019         bcf EECON1, WREN                 ;Yazma izni kaldýrýldý.
                      00020 
000C   1283 1303      00021         BANKSEL Sayac_Adres
Message[305]: Using default destination of 1 (file).
000E   0BA1           00022         decfsz Sayac_Adres
000F   2811           00023         goto Devam
0010   2821           00024         goto Cikis
                      00025 
0011                  00026 Devam
0011   1423           00027         BSF Durum,0
Message[305]: Using default destination of 1 (file).
0012   0AA2           00028         incf Sayac_Deger
                      00029         
0013                  00030 Okuma_Ayari
0013   0821           00031         movf Sayac_Adres,w 
0014   1283 1703      00032     banksel EEADR                                                   
Message[302]: Register in operand not in bank 0.  Ensure that bank bits are correct.
0016   008D           00033         movwf   EEADR 
0017   1683 1703      00034         banksel EECON1
Message[302]: Register in operand not in bank 0.  Ensure that bank bits are correct.
0019   138C           00035         bcf     EECON1,EEPGD                     ;Veri belleðine eriþim izni.
Message[302]: Register in operand not in bank 0.  Ensure that bank bits are correct.
MPASM  5.42                       ODEV_7A.ASM   12-27-2011  2:51:13         PAGE  2


LOC  OBJECT CODE     LINE SOURCE TEXT
  VALUE

001A   140C           00036         bsf     EECON1, RD                       ;EEPROM Okuma modunda.
001B   1283 1703      00037         banksel EEDATA
Message[302]: Register in operand not in bank 0.  Ensure that bank bits are correct.
001D   080C           00038         movf    EEDATA, W
001E   1283 1303      00039         banksel PORTD                        
0020   0088           00040         movwf   PORTD                        ;EEDATA daki deðer PORTD ye gönderiliyor.
                      00041 
0021                  00042 Cikis
0021   1283 1303      00043         BANKSEL Durum
0023   0009           00044         retfie
                      00045 
0024                  00046 ana_program
0024   1683           00047         BSF STATUS,RP0
Message[302]: Register in operand not in bank 0.  Ensure that bank bits are correct.
0025   0188           00048         clrf    TRISD                        ;PORTD çýkýþa yönlendirildi.
0026   1283           00049         BCF     STATUS, RP0                                      
0027   0188           00050         clrf    PORTD
0028   30FF           00051         movlw 0XFF
0029   00A1           00052         movwf Sayac_Adres
002A   01A2           00053         clrf Sayac_Deger
002B   01A3           00054         clrf Durum
                      00055         
002C   160D           00056         BSF PIR2,EEIF
                      00057 
002D   1683           00058         BSF STATUS,RP0
Message[302]: Register in operand not in bank 0.  Ensure that bank bits are correct.
002E   160D           00059         BSF PIE2,EEIE               
                      00060 
002F   170B           00061         BSF INTCON,PEIE
0030   178B           00062         BSF INTCON,GIE
                      00063     
0031   1283 1303      00064         BANKSEL Sayac_Adres
                      00065     
0033                  00066 Yazma_Ayari
0033   0821           00067         movf Sayac_Adres,w
0034   1283 1703      00068         banksel EEADR                                                  
Message[302]: Register in operand not in bank 0.  Ensure that bank bits are correct.
0036   008D           00069         movwf   EEADR 
0037   1283 1303      00070         BANKSEL Sayac_Deger
0039   0822           00071         movf Sayac_Deger,w        ; 01010101         ; Adres bilgisi yüklendi.
003A   1283 1703      00072         banksel EEDATA
Message[302]: Register in operand not in bank 0.  Ensure that bank bits are correct.
003C   008C           00073         movwf   EEDATA                       ;EEDATA ya yani EEPROM a yazýlacak veri 
                      00074                                          ;ADC De dönüþtürülen en deðersiz 8 bit.
003D   1683 1703      00075         banksel EECON1                      
Message[302]: Register in operand not in bank 0.  Ensure that bank bits are correct.
003F   138C           00076         bcf     EECON1,EEPGD                     ;Veri belleðine eriþim izni.
Message[302]: Register in operand not in bank 0.  Ensure that bank bits are correct.
0040   150C           00077         bsf     EECON1, WREN                     ;Yazma etkinleþtirme bit’i set edildi.
0041   3055           00078         movlw   0x55                         ;Yazma için buradan itibaren 5 satýr aynen korunmalý.      
                                                        
Message[302]: Register in operand not in bank 0.  Ensure that bank bits are correct.
0042   008D           00079         movwf   EECON2
MPASM  5.42                       ODEV_7A.ASM   12-27-2011  2:51:13         PAGE  3


LOC  OBJECT CODE     LINE SOURCE TEXT
  VALUE

0043   30AA           00080         movlw   0xAA
Message[302]: Register in operand not in bank 0.  Ensure that bank bits are correct.
0044   008D           00081         movwf   EECON2
Message[302]: Register in operand not in bank 0.  Ensure that bank bits are correct.
0045   148C           00082         bsf     EECON1, WR                       ;Yaz komutu verildi.
                      00083         
0046   1283 1303      00084         BANKSEL Durum
0048   1023           00085         BCF Durum,0
                      00086 
0049                  00087 Dongu
0049   1C23           00088         btfss Durum,0                                                    ;Gecikme Programý
004A   2849           00089         goto Dongu                              
004B   2833           00090         goto Yazma_Ayari
Warning[205]: Found directive in column 1. (END)
                      00091 END
MPASM  5.42                       ODEV_7A.ASM   12-27-2011  2:51:13         PAGE  4


SYMBOL TABLE
  LABEL                             VALUE 

ACKDT                             00000005
ACKEN                             00000004
ACKSTAT                           00000006
ADCON0                            0000001F
ADCON1                            0000009F
ADCS0                             00000006
ADCS1                             00000007
ADCS2                             00000006
ADDEN                             00000003
ADFM                              00000007
ADIE                              00000006
ADIF                              00000006
ADON                              00000000
ADRESH                            0000001E
ADRESL                            0000009E
BCLIE                             00000003
BCLIF                             00000003
BF                                00000000
BRGH                              00000002
C                                 00000000
C1INV                             00000004
C1OUT                             00000006
C2INV                             00000005
C2OUT                             00000007
CCP1CON                           00000017
CCP1IE                            00000002
CCP1IF                            00000002
CCP1M0                            00000000
CCP1M1                            00000001
CCP1M2                            00000002
CCP1M3                            00000003
CCP1X                             00000005
CCP1Y                             00000004
CCP2CON                           0000001D
CCP2IE                            00000000
CCP2IF                            00000000
CCP2M0                            00000000
CCP2M1                            00000001
CCP2M2                            00000002
CCP2M3                            00000003
CCP2X                             00000005
CCP2Y                             00000004
CCPR1                             00000015
CCPR1H                            00000016
CCPR1L                            00000015
CCPR2                             0000001B
CCPR2H                            0000001C
CCPR2L                            0000001B
CHS0                              00000003
CHS1                              00000004
CHS2                              00000005
CIS                               00000003
CKE                               00000006
MPASM  5.42                       ODEV_7A.ASM   12-27-2011  2:51:13         PAGE  5


SYMBOL TABLE
  LABEL                             VALUE 

CKP                               00000004
CM0                               00000000
CM1                               00000001
CM2                               00000002
CMCON                             0000009C
CMIE                              00000006
CMIF                              00000006
CREN                              00000004
CSRC                              00000007
CVR0                              00000000
CVR1                              00000001
CVR2                              00000002
CVR3                              00000003
CVRCON                            0000009D
CVREN                             00000007
CVROE                             00000006
CVRR                              00000005
Cikis                             00000021
D                                 00000005
DATA_ADDRESS                      00000005
DC                                00000001
D_A                               00000005
D_NOT_A                           00000005
Devam                             00000011
Dongu                             00000049
Durum                             00000023
EEADR                             0000010D
EEADRH                            0000010F
EECON1                            0000018C
EECON2                            0000018D
EEDATA                            0000010C
EEDATH                            0000010E
EEIE                              00000004
EEIF                              00000004
EEPGD                             00000007
F                                 00000001
FERR                              00000002
FSR                               00000004
GCEN                              00000007
GIE                               00000007
GO                                00000002
GO_DONE                           00000002
GO_NOT_DONE                       00000002
I2C_DATA                          00000005
I2C_READ                          00000002
I2C_START                         00000003
I2C_STOP                          00000004
IBF                               00000007
IBOV                              00000005
INDF                              00000000
INTCON                            0000000B
INTE                              00000004
INTEDG                            00000006
MPASM  5.42                       ODEV_7A.ASM   12-27-2011  2:51:13         PAGE  6


SYMBOL TABLE
  LABEL                             VALUE 

INTF                              00000001
IRP                               00000007
Kesme                             00000004
NOT_A                             00000005
NOT_ADDRESS                       00000005
NOT_BO                            00000000
NOT_BOR                           00000000
NOT_DONE                          00000002
NOT_PD                            00000003
NOT_POR                           00000001
NOT_RBPU                          00000007
NOT_RC8                           00000006
NOT_T1SYNC                        00000002
NOT_TO                            00000004
NOT_TX8                           00000006
NOT_W                             00000002
NOT_WRITE                         00000002
OBF                               00000006
OERR                              00000001
OPTION_REG                        00000081
Okuma_Ayari                       00000013
P                                 00000004
PCFG0                             00000000
PCFG1                             00000001
PCFG2                             00000002
PCFG3                             00000003
PCL                               00000002
PCLATH                            0000000A
PCON                              0000008E
PEIE                              00000006
PEN                               00000002
PIE1                              0000008C
PIE2                              0000008D
PIR1                              0000000C
PIR2                              0000000D
PORTA                             00000005
PORTB                             00000006
PORTC                             00000007
PORTD                             00000008
PORTE                             00000009
PR2                               00000092
PS0                               00000000
PS1                               00000001
PS2                               00000002
PSA                               00000003
PSPIE                             00000007
PSPIF                             00000007
PSPMODE                           00000004
R                                 00000002
RA0                               00000000
RA1                               00000001
RA2                               00000002
RA3                               00000003
MPASM  5.42                       ODEV_7A.ASM   12-27-2011  2:51:13         PAGE  7


SYMBOL TABLE
  LABEL                             VALUE 

RA4                               00000004
RA5                               00000005
RB0                               00000000
RB1                               00000001
RB2                               00000002
RB3                               00000003
RB4                               00000004
RB5                               00000005
RB6                               00000006
RB7                               00000007
RBIE                              00000003
RBIF                              00000000
RC0                               00000000
RC1                               00000001
RC2                               00000002
RC3                               00000003
RC4                               00000004
RC5                               00000005
RC6                               00000006
RC7                               00000007
RC8_9                             00000006
RC9                               00000006
RCD8                              00000000
RCEN                              00000003
RCIE                              00000005
RCIF                              00000005
RCREG                             0000001A
RCSTA                             00000018
RD                                00000000
RD0                               00000000
RD1                               00000001
RD2                               00000002
RD3                               00000003
RD4                               00000004
RD5                               00000005
RD6                               00000006
RD7                               00000007
RE0                               00000000
RE1                               00000001
RE2                               00000002
READ_WRITE                        00000002
RP0                               00000005
RP1                               00000006
RSEN                              00000001
RX9                               00000006
RX9D                              00000000
R_NOT_W                           00000002
R_W                               00000002
S                                 00000003
SEN                               00000000
SMP                               00000007
SPBRG                             00000099
SPEN                              00000007
MPASM  5.42                       ODEV_7A.ASM   12-27-2011  2:51:13         PAGE  8


SYMBOL TABLE
  LABEL                             VALUE 

SREN                              00000005
SSPADD                            00000093
SSPBUF                            00000013
SSPCON                            00000014
SSPCON2                           00000091
SSPEN                             00000005
SSPIE                             00000003
SSPIF                             00000003
SSPM0                             00000000
SSPM1                             00000001
SSPM2                             00000002
SSPM3                             00000003
SSPOV                             00000006
SSPSTAT                           00000094
STATUS                            00000003
SYNC                              00000004
Sayac_Adres                       00000021
Sayac_Deger                       00000022
T0CS                              00000005
T0IE                              00000005
T0IF                              00000002
T0SE                              00000004
T1CKPS0                           00000004
T1CKPS1                           00000005
T1CON                             00000010
T1INSYNC                          00000002
T1OSCEN                           00000003
T1SYNC                            00000002
T2CKPS0                           00000000
T2CKPS1                           00000001
T2CON                             00000012
TMR0                              00000001
TMR0IE                            00000005
TMR0IF                            00000002
TMR1CS                            00000001
TMR1H                             0000000F
TMR1IE                            00000000
TMR1IF                            00000000
TMR1L                             0000000E
TMR1ON                            00000000
TMR2                              00000011
TMR2IE                            00000001
TMR2IF                            00000001
TMR2ON                            00000002
TOUTPS0                           00000003
TOUTPS1                           00000004
TOUTPS2                           00000005
TOUTPS3                           00000006
TRISA                             00000085
TRISA0                            00000000
TRISA1                            00000001
TRISA2                            00000002
TRISA3                            00000003
MPASM  5.42                       ODEV_7A.ASM   12-27-2011  2:51:13         PAGE  9


SYMBOL TABLE
  LABEL                             VALUE 

TRISA4                            00000004
TRISA5                            00000005
TRISB                             00000086
TRISB0                            00000000
TRISB1                            00000001
TRISB2                            00000002
TRISB3                            00000003
TRISB4                            00000004
TRISB5                            00000005
TRISB6                            00000006
TRISB7                            00000007
TRISC                             00000087
TRISC0                            00000000
TRISC1                            00000001
TRISC2                            00000002
TRISC3                            00000003
TRISC4                            00000004
TRISC5                            00000005
TRISC6                            00000006
TRISC7                            00000007
TRISD                             00000088
TRISD0                            00000000
TRISD1                            00000001
TRISD2                            00000002
TRISD3                            00000003
TRISD4                            00000004
TRISD5                            00000005
TRISD6                            00000006
TRISD7                            00000007
TRISE                             00000089
TRISE0                            00000000
TRISE1                            00000001
TRISE2                            00000002
TRMT                              00000001
TX8_9                             00000006
TX9                               00000006
TX9D                              00000000
TXD8                              00000000
TXEN                              00000005
TXIE                              00000004
TXIF                              00000004
TXREG                             00000019
TXSTA                             00000098
UA                                00000001
W                                 00000000
WCOL                              00000007
WR                                00000001
WREN                              00000002
WRERR                             00000003
Yazma_Ayari                       00000033
Z                                 00000002
_BODEN_OFF                        00003FBF
_BODEN_ON                         00003FFF
MPASM  5.42                       ODEV_7A.ASM   12-27-2011  2:51:13         PAGE 10


SYMBOL TABLE
  LABEL                             VALUE 

_CONFIG                           00002007
_CPD_OFF                          00003FFF
_CPD_ON                           00003EFF
_CP_ALL                           00001FFF
_CP_OFF                           00003FFF
_DEBUG_OFF                        00003FFF
_DEBUG_ON                         000037FF
_DEVID1                           00002006
_HS_OSC                           00003FFE
_IDLOC0                           00002000
_IDLOC1                           00002001
_IDLOC2                           00002002
_IDLOC3                           00002003
_LP_OSC                           00003FFC
_LVP_OFF                          00003F7F
_LVP_ON                           00003FFF
_PWRTE_OFF                        00003FFF
_PWRTE_ON                         00003FF7
_RC_OSC                           00003FFF
_WDT_OFF                          00003FFB
_WDT_ON                           00003FFF
_WRT_1FOURTH                      00003BFF
_WRT_256                          00003DFF
_WRT_HALF                         000039FF
_WRT_OFF                          00003FFF
_XT_OSC                           00003FFD
__16F877A                         00000001
__DEBUG                           1
ana_program                       00000024


MEMORY USAGE MAP ('X' = Used,  '-' = Unused)

0000 : XX--XXXXXXXXXXXX XXXXXXXXXXXXXXXX XXXXXXXXXXXXXXXX XXXXXXXXXXXXXXXX
0040 : XXXXXXXXXXXX---- ---------------- ---------------- ----------------

All other memory blocks unused.

Program Memory Words Used:    74
Program Memory Words Free:  8118


Errors   :     0
Warnings :     4 reported,     0 suppressed
Messages :    16 reported,     0 suppressed

