Warning[205] C:\USERS\RUMEYSA\DESKTOP\MICRO\ADC DENEME\ADC.ASM 2 : Found directive in column 1. (__config)
Warning[205] C:\USERS\RUMEYSA\DESKTOP\MICRO\ADC DENEME\ADC.ASM 4 : Found directive in column 1. (ORG)
Warning[203] C:\USERS\RUMEYSA\DESKTOP\MICRO\ADC DENEME\ADC.ASM 5 : Found opcode in column 1. (GOTO)
Warning[205] C:\USERS\RUMEYSA\DESKTOP\MICRO\ADC DENEME\ADC.ASM 6 : Found directive in column 1. (ORG)
Warning[203] C:\USERS\RUMEYSA\DESKTOP\MICRO\ADC DENEME\ADC.ASM 9 : Found opcode in column 1. (BTFSS)
Warning[203] C:\USERS\RUMEYSA\DESKTOP\MICRO\ADC DENEME\ADC.ASM 10 : Found opcode in column 1. (RETFIE)
Warning[203] C:\USERS\RUMEYSA\DESKTOP\MICRO\ADC DENEME\ADC.ASM 11 : Found opcode in column 1. (BTFSC)
Warning[203] C:\USERS\RUMEYSA\DESKTOP\MICRO\ADC DENEME\ADC.ASM 12 : Found opcode in column 1. (RETFIE)
Warning[203] C:\USERS\RUMEYSA\DESKTOP\MICRO\ADC DENEME\ADC.ASM 13 : Found opcode in column 1. (BCF)
Warning[203] C:\USERS\RUMEYSA\DESKTOP\MICRO\ADC DENEME\ADC.ASM 14 : Found opcode in column 1. (BSF)
Warning[203] C:\USERS\RUMEYSA\DESKTOP\MICRO\ADC DENEME\ADC.ASM 15 : Found opcode in column 1. (MOVF)
Warning[203] C:\USERS\RUMEYSA\DESKTOP\MICRO\ADC DENEME\ADC.ASM 16 : Found opcode in column 1. (MOVWF)
Warning[203] C:\USERS\RUMEYSA\DESKTOP\MICRO\ADC DENEME\ADC.ASM 17 : Found opcode in column 1. (RETFIE)
Warning[205] C:\USERS\RUMEYSA\DESKTOP\MICRO\ADC DENEME\ADC.ASM 20 : Found directive in column 1. (BANKSEL)
Warning[203] C:\USERS\RUMEYSA\DESKTOP\MICRO\ADC DENEME\ADC.ASM 21 : Found opcode in column 1. (MOVLW)
Warning[203] C:\USERS\RUMEYSA\DESKTOP\MICRO\ADC DENEME\ADC.ASM 22 : Found opcode in column 1. (MOVWF)
Message[302] C:\USERS\RUMEYSA\DESKTOP\MICRO\ADC DENEME\ADC.ASM 22 : Register in operand not in bank 0.  Ensure that bank bits are correct.
Warning[203] C:\USERS\RUMEYSA\DESKTOP\MICRO\ADC DENEME\ADC.ASM 23 : Found opcode in column 1. (CLRF)
Message[302] C:\USERS\RUMEYSA\DESKTOP\MICRO\ADC DENEME\ADC.ASM 23 : Register in operand not in bank 0.  Ensure that bank bits are correct.
Warning[203] C:\USERS\RUMEYSA\DESKTOP\MICRO\ADC DENEME\ADC.ASM 25 : Found opcode in column 1. (BSF)
Warning[203] C:\USERS\RUMEYSA\DESKTOP\MICRO\ADC DENEME\ADC.ASM 26 : Found opcode in column 1. (BSF)
Warning[203] C:\USERS\RUMEYSA\DESKTOP\MICRO\ADC DENEME\ADC.ASM 27 : Found opcode in column 1. (BSF)
Message[302] C:\USERS\RUMEYSA\DESKTOP\MICRO\ADC DENEME\ADC.ASM 27 : Register in operand not in bank 0.  Ensure that bank bits are correct.
Warning[203] C:\USERS\RUMEYSA\DESKTOP\MICRO\ADC DENEME\ADC.ASM 29 : Found opcode in column 1. (BSF)
Message[302] C:\USERS\RUMEYSA\DESKTOP\MICRO\ADC DENEME\ADC.ASM 29 : Register in operand not in bank 0.  Ensure that bank bits are correct.
Warning[203] C:\USERS\RUMEYSA\DESKTOP\MICRO\ADC DENEME\ADC.ASM 30 : Found opcode in column 1. (BCF)
Message[302] C:\USERS\RUMEYSA\DESKTOP\MICRO\ADC DENEME\ADC.ASM 30 : Register in operand not in bank 0.  Ensure that bank bits are correct.
Warning[205] C:\USERS\RUMEYSA\DESKTOP\MICRO\ADC DENEME\ADC.ASM 31 : Found directive in column 1. (BANKSEL)
Warning[203] C:\USERS\RUMEYSA\DESKTOP\MICRO\ADC DENEME\ADC.ASM 32 : Found opcode in column 1. (CLRF)
Warning[203] C:\USERS\RUMEYSA\DESKTOP\MICRO\ADC DENEME\ADC.ASM 33 : Found opcode in column 1. (CLRF)
Warning[203] C:\USERS\RUMEYSA\DESKTOP\MICRO\ADC DENEME\ADC.ASM 34 : Found opcode in column 1. (MOVLW)
Warning[203] C:\USERS\RUMEYSA\DESKTOP\MICRO\ADC DENEME\ADC.ASM 35 : Found opcode in column 1. (MOVWF)
Warning[203] C:\USERS\RUMEYSA\DESKTOP\MICRO\ADC DENEME\ADC.ASM 36 : Found opcode in column 1. (BCF)
Warning[203] C:\USERS\RUMEYSA\DESKTOP\MICRO\ADC DENEME\ADC.ASM 39 : Found opcode in column 1. (GOTO)
Warning[205] C:\USERS\RUMEYSA\DESKTOP\MICRO\ADC DENEME\ADC.ASM 41 : Found directive in column 1. (END)
