MPASM  5.42                      UNTITLED.ASM   12-26-2011  23:47:02         PAGE  1


LOC  OBJECT CODE     LINE SOURCE TEXT
  VALUE

Warning[205]: Found directive in column 1. (list)
                      00001 list p =16F877A
Warning[205]: Found directive in column 1. (include)
                      00002 include "P16F877A.inc"
                      00001         LIST
                      00002 
                      00003 ;==========================================================================
                      00004 ;  MPASM PIC16F877A processor include
                      00005 ; 
                      00006 ;  (c) Copyright 1999-2011 Microchip Technology, All rights reserved
                      00007 ;==========================================================================
                      00008 
                      00555         LIST
  00000021            00003 Sayac equ 0x21
  00000022            00004 Sayac1 equ 0x22
  00000023            00005 Sayac2 equ 0x23
                      00006 
Warning[205]: Found directive in column 1. (ORG)
0000                  00007 ORG 0
Warning[203]: Found opcode in column 1. (goto)
0000   282D           00008 goto Ana_Program
Warning[205]: Found directive in column 1. (ORG)
0004                  00009 ORG 4
                      00010 
                      00011 
0004                  00012 Kesme
0004   1C0B           00013         BTFSS INTCON,RBIF
0005   0009           00014         retfie
                      00015 
0006                  00016 Tus_Kontrol
0006   1B86           00017         BTFSC PORTB,7
0007   2809           00018         goto Tus6_Kontrol
0008   2813           00019         goto Tus7_islemler
                      00020 
0009                  00021 Tus6_Kontrol
0009   1B06           00022         BTFSC PORTB,6
000A   282B           00023         goto Cikis
000B   280C           00024         goto Tus6_islemler
                      00025         
000C                  00026 Tus6_islemler
000C   0188           00027         CLRF PORTD
000D   3002           00028         MOVLW B'00000010'
000E   0085           00029         MOVWF PORTA
000F   201A           00030         call Sayac_Kontrol_Artirma
0010   203D           00031         call LOOKUP     
0011   0088           00032         MOVWF PORTD
0012   282B           00033         goto Cikis
                      00034 
0013                  00035 Tus7_islemler
0013   0188           00036         CLRF PORTD
0014   3001           00037         MOVLW B'00000001'
0015   0085           00038         MOVWF PORTA
0016   2022           00039         call Sayac_Kontrol_Azaltma
MPASM  5.42                      UNTITLED.ASM   12-26-2011  23:47:02         PAGE  2


LOC  OBJECT CODE     LINE SOURCE TEXT
  VALUE

0017   203D           00040         call LOOKUP     
0018   0088           00041         MOVWF PORTD
0019   282B           00042         goto Cikis
                      00043 
                      00044 
001A                  00045 Sayac_Kontrol_Artirma
001A   0821           00046         movf Sayac,w
001B   3C09           00047         sublw D'9'
001C   1D03           00048         btfss STATUS,Z
001D   2820           00049         goto Artir
001E   01A1           00050         clrf Sayac
001F   0008           00051         return
                      00052 
0020                  00053 Artir
Message[305]: Using default destination of 1 (file).
0020   0AA1           00054         incf Sayac
0021   0008           00055         return
                      00056 
0022                  00057 Sayac_Kontrol_Azaltma   
0022   0821           00058         movf Sayac,w
0023   3C00           00059         sublw D'0'
0024   1D03           00060         btfss STATUS,Z
0025   2829           00061         goto Azalt
0026   3009           00062         movlw d'9'
0027   00A1           00063         movwf Sayac
0028   0008           00064         return
                      00065 
0029                  00066 Azalt
Message[305]: Using default destination of 1 (file).
0029   03A1           00067         decf Sayac
002A   0008           00068         return
                      00069 
002B                  00070 Cikis
002B   100B           00071         BCF INTCON,RBIF 
002C   0009           00072         retfie
                      00073 
                      00074 
002D                  00075 Ana_Program
002D   0185           00076         CLRF PORTA
002E   0186           00077         CLRF PORTB
002F   0188           00078         CLRF PORTD
0030   01A1           00079         CLRF Sayac
                      00080                 
0031   1683           00081         BSF STATUS,RP0
Message[302]: Register in operand not in bank 0.  Ensure that bank bits are correct.
0032   1381           00082         BCF OPTION_REG,7
0033   30C0           00083         MOVLW B'11000000'
Message[302]: Register in operand not in bank 0.  Ensure that bank bits are correct.
0034   0086           00084         MOVWF TRISB
                      00085 
Message[302]: Register in operand not in bank 0.  Ensure that bank bits are correct.
0035   0185           00086         CLRF TRISA
Message[302]: Register in operand not in bank 0.  Ensure that bank bits are correct.
MPASM  5.42                      UNTITLED.ASM   12-26-2011  23:47:02         PAGE  3


LOC  OBJECT CODE     LINE SOURCE TEXT
  VALUE

0036   0188           00087         CLRF TRISD
                      00088         
0037   3006           00089         MOVLW 0X06
Message[302]: Register in operand not in bank 0.  Ensure that bank bits are correct.
0038   009F           00090         MOVWF ADCON1
                      00091 
0039   30C8           00092         MOVLW B'11001000'
003A   008B           00093         MOVWF INTCON
                      00094         
003B   1283           00095         BCF STATUS,RP0  
                      00096 
003C                  00097 Dongu
003C   283C           00098         goto Dongu      
                      00099 
003D                  00100 LOOKUP
003D   0821           00101         movf Sayac,0
003E   0782           00102         addwf PCL,1
003F   343F           00103         retlw b'00111111';0        
0040   3406           00104         retlw b'00000110';1
0041   345B           00105         retlw b'01011011';2
0042   344F           00106         retlw b'01001111';3
0043   3466           00107         retlw b'01100110';4
0044   346D           00108         retlw b'01101101';5
0045   347D           00109         retlw b'01111101';6
0046   3407           00110         retlw b'00000111';7
0047   347F           00111         retlw b'01111111';8
0048   3467           00112         retlw b'01100111';9
                      00113 
                      00114         end
MPASM  5.42                      UNTITLED.ASM   12-26-2011  23:47:02         PAGE  4


SYMBOL TABLE
  LABEL                             VALUE 

ACKDT                             00000005
ACKEN                             00000004
ACKSTAT                           00000006
ADCON0                            0000001F
ADCON1                            0000009F
ADCS0                             00000006
ADCS1                             00000007
ADCS2                             00000006
ADDEN                             00000003
ADFM                              00000007
ADIE                              00000006
ADIF                              00000006
ADON                              00000000
ADRESH                            0000001E
ADRESL                            0000009E
Ana_Program                       0000002D
Artir                             00000020
Azalt                             00000029
BCLIE                             00000003
BCLIF                             00000003
BF                                00000000
BRGH                              00000002
C                                 00000000
C1INV                             00000004
C1OUT                             00000006
C2INV                             00000005
C2OUT                             00000007
CCP1CON                           00000017
CCP1IE                            00000002
CCP1IF                            00000002
CCP1M0                            00000000
CCP1M1                            00000001
CCP1M2                            00000002
CCP1M3                            00000003
CCP1X                             00000005
CCP1Y                             00000004
CCP2CON                           0000001D
CCP2IE                            00000000
CCP2IF                            00000000
CCP2M0                            00000000
CCP2M1                            00000001
CCP2M2                            00000002
CCP2M3                            00000003
CCP2X                             00000005
CCP2Y                             00000004
CCPR1                             00000015
CCPR1H                            00000016
CCPR1L                            00000015
CCPR2                             0000001B
CCPR2H                            0000001C
CCPR2L                            0000001B
CHS0                              00000003
CHS1                              00000004
MPASM  5.42                      UNTITLED.ASM   12-26-2011  23:47:02         PAGE  5


SYMBOL TABLE
  LABEL                             VALUE 

CHS2                              00000005
CIS                               00000003
CKE                               00000006
CKP                               00000004
CM0                               00000000
CM1                               00000001
CM2                               00000002
CMCON                             0000009C
CMIE                              00000006
CMIF                              00000006
CREN                              00000004
CSRC                              00000007
CVR0                              00000000
CVR1                              00000001
CVR2                              00000002
CVR3                              00000003
CVRCON                            0000009D
CVREN                             00000007
CVROE                             00000006
CVRR                              00000005
Cikis                             0000002B
D                                 00000005
DATA_ADDRESS                      00000005
DC                                00000001
D_A                               00000005
D_NOT_A                           00000005
Dongu                             0000003C
EEADR                             0000010D
EEADRH                            0000010F
EECON1                            0000018C
EECON2                            0000018D
EEDATA                            0000010C
EEDATH                            0000010E
EEIE                              00000004
EEIF                              00000004
EEPGD                             00000007
F                                 00000001
FERR                              00000002
FSR                               00000004
GCEN                              00000007
GIE                               00000007
GO                                00000002
GO_DONE                           00000002
GO_NOT_DONE                       00000002
I2C_DATA                          00000005
I2C_READ                          00000002
I2C_START                         00000003
I2C_STOP                          00000004
IBF                               00000007
IBOV                              00000005
INDF                              00000000
INTCON                            0000000B
INTE                              00000004
MPASM  5.42                      UNTITLED.ASM   12-26-2011  23:47:02         PAGE  6


SYMBOL TABLE
  LABEL                             VALUE 

INTEDG                            00000006
INTF                              00000001
IRP                               00000007
Kesme                             00000004
LOOKUP                            0000003D
NOT_A                             00000005
NOT_ADDRESS                       00000005
NOT_BO                            00000000
NOT_BOR                           00000000
NOT_DONE                          00000002
NOT_PD                            00000003
NOT_POR                           00000001
NOT_RBPU                          00000007
NOT_RC8                           00000006
NOT_T1SYNC                        00000002
NOT_TO                            00000004
NOT_TX8                           00000006
NOT_W                             00000002
NOT_WRITE                         00000002
OBF                               00000006
OERR                              00000001
OPTION_REG                        00000081
P                                 00000004
PCFG0                             00000000
PCFG1                             00000001
PCFG2                             00000002
PCFG3                             00000003
PCL                               00000002
PCLATH                            0000000A
PCON                              0000008E
PEIE                              00000006
PEN                               00000002
PIE1                              0000008C
PIE2                              0000008D
PIR1                              0000000C
PIR2                              0000000D
PORTA                             00000005
PORTB                             00000006
PORTC                             00000007
PORTD                             00000008
PORTE                             00000009
PR2                               00000092
PS0                               00000000
PS1                               00000001
PS2                               00000002
PSA                               00000003
PSPIE                             00000007
PSPIF                             00000007
PSPMODE                           00000004
R                                 00000002
RA0                               00000000
RA1                               00000001
RA2                               00000002
MPASM  5.42                      UNTITLED.ASM   12-26-2011  23:47:02         PAGE  7


SYMBOL TABLE
  LABEL                             VALUE 

RA3                               00000003
RA4                               00000004
RA5                               00000005
RB0                               00000000
RB1                               00000001
RB2                               00000002
RB3                               00000003
RB4                               00000004
RB5                               00000005
RB6                               00000006
RB7                               00000007
RBIE                              00000003
RBIF                              00000000
RC0                               00000000
RC1                               00000001
RC2                               00000002
RC3                               00000003
RC4                               00000004
RC5                               00000005
RC6                               00000006
RC7                               00000007
RC8_9                             00000006
RC9                               00000006
RCD8                              00000000
RCEN                              00000003
RCIE                              00000005
RCIF                              00000005
RCREG                             0000001A
RCSTA                             00000018
RD                                00000000
RD0                               00000000
RD1                               00000001
RD2                               00000002
RD3                               00000003
RD4                               00000004
RD5                               00000005
RD6                               00000006
RD7                               00000007
RE0                               00000000
RE1                               00000001
RE2                               00000002
READ_WRITE                        00000002
RP0                               00000005
RP1                               00000006
RSEN                              00000001
RX9                               00000006
RX9D                              00000000
R_NOT_W                           00000002
R_W                               00000002
S                                 00000003
SEN                               00000000
SMP                               00000007
SPBRG                             00000099
MPASM  5.42                      UNTITLED.ASM   12-26-2011  23:47:02         PAGE  8


SYMBOL TABLE
  LABEL                             VALUE 

SPEN                              00000007
SREN                              00000005
SSPADD                            00000093
SSPBUF                            00000013
SSPCON                            00000014
SSPCON2                           00000091
SSPEN                             00000005
SSPIE                             00000003
SSPIF                             00000003
SSPM0                             00000000
SSPM1                             00000001
SSPM2                             00000002
SSPM3                             00000003
SSPOV                             00000006
SSPSTAT                           00000094
STATUS                            00000003
SYNC                              00000004
Sayac                             00000021
Sayac1                            00000022
Sayac2                            00000023
Sayac_Kontrol_Artirma             0000001A
Sayac_Kontrol_Azaltma             00000022
T0CS                              00000005
T0IE                              00000005
T0IF                              00000002
T0SE                              00000004
T1CKPS0                           00000004
T1CKPS1                           00000005
T1CON                             00000010
T1INSYNC                          00000002
T1OSCEN                           00000003
T1SYNC                            00000002
T2CKPS0                           00000000
T2CKPS1                           00000001
T2CON                             00000012
TMR0                              00000001
TMR0IE                            00000005
TMR0IF                            00000002
TMR1CS                            00000001
TMR1H                             0000000F
TMR1IE                            00000000
TMR1IF                            00000000
TMR1L                             0000000E
TMR1ON                            00000000
TMR2                              00000011
TMR2IE                            00000001
TMR2IF                            00000001
TMR2ON                            00000002
TOUTPS0                           00000003
TOUTPS1                           00000004
TOUTPS2                           00000005
TOUTPS3                           00000006
TRISA                             00000085
MPASM  5.42                      UNTITLED.ASM   12-26-2011  23:47:02         PAGE  9


SYMBOL TABLE
  LABEL                             VALUE 

TRISA0                            00000000
TRISA1                            00000001
TRISA2                            00000002
TRISA3                            00000003
TRISA4                            00000004
TRISA5                            00000005
TRISB                             00000086
TRISB0                            00000000
TRISB1                            00000001
TRISB2                            00000002
TRISB3                            00000003
TRISB4                            00000004
TRISB5                            00000005
TRISB6                            00000006
TRISB7                            00000007
TRISC                             00000087
TRISC0                            00000000
TRISC1                            00000001
TRISC2                            00000002
TRISC3                            00000003
TRISC4                            00000004
TRISC5                            00000005
TRISC6                            00000006
TRISC7                            00000007
TRISD                             00000088
TRISD0                            00000000
TRISD1                            00000001
TRISD2                            00000002
TRISD3                            00000003
TRISD4                            00000004
TRISD5                            00000005
TRISD6                            00000006
TRISD7                            00000007
TRISE                             00000089
TRISE0                            00000000
TRISE1                            00000001
TRISE2                            00000002
TRMT                              00000001
TX8_9                             00000006
TX9                               00000006
TX9D                              00000000
TXD8                              00000000
TXEN                              00000005
TXIE                              00000004
TXIF                              00000004
TXREG                             00000019
TXSTA                             00000098
Tus6_Kontrol                      00000009
Tus6_islemler                     0000000C
Tus7_islemler                     00000013
Tus_Kontrol                       00000006
UA                                00000001
W                                 00000000
MPASM  5.42                      UNTITLED.ASM   12-26-2011  23:47:02         PAGE 10


SYMBOL TABLE
  LABEL                             VALUE 

WCOL                              00000007
WR                                00000001
WREN                              00000002
WRERR                             00000003
Z                                 00000002
_BODEN_OFF                        00003FBF
_BODEN_ON                         00003FFF
_CONFIG                           00002007
_CPD_OFF                          00003FFF
_CPD_ON                           00003EFF
_CP_ALL                           00001FFF
_CP_OFF                           00003FFF
_DEBUG_OFF                        00003FFF
_DEBUG_ON                         000037FF
_DEVID1                           00002006
_HS_OSC                           00003FFE
_IDLOC0                           00002000
_IDLOC1                           00002001
_IDLOC2                           00002002
_IDLOC3                           00002003
_LP_OSC                           00003FFC
_LVP_OFF                          00003F7F
_LVP_ON                           00003FFF
_PWRTE_OFF                        00003FFF
_PWRTE_ON                         00003FF7
_RC_OSC                           00003FFF
_WDT_OFF                          00003FFB
_WDT_ON                           00003FFF
_WRT_1FOURTH                      00003BFF
_WRT_256                          00003DFF
_WRT_HALF                         000039FF
_WRT_OFF                          00003FFF
_XT_OSC                           00003FFD
__16F877A                         00000001
__DEBUG                           1


MEMORY USAGE MAP ('X' = Used,  '-' = Unused)

0000 : X---XXXXXXXXXXXX XXXXXXXXXXXXXXXX XXXXXXXXXXXXXXXX XXXXXXXXXXXXXXXX
0040 : XXXXXXXXX------- ---------------- ---------------- ----------------

All other memory blocks unused.

Program Memory Words Used:    70
Program Memory Words Free:  8122


MPASM  5.42                      UNTITLED.ASM   12-26-2011  23:47:02         PAGE 11





Errors   :     0
Warnings :     5 reported,     0 suppressed
Messages :     7 reported,     0 suppressed

