MPASM  5.51                      UNTITLED.ASM   11-27-2018  10:43:39         PAGE  1


LOC  OBJECT CODE     LINE SOURCE TEXT
  VALUE

                      00001 #INCLUDE <P16F877A.INC>
                      00001         LIST
                      00002 
                      00003 ;==========================================================================
                      00004 ;  MPASM PIC16F877A processor include
                      00005 ; 
                      00006 ;  (c) Copyright 1999-2013 Microchip Technology, All rights reserved
                      00007 ;==========================================================================
                      00008 
                      00566         LIST
  00000020            00002 SAYAC0 EQU 0X20
  00000021            00003 SAYAC1 EQU 0X21
  00000022            00004 SAYILED EQU 0X22
  00000023            00005 SAYIMOTOR EQU 0X23
                      00006 
0000                  00007         ORG 0X00
0000   2805           00008         GOTO MAIN
0004                  00009         ORG 0X04
0004   0009           00010         RETFIE
0005                  00011 MAIN
0005   1683 1303      00012         BANKSEL ADCON1
0007   3006           00013         MOVLW D'6'
Message[302]: Register in operand not in bank 0.  Ensure that bank bits are correct.
0008   009F           00014         MOVWF ADCON1
0009   1683 1303      00015         BANKSEL TRISA
000B   30FF           00016         MOVLW D'255'
Message[302]: Register in operand not in bank 0.  Ensure that bank bits are correct.
000C   0085           00017         MOVWF TRISA
Message[302]: Register in operand not in bank 0.  Ensure that bank bits are correct.
000D   0187           00018         CLRF TRISC
000E   1283 1303      00019         BANKSEL PORTA
0010   0185           00020         CLRF PORTA
0011   0187           00021         CLRF PORTC
0012   1683 1303      00022         BANKSEL PR2
0014   3031           00023         MOVLW D'49'
Message[302]: Register in operand not in bank 0.  Ensure that bank bits are correct.
0015   0092           00024         MOVWF PR2
0016   1283 1303      00025         BANKSEL CCPR1L
0018   300C           00026         MOVLW B'00001100'
0019   0095           00027         MOVWF CCPR1L
001A   1283 1303      00028         BANKSEL CCP1CON
001C   302C           00029         MOVLW B'00101100'
001D   0097           00030         MOVWF CCP1CON
001E   1283 1303      00031         BANKSEL T2CON
0020   3005           00032         MOVLW B'00000101'
0021   0092           00033         MOVWF T2CON
0022   3001           00034         MOVLW D'1'
0023   00A2           00035         MOVWF SAYILED
0024   1283 1303      00036         BANKSEL CCPR2L
0026   3019           00037         MOVLW B'00011001'
0027   009B           00038         MOVWF CCPR2L
0028   1283 1303      00039         BANKSEL CCP2CON
002A   300C           00040         MOVLW B'00001100'
MPASM  5.51                      UNTITLED.ASM   11-27-2018  10:43:39         PAGE  2


LOC  OBJECT CODE     LINE SOURCE TEXT
  VALUE

002B   009D           00041         MOVWF CCP2CON
002C   3001           00042         MOVLW D'1'
002D   00A3           00043         MOVWF SAYIMOTOR
002E                  00044 BUTONLAR
002E   1805           00045         BTFSC PORTA,0
002F   2837           00046         GOTO PARLAKLIK_ARTIR
0030   1885           00047         BTFSC PORTA,1
0031   2840           00048         GOTO PARLAKLIK_AZALT
0032   1905           00049         BTFSC PORTA,2
0033   2849           00050         GOTO HIZ_ARTIR
0034   1985           00051         BTFSC PORTA,3
0035   2852           00052         GOTO HIZ_AZALT
0036   282E           00053         GOTO BUTONLAR
0037                  00054 PARLAKLIK_ARTIR
0037   1805           00055         BTFSC PORTA,0
0038   2837           00056         GOTO PARLAKLIK_ARTIR
0039   303E           00057         MOVLW D'62'
003A   0215           00058         SUBWF CCPR1L,W
003B   1903           00059         BTFSC STATUS,Z
003C   282E           00060         GOTO BUTONLAR
003D   0822           00061         MOVFW SAYILED
003E   0795           00062         ADDWF CCPR1L,F
003F   282E           00063         GOTO BUTONLAR
0040                  00064 PARLAKLIK_AZALT
0040   1885           00065         BTFSC PORTA,1
0041   2840           00066         GOTO PARLAKLIK_AZALT
0042   3000           00067         MOVLW D'0'
0043   0215           00068         SUBWF CCPR1L,W
0044   1903           00069         BTFSC STATUS,Z
0045   282E           00070         GOTO BUTONLAR
0046   0822           00071         MOVFW SAYILED
0047   0295           00072         SUBWF CCPR1L,F
0048   282E           00073         GOTO BUTONLAR
0049                  00074 HIZ_ARTIR
0049   1905           00075         BTFSC PORTA,2
004A   2849           00076         GOTO HIZ_ARTIR
004B   303E           00077         MOVLW D'62'
004C   021B           00078         SUBWF CCPR2L,W
004D   1903           00079         BTFSC STATUS,Z
004E   282E           00080         GOTO BUTONLAR
004F   0823           00081         MOVFW SAYIMOTOR
0050   079B           00082         ADDWF CCPR2L,F
0051   282E           00083         GOTO BUTONLAR
0052                  00084 HIZ_AZALT
0052   1985           00085         BTFSC PORTA,3
0053   2852           00086         GOTO HIZ_AZALT
0054   3000           00087         MOVLW D'0'
0055   021B           00088         SUBWF CCPR2L,W
0056   1903           00089         BTFSC STATUS,Z
0057   282E           00090         GOTO BUTONLAR
0058   0823           00091         MOVFW SAYIMOTOR
0059   029B           00092         SUBWF CCPR2L,F
005A   282E           00093         GOTO BUTONLAR
MPASM  5.51                      UNTITLED.ASM   11-27-2018  10:43:39         PAGE  3


LOC  OBJECT CODE     LINE SOURCE TEXT
  VALUE

                      00094         END
MPASM  5.51                      UNTITLED.ASM   11-27-2018  10:43:39         PAGE  4


SYMBOL TABLE
  LABEL                             VALUE 

ACKDT                             00000005
ACKEN                             00000004
ACKSTAT                           00000006
ADCON0                            0000001F
ADCON1                            0000009F
ADCS0                             00000006
ADCS1                             00000007
ADCS2                             00000006
ADDEN                             00000003
ADFM                              00000007
ADIE                              00000006
ADIF                              00000006
ADON                              00000000
ADRESH                            0000001E
ADRESL                            0000009E
BCLIE                             00000003
BCLIF                             00000003
BF                                00000000
BRGH                              00000002
BUTONLAR                          0000002E
C                                 00000000
C1INV                             00000004
C1OUT                             00000006
C2INV                             00000005
C2OUT                             00000007
CCP1CON                           00000017
CCP1IE                            00000002
CCP1IF                            00000002
CCP1M0                            00000000
CCP1M1                            00000001
CCP1M2                            00000002
CCP1M3                            00000003
CCP1X                             00000005
CCP1Y                             00000004
CCP2CON                           0000001D
CCP2IE                            00000000
CCP2IF                            00000000
CCP2M0                            00000000
CCP2M1                            00000001
CCP2M2                            00000002
CCP2M3                            00000003
CCP2X                             00000005
CCP2Y                             00000004
CCPR1                             00000015
CCPR1H                            00000016
CCPR1L                            00000015
CCPR2                             0000001B
CCPR2H                            0000001C
CCPR2L                            0000001B
CHS0                              00000003
CHS1                              00000004
CHS2                              00000005
CIS                               00000003
MPASM  5.51                      UNTITLED.ASM   11-27-2018  10:43:39         PAGE  5


SYMBOL TABLE
  LABEL                             VALUE 

CKE                               00000006
CKP                               00000004
CM0                               00000000
CM1                               00000001
CM2                               00000002
CMCON                             0000009C
CMIE                              00000006
CMIF                              00000006
CREN                              00000004
CSRC                              00000007
CVR0                              00000000
CVR1                              00000001
CVR2                              00000002
CVR3                              00000003
CVRCON                            0000009D
CVREN                             00000007
CVROE                             00000006
CVRR                              00000005
D                                 00000005
DATA_ADDRESS                      00000005
DC                                00000001
D_A                               00000005
D_NOT_A                           00000005
EEADR                             0000010D
EEADRH                            0000010F
EECON1                            0000018C
EECON2                            0000018D
EEDATA                            0000010C
EEDATH                            0000010E
EEIE                              00000004
EEIF                              00000004
EEPGD                             00000007
F                                 00000001
FERR                              00000002
FSR                               00000004
GCEN                              00000007
GIE                               00000007
GO                                00000002
GO_DONE                           00000002
GO_NOT_DONE                       00000002
HIZ_ARTIR                         00000049
HIZ_AZALT                         00000052
I2C_DATA                          00000005
I2C_READ                          00000002
I2C_START                         00000003
I2C_STOP                          00000004
IBF                               00000007
IBOV                              00000005
INDF                              00000000
INTCON                            0000000B
INTE                              00000004
INTEDG                            00000006
INTF                              00000001
MPASM  5.51                      UNTITLED.ASM   11-27-2018  10:43:39         PAGE  6


SYMBOL TABLE
  LABEL                             VALUE 

IRP                               00000007
MAIN                              00000005
NOT_A                             00000005
NOT_ADDRESS                       00000005
NOT_BO                            00000000
NOT_BOR                           00000000
NOT_DONE                          00000002
NOT_PD                            00000003
NOT_POR                           00000001
NOT_RBPU                          00000007
NOT_RC8                           00000006
NOT_T1SYNC                        00000002
NOT_TO                            00000004
NOT_TX8                           00000006
NOT_W                             00000002
NOT_WRITE                         00000002
OBF                               00000006
OERR                              00000001
OPTION_REG                        00000081
P                                 00000004
PARLAKLIK_ARTIR                   00000037
PARLAKLIK_AZALT                   00000040
PCFG0                             00000000
PCFG1                             00000001
PCFG2                             00000002
PCFG3                             00000003
PCL                               00000002
PCLATH                            0000000A
PCON                              0000008E
PEIE                              00000006
PEN                               00000002
PIE1                              0000008C
PIE2                              0000008D
PIR1                              0000000C
PIR2                              0000000D
PORTA                             00000005
PORTB                             00000006
PORTC                             00000007
PORTD                             00000008
PORTE                             00000009
PR2                               00000092
PS0                               00000000
PS1                               00000001
PS2                               00000002
PSA                               00000003
PSPIE                             00000007
PSPIF                             00000007
PSPMODE                           00000004
R                                 00000002
RA0                               00000000
RA1                               00000001
RA2                               00000002
RA3                               00000003
MPASM  5.51                      UNTITLED.ASM   11-27-2018  10:43:39         PAGE  7


SYMBOL TABLE
  LABEL                             VALUE 

RA4                               00000004
RA5                               00000005
RB0                               00000000
RB1                               00000001
RB2                               00000002
RB3                               00000003
RB4                               00000004
RB5                               00000005
RB6                               00000006
RB7                               00000007
RBIE                              00000003
RBIF                              00000000
RC0                               00000000
RC1                               00000001
RC2                               00000002
RC3                               00000003
RC4                               00000004
RC5                               00000005
RC6                               00000006
RC7                               00000007
RC8_9                             00000006
RC9                               00000006
RCD8                              00000000
RCEN                              00000003
RCIE                              00000005
RCIF                              00000005
RCREG                             0000001A
RCSTA                             00000018
RD                                00000000
RD0                               00000000
RD1                               00000001
RD2                               00000002
RD3                               00000003
RD4                               00000004
RD5                               00000005
RD6                               00000006
RD7                               00000007
RE0                               00000000
RE1                               00000001
RE2                               00000002
READ_WRITE                        00000002
RP0                               00000005
RP1                               00000006
RSEN                              00000001
RX9                               00000006
RX9D                              00000000
R_NOT_W                           00000002
R_W                               00000002
S                                 00000003
SAYAC0                            00000020
SAYAC1                            00000021
SAYILED                           00000022
SAYIMOTOR                         00000023
MPASM  5.51                      UNTITLED.ASM   11-27-2018  10:43:39         PAGE  8


SYMBOL TABLE
  LABEL                             VALUE 

SEN                               00000000
SMP                               00000007
SPBRG                             00000099
SPEN                              00000007
SREN                              00000005
SSPADD                            00000093
SSPBUF                            00000013
SSPCON                            00000014
SSPCON2                           00000091
SSPEN                             00000005
SSPIE                             00000003
SSPIF                             00000003
SSPM0                             00000000
SSPM1                             00000001
SSPM2                             00000002
SSPM3                             00000003
SSPOV                             00000006
SSPSTAT                           00000094
STATUS                            00000003
SYNC                              00000004
T0CS                              00000005
T0IE                              00000005
T0IF                              00000002
T0SE                              00000004
T1CKPS0                           00000004
T1CKPS1                           00000005
T1CON                             00000010
T1INSYNC                          00000002
T1OSCEN                           00000003
T1SYNC                            00000002
T2CKPS0                           00000000
T2CKPS1                           00000001
T2CON                             00000012
TMR0                              00000001
TMR0IE                            00000005
TMR0IF                            00000002
TMR1                              0000000E
TMR1CS                            00000001
TMR1H                             0000000F
TMR1IE                            00000000
TMR1IF                            00000000
TMR1L                             0000000E
TMR1ON                            00000000
TMR2                              00000011
TMR2IE                            00000001
TMR2IF                            00000001
TMR2ON                            00000002
TOUTPS0                           00000003
TOUTPS1                           00000004
TOUTPS2                           00000005
TOUTPS3                           00000006
TRISA                             00000085
TRISA0                            00000000
MPASM  5.51                      UNTITLED.ASM   11-27-2018  10:43:39         PAGE  9


SYMBOL TABLE
  LABEL                             VALUE 

TRISA1                            00000001
TRISA2                            00000002
TRISA3                            00000003
TRISA4                            00000004
TRISA5                            00000005
TRISB                             00000086
TRISB0                            00000000
TRISB1                            00000001
TRISB2                            00000002
TRISB3                            00000003
TRISB4                            00000004
TRISB5                            00000005
TRISB6                            00000006
TRISB7                            00000007
TRISC                             00000087
TRISC0                            00000000
TRISC1                            00000001
TRISC2                            00000002
TRISC3                            00000003
TRISC4                            00000004
TRISC5                            00000005
TRISC6                            00000006
TRISC7                            00000007
TRISD                             00000088
TRISD0                            00000000
TRISD1                            00000001
TRISD2                            00000002
TRISD3                            00000003
TRISD4                            00000004
TRISD5                            00000005
TRISD6                            00000006
TRISD7                            00000007
TRISE                             00000089
TRISE0                            00000000
TRISE1                            00000001
TRISE2                            00000002
TRMT                              00000001
TX8_9                             00000006
TX9                               00000006
TX9D                              00000000
TXD8                              00000000
TXEN                              00000005
TXIE                              00000004
TXIF                              00000004
TXREG                             00000019
TXSTA                             00000098
UA                                00000001
W                                 00000000
WCOL                              00000007
WR                                00000001
WREN                              00000002
WRERR                             00000003
Z                                 00000002
MPASM  5.51                      UNTITLED.ASM   11-27-2018  10:43:39         PAGE 10


SYMBOL TABLE
  LABEL                             VALUE 

_BODEN_OFF                        00003FBF
_BODEN_ON                         00003FFF
_BOREN_OFF                        00003FBF
_BOREN_ON                         00003FFF
_CONFIG                           00002007
_CPD_OFF                          00003FFF
_CPD_ON                           00003EFF
_CP_ALL                           00001FFF
_CP_OFF                           00003FFF
_CP_ON                            00001FFF
_DEBUG_OFF                        00003FFF
_DEBUG_ON                         000037FF
_DEVID1                           00002006
_FOSC_EXTRC                       00003FFF
_FOSC_HS                          00003FFE
_FOSC_LP                          00003FFC
_FOSC_XT                          00003FFD
_HS_OSC                           00003FFE
_IDLOC0                           00002000
_IDLOC1                           00002001
_IDLOC2                           00002002
_IDLOC3                           00002003
_LP_OSC                           00003FFC
_LVP_OFF                          00003F7F
_LVP_ON                           00003FFF
_PWRTE_OFF                        00003FFF
_PWRTE_ON                         00003FF7
_RC_OSC                           00003FFF
_WDTE_OFF                         00003FFB
_WDTE_ON                          00003FFF
_WDT_OFF                          00003FFB
_WDT_ON                           00003FFF
_WRT_1FOURTH                      00003BFF
_WRT_256                          00003DFF
_WRT_HALF                         000039FF
_WRT_OFF                          00003FFF
_XT_OSC                           00003FFD
__16F877A                         00000001
__DEBUG                           1


MEMORY USAGE MAP ('X' = Used,  '-' = Unused)

0000 : X---XXXXXXXXXXXX XXXXXXXXXXXXXXXX XXXXXXXXXXXXXXXX XXXXXXXXXXXXXXXX
0040 : XXXXXXXXXXXXXXXX XXXXXXXXXXX----- ---------------- ----------------

All other memory blocks unused.

Program Memory Words Used:    88
Program Memory Words Free:  8104

MPASM  5.51                      UNTITLED.ASM   11-27-2018  10:43:39         PAGE 11






Errors   :     0
Warnings :     0 reported,     0 suppressed
Messages :     4 reported,     0 suppressed

