Warning[205] D:\PROJELER\LEDYAK\YAK.ASM 1 : Found directive in column 1. (list)
Warning[205] D:\PROJELER\LEDYAK\YAK.ASM 3 : Found directive in column 1. (__config)
Warning[205] D:\PROJELER\LEDYAK\YAK.ASM 5 : Found directive in column 1. (ORG)
Warning[203] D:\PROJELER\LEDYAK\YAK.ASM 6 : Found opcode in column 1. (GOTO)
Warning[205] D:\PROJELER\LEDYAK\YAK.ASM 7 : Found directive in column 1. (ORG)
Warning[203] D:\PROJELER\LEDYAK\YAK.ASM 8 : Found opcode in column 1. (RETFIE)
Warning[203] D:\PROJELER\LEDYAK\YAK.ASM 10 : Found opcode in column 1. (BSF)
Warning[203] D:\PROJELER\LEDYAK\YAK.ASM 11 : Found opcode in column 1. (BCF)
Message[302] D:\PROJELER\LEDYAK\YAK.ASM 11 : Register in operand not in bank 0.  Ensure that bank bits are correct.
Warning[203] D:\PROJELER\LEDYAK\YAK.ASM 12 : Found opcode in column 1. (MOVLW)
Warning[203] D:\PROJELER\LEDYAK\YAK.ASM 13 : Found opcode in column 1. (MOVWF)
Message[302] D:\PROJELER\LEDYAK\YAK.ASM 13 : Register in operand not in bank 0.  Ensure that bank bits are correct.
Warning[203] D:\PROJELER\LEDYAK\YAK.ASM 14 : Found opcode in column 1. (BCF)
Warning[203] D:\PROJELER\LEDYAK\YAK.ASM 16 : Found opcode in column 1. (MOVF)
Warning[203] D:\PROJELER\LEDYAK\YAK.ASM 17 : Found opcode in column 1. (MOVWF)
Warning[203] D:\PROJELER\LEDYAK\YAK.ASM 18 : Found opcode in column 1. (COMF)
Warning[203] D:\PROJELER\LEDYAK\YAK.ASM 19 : Found opcode in column 1. (SWAPF)
Warning[203] D:\PROJELER\LEDYAK\YAK.ASM 21 : Found opcode in column 1. (MOVWF)
Warning[203] D:\PROJELER\LEDYAK\YAK.ASM 22 : Found opcode in column 1. (GOTO)
Warning[205] D:\PROJELER\LEDYAK\YAK.ASM 23 : Found directive in column 1. (END)
