MPASM  5.51                  LCD_DISPLAY3.ASM   11-21-2016  20:11:30         PAGE  1


LOC  OBJECT CODE     LINE SOURCE TEXT
  VALUE

                      00001         LIST P=16F877A
                      00002         #INCLUDE <P16F877A.INC>
                      00001         LIST
                      00002 
                      00003 ;==========================================================================
                      00004 ;  MPASM PIC16F877A processor include
                      00005 ; 
                      00006 ;  (c) Copyright 1999-2013 Microchip Technology, All rights reserved
                      00007 ;==========================================================================
                      00008 
                      00566         LIST
Warning[207]: Found label after column 1. (DEGER)
  00000020            00003         DEGER EQU 0X20
Warning[207]: Found label after column 1. (DEGER2)
  00000021            00004         DEGER2 EQU 0X21
Warning[207]: Found label after column 1. (TEMP)
  00000022            00005         TEMP EQU 0X22
0000                  00006         ORG 0X00
0000   2801           00007         GOTO MAIN
0001                  00008 MAIN
0001   1683 1303      00009         BANKSEL TRISB
Message[302]: Register in operand not in bank 0.  Ensure that bank bits are correct.
0003   0186           00010         CLRF TRISB
0004   1283 1303      00011         BANKSEL PORTB
0006   0186           00012         CLRF PORTB
0007   200A           00013         CALL TEMIZLE
0008   2024           00014         CALL KARAKTER_GIR
0009                  00015 LOOP
0009   2809           00016         GOTO LOOP
                      00017 
                      00018 
                      00019 
000A                  00020 TEMIZLE
000A   3002           00021         MOVLW 0X02
000B   2015           00022         CALL KOMUT_YAZ
                      00023 
000C   3028           00024         MOVLW 0X28
000D   2015           00025         CALL KOMUT_YAZ
                      00026 
000E   300C           00027         MOVLW 0X0C
000F   2015           00028         CALL KOMUT_YAZ
                      00029 
0010   3088           00030         MOVLW 0X88
0011   2015           00031         CALL KOMUT_YAZ
                      00032 
0012   3004           00033         MOVLW 0X04
0013   2015           00034         CALL KOMUT_YAZ
0014   0008           00035         RETURN
                      00036 
0015                  00037 KOMUT_YAZ
0015   00A2           00038         MOVWF TEMP
0016   0E22           00039         SWAPF TEMP,W
0017   201B           00040         CALL KOMUT_GONDER
MPASM  5.51                  LCD_DISPLAY3.ASM   11-21-2016  20:11:30         PAGE  2


LOC  OBJECT CODE     LINE SOURCE TEXT
  VALUE

0018   0822           00041         MOVF TEMP,W
0019   201B           00042         CALL KOMUT_GONDER
001A   0008           00043         RETURN
                      00044 
                      00045 
001B                  00046 KOMUT_GONDER
001B   390F           00047         ANDLW 0X0F
001C   0086           00048         MOVWF PORTB
001D   1283 1303      00049         BANKSEL PORTB
001F   1206           00050         BCF PORTB,4
0020   1686           00051         BSF PORTB,5
0021   204E           00052         CALL GECIKME
0022   1286           00053         BCF PORTB,5
0023   0008           00054         RETURN
                      00055 
                      00056 
0024                  00057 KARAKTER_GIR
                      00058         
0024   3059           00059         MOVLW 'Y'
0025   203F           00060         CALL KARAKTER_YAZ
0026   3055           00061         MOVLW 'U'
0027   203F           00062         CALL KARAKTER_YAZ
0028   3043           00063         MOVLW 'C'
0029   203F           00064         CALL KARAKTER_YAZ
002A   3045           00065         MOVLW 'E'
002B   203F           00066         CALL KARAKTER_YAZ
002C   304C           00067         MOVLW 'L'
002D   203F           00068         CALL KARAKTER_YAZ
                      00069         
002E   3006           00070         MOVLW 0X06
002F   2015           00071         CALL KOMUT_YAZ
0030   2036           00072         CALL SATIR2
0031   3041           00073         MOVLW 'A'
0032   203F           00074         CALL KARAKTER_YAZ
0033   3059           00075         MOVLW 'Y'
0034   203F           00076         CALL KARAKTER_YAZ
0035   0008           00077         RETURN
0036                  00078 SATIR2
0036   30C0           00079         MOVLW 0XC0
0037   2015           00080         CALL KOMUT_YAZ
0038   3014           00081         MOVLW 0X14
0039   2015           00082         CALL KOMUT_YAZ
003A   3014           00083         MOVLW 0X14
003B   2015           00084         CALL KOMUT_YAZ
003C   3014           00085         MOVLW 0X14
003D   2015           00086         CALL KOMUT_YAZ
                      00087 
003E   0008           00088         RETURN
                      00089 
003F                  00090 KARAKTER_YAZ
003F   00A2           00091         MOVWF TEMP
0040   0E22           00092         SWAPF TEMP,W
0041   2045           00093         CALL KARAKTER_GONDER
MPASM  5.51                  LCD_DISPLAY3.ASM   11-21-2016  20:11:30         PAGE  3


LOC  OBJECT CODE     LINE SOURCE TEXT
  VALUE

0042   0822           00094         MOVF TEMP,W
0043   2045           00095         CALL KARAKTER_GONDER
0044   0008           00096         RETURN
                      00097 
0045                  00098 KARAKTER_GONDER
0045   390F           00099         ANDLW 0X0F
0046   0086           00100         MOVWF PORTB
0047   1283 1303      00101         BANKSEL PORTB
0049   1606           00102         BSF PORTB,4
004A   1686           00103         BSF PORTB,5
004B   204E           00104         CALL GECIKME
004C   1286           00105         BCF PORTB,5
004D   0008           00106         RETURN
                      00107 
                      00108 
                      00109 
004E                  00110 GECIKME 
004E   30FF           00111         MOVLW 0XFF
004F   00A0           00112         MOVWF DEGER
0050                  00113 DONGU
0050   30FF           00114         MOVLW 0XFF
0051   00A1           00115         MOVWF DEGER2
0052                  00116 DONGU2
0052   0BA1           00117         DECFSZ DEGER2,F
0053   2852           00118         GOTO DONGU2
0054   0BA0           00119         DECFSZ DEGER,F
0055   2850           00120         GOTO DONGU
0056   0008           00121         RETURN
Warning[205]: Found directive in column 1. (END)
                      00122 END
MPASM  5.51                  LCD_DISPLAY3.ASM   11-21-2016  20:11:30         PAGE  4


SYMBOL TABLE
  LABEL                             VALUE 

ACKDT                             00000005
ACKEN                             00000004
ACKSTAT                           00000006
ADCON0                            0000001F
ADCON1                            0000009F
ADCS0                             00000006
ADCS1                             00000007
ADCS2                             00000006
ADDEN                             00000003
ADFM                              00000007
ADIE                              00000006
ADIF                              00000006
ADON                              00000000
ADRESH                            0000001E
ADRESL                            0000009E
BCLIE                             00000003
BCLIF                             00000003
BF                                00000000
BRGH                              00000002
C                                 00000000
C1INV                             00000004
C1OUT                             00000006
C2INV                             00000005
C2OUT                             00000007
CCP1CON                           00000017
CCP1IE                            00000002
CCP1IF                            00000002
CCP1M0                            00000000
CCP1M1                            00000001
CCP1M2                            00000002
CCP1M3                            00000003
CCP1X                             00000005
CCP1Y                             00000004
CCP2CON                           0000001D
CCP2IE                            00000000
CCP2IF                            00000000
CCP2M0                            00000000
CCP2M1                            00000001
CCP2M2                            00000002
CCP2M3                            00000003
CCP2X                             00000005
CCP2Y                             00000004
CCPR1                             00000015
CCPR1H                            00000016
CCPR1L                            00000015
CCPR2                             0000001B
CCPR2H                            0000001C
CCPR2L                            0000001B
CHS0                              00000003
CHS1                              00000004
CHS2                              00000005
CIS                               00000003
CKE                               00000006
MPASM  5.51                  LCD_DISPLAY3.ASM   11-21-2016  20:11:30         PAGE  5


SYMBOL TABLE
  LABEL                             VALUE 

CKP                               00000004
CM0                               00000000
CM1                               00000001
CM2                               00000002
CMCON                             0000009C
CMIE                              00000006
CMIF                              00000006
CREN                              00000004
CSRC                              00000007
CVR0                              00000000
CVR1                              00000001
CVR2                              00000002
CVR3                              00000003
CVRCON                            0000009D
CVREN                             00000007
CVROE                             00000006
CVRR                              00000005
D                                 00000005
DATA_ADDRESS                      00000005
DC                                00000001
DEGER                             00000020
DEGER2                            00000021
DONGU                             00000050
DONGU2                            00000052
D_A                               00000005
D_NOT_A                           00000005
EEADR                             0000010D
EEADRH                            0000010F
EECON1                            0000018C
EECON2                            0000018D
EEDATA                            0000010C
EEDATH                            0000010E
EEIE                              00000004
EEIF                              00000004
EEPGD                             00000007
F                                 00000001
FERR                              00000002
FSR                               00000004
GCEN                              00000007
GECIKME                           0000004E
GIE                               00000007
GO                                00000002
GO_DONE                           00000002
GO_NOT_DONE                       00000002
I2C_DATA                          00000005
I2C_READ                          00000002
I2C_START                         00000003
I2C_STOP                          00000004
IBF                               00000007
IBOV                              00000005
INDF                              00000000
INTCON                            0000000B
INTE                              00000004
MPASM  5.51                  LCD_DISPLAY3.ASM   11-21-2016  20:11:30         PAGE  6


SYMBOL TABLE
  LABEL                             VALUE 

INTEDG                            00000006
INTF                              00000001
IRP                               00000007
KARAKTER_GIR                      00000024
KARAKTER_GONDER                   00000045
KARAKTER_YAZ                      0000003F
KOMUT_GONDER                      0000001B
KOMUT_YAZ                         00000015
LOOP                              00000009
MAIN                              00000001
NOT_A                             00000005
NOT_ADDRESS                       00000005
NOT_BO                            00000000
NOT_BOR                           00000000
NOT_DONE                          00000002
NOT_PD                            00000003
NOT_POR                           00000001
NOT_RBPU                          00000007
NOT_RC8                           00000006
NOT_T1SYNC                        00000002
NOT_TO                            00000004
NOT_TX8                           00000006
NOT_W                             00000002
NOT_WRITE                         00000002
OBF                               00000006
OERR                              00000001
OPTION_REG                        00000081
P                                 00000004
PCFG0                             00000000
PCFG1                             00000001
PCFG2                             00000002
PCFG3                             00000003
PCL                               00000002
PCLATH                            0000000A
PCON                              0000008E
PEIE                              00000006
PEN                               00000002
PIE1                              0000008C
PIE2                              0000008D
PIR1                              0000000C
PIR2                              0000000D
PORTA                             00000005
PORTB                             00000006
PORTC                             00000007
PORTD                             00000008
PORTE                             00000009
PR2                               00000092
PS0                               00000000
PS1                               00000001
PS2                               00000002
PSA                               00000003
PSPIE                             00000007
PSPIF                             00000007
MPASM  5.51                  LCD_DISPLAY3.ASM   11-21-2016  20:11:30         PAGE  7


SYMBOL TABLE
  LABEL                             VALUE 

PSPMODE                           00000004
R                                 00000002
RA0                               00000000
RA1                               00000001
RA2                               00000002
RA3                               00000003
RA4                               00000004
RA5                               00000005
RB0                               00000000
RB1                               00000001
RB2                               00000002
RB3                               00000003
RB4                               00000004
RB5                               00000005
RB6                               00000006
RB7                               00000007
RBIE                              00000003
RBIF                              00000000
RC0                               00000000
RC1                               00000001
RC2                               00000002
RC3                               00000003
RC4                               00000004
RC5                               00000005
RC6                               00000006
RC7                               00000007
RC8_9                             00000006
RC9                               00000006
RCD8                              00000000
RCEN                              00000003
RCIE                              00000005
RCIF                              00000005
RCREG                             0000001A
RCSTA                             00000018
RD                                00000000
RD0                               00000000
RD1                               00000001
RD2                               00000002
RD3                               00000003
RD4                               00000004
RD5                               00000005
RD6                               00000006
RD7                               00000007
RE0                               00000000
RE1                               00000001
RE2                               00000002
READ_WRITE                        00000002
RP0                               00000005
RP1                               00000006
RSEN                              00000001
RX9                               00000006
RX9D                              00000000
R_NOT_W                           00000002
MPASM  5.51                  LCD_DISPLAY3.ASM   11-21-2016  20:11:30         PAGE  8


SYMBOL TABLE
  LABEL                             VALUE 

R_W                               00000002
S                                 00000003
SATIR2                            00000036
SEN                               00000000
SMP                               00000007
SPBRG                             00000099
SPEN                              00000007
SREN                              00000005
SSPADD                            00000093
SSPBUF                            00000013
SSPCON                            00000014
SSPCON2                           00000091
SSPEN                             00000005
SSPIE                             00000003
SSPIF                             00000003
SSPM0                             00000000
SSPM1                             00000001
SSPM2                             00000002
SSPM3                             00000003
SSPOV                             00000006
SSPSTAT                           00000094
STATUS                            00000003
SYNC                              00000004
T0CS                              00000005
T0IE                              00000005
T0IF                              00000002
T0SE                              00000004
T1CKPS0                           00000004
T1CKPS1                           00000005
T1CON                             00000010
T1INSYNC                          00000002
T1OSCEN                           00000003
T1SYNC                            00000002
T2CKPS0                           00000000
T2CKPS1                           00000001
T2CON                             00000012
TEMIZLE                           0000000A
TEMP                              00000022
TMR0                              00000001
TMR0IE                            00000005
TMR0IF                            00000002
TMR1                              0000000E
TMR1CS                            00000001
TMR1H                             0000000F
TMR1IE                            00000000
TMR1IF                            00000000
TMR1L                             0000000E
TMR1ON                            00000000
TMR2                              00000011
TMR2IE                            00000001
TMR2IF                            00000001
TMR2ON                            00000002
TOUTPS0                           00000003
MPASM  5.51                  LCD_DISPLAY3.ASM   11-21-2016  20:11:30         PAGE  9


SYMBOL TABLE
  LABEL                             VALUE 

TOUTPS1                           00000004
TOUTPS2                           00000005
TOUTPS3                           00000006
TRISA                             00000085
TRISA0                            00000000
TRISA1                            00000001
TRISA2                            00000002
TRISA3                            00000003
TRISA4                            00000004
TRISA5                            00000005
TRISB                             00000086
TRISB0                            00000000
TRISB1                            00000001
TRISB2                            00000002
TRISB3                            00000003
TRISB4                            00000004
TRISB5                            00000005
TRISB6                            00000006
TRISB7                            00000007
TRISC                             00000087
TRISC0                            00000000
TRISC1                            00000001
TRISC2                            00000002
TRISC3                            00000003
TRISC4                            00000004
TRISC5                            00000005
TRISC6                            00000006
TRISC7                            00000007
TRISD                             00000088
TRISD0                            00000000
TRISD1                            00000001
TRISD2                            00000002
TRISD3                            00000003
TRISD4                            00000004
TRISD5                            00000005
TRISD6                            00000006
TRISD7                            00000007
TRISE                             00000089
TRISE0                            00000000
TRISE1                            00000001
TRISE2                            00000002
TRMT                              00000001
TX8_9                             00000006
TX9                               00000006
TX9D                              00000000
TXD8                              00000000
TXEN                              00000005
TXIE                              00000004
TXIF                              00000004
TXREG                             00000019
TXSTA                             00000098
UA                                00000001
W                                 00000000
MPASM  5.51                  LCD_DISPLAY3.ASM   11-21-2016  20:11:30         PAGE 10


SYMBOL TABLE
  LABEL                             VALUE 

WCOL                              00000007
WR                                00000001
WREN                              00000002
WRERR                             00000003
Z                                 00000002
_BODEN_OFF                        00003FBF
_BODEN_ON                         00003FFF
_BOREN_OFF                        00003FBF
_BOREN_ON                         00003FFF
_CONFIG                           00002007
_CPD_OFF                          00003FFF
_CPD_ON                           00003EFF
_CP_ALL                           00001FFF
_CP_OFF                           00003FFF
_CP_ON                            00001FFF
_DEBUG_OFF                        00003FFF
_DEBUG_ON                         000037FF
_DEVID1                           00002006
_FOSC_EXTRC                       00003FFF
_FOSC_HS                          00003FFE
_FOSC_LP                          00003FFC
_FOSC_XT                          00003FFD
_HS_OSC                           00003FFE
_IDLOC0                           00002000
_IDLOC1                           00002001
_IDLOC2                           00002002
_IDLOC3                           00002003
_LP_OSC                           00003FFC
_LVP_OFF                          00003F7F
_LVP_ON                           00003FFF
_PWRTE_OFF                        00003FFF
_PWRTE_ON                         00003FF7
_RC_OSC                           00003FFF
_WDTE_OFF                         00003FFB
_WDTE_ON                          00003FFF
_WDT_OFF                          00003FFB
_WDT_ON                           00003FFF
_WRT_1FOURTH                      00003BFF
_WRT_256                          00003DFF
_WRT_HALF                         000039FF
_WRT_OFF                          00003FFF
_XT_OSC                           00003FFD
__16F877A                         00000001
__DEBUG                           1
MPASM  5.51                  LCD_DISPLAY3.ASM   11-21-2016  20:11:30         PAGE 11


MEMORY USAGE MAP ('X' = Used,  '-' = Unused)


0000 : XXXXXXXXXXXXXXXX XXXXXXXXXXXXXXXX XXXXXXXXXXXXXXXX XXXXXXXXXXXXXXXX
0040 : XXXXXXXXXXXXXXXX XXXXXXX--------- ---------------- ----------------

All other memory blocks unused.

Program Memory Words Used:    87
Program Memory Words Free:  8105


Errors   :     0
Warnings :     4 reported,     0 suppressed
Messages :     1 reported,     0 suppressed

