MPASM  5.51             MADEIN_TAHTA_REIS.ASM   12-4-2018  11:55:18         PAGE  1


LOC  OBJECT CODE     LINE SOURCE TEXT
  VALUE

                      00001 #INCLUDE <P16F877A.INC>
                      00001         LIST
                      00002 
                      00003 ;==========================================================================
                      00004 ;  MPASM PIC16F877A processor include
                      00005 ; 
                      00006 ;  (c) Copyright 1999-2013 Microchip Technology, All rights reserved
                      00007 ;==========================================================================
                      00008 
                      00566         LIST
  00000020            00002 SAYAC0 EQU 0X20
  00000021            00003 SAYAC1 EQU 0X21
  00000022            00004 SAYI EQU 0X22
  00000023            00005 SAYI_TMP EQU 0X23
  00000024            00006 DORT EQU 0X24
  00000025            00007 LCD_DATA EQU 0X25
  00000026            00008 EEE EQU 0X26
                      00009         ORG 0X00
0000                  00010 MAIN
0000   1683 1303      00011         BANKSEL TRISB
Message[302]: Register in operand not in bank 0.  Ensure that bank bits are correct.
0002   0186           00012         CLRF TRISB
0003   1283 1303      00013         BANKSEL PORTB
0005   0186           00014         CLRF PORTB
0006   3004           00015         MOVLW D'4'
0007   00A6           00016         MOVWF EEE
0008   30FA           00017         MOVLW H'FA'
0009   00A2           00018         MOVWF SAYI
000A   2???           00019         CALL KOMUT
000B   2???           00020         GOTO YAZDIR
                      00021 
                      00022         
000C                  00023 KOMUT
000C   3002           00024         MOVLW H'02'
000D   2???           00025         CALL KOMUT_YAZ
000E   302C           00026         MOVLW H'2C'
000F   2???           00027         CALL KOMUT_YAZ
0010   300C           00028         MOVLW H'0C'
0011   2???           00029         CALL KOMUT_YAZ
0012                  00030 KOMUT_YAZ
0012   00A5           00031         MOVWF LCD_DATA
0013   0E25           00032         SWAPF LCD_DATA,W
0014   2???           00033         CALL KOMUT_GONDER
0015   0825           00034         MOVFW LCD_DATA
0016   2???           00035         CALL KOMUT_GONDER
0017   0008           00036         RETURN
0018                  00037 KOMUT_GONDER
0018   390F           00038         ANDLW D'15'
0019   0086           00039         MOVWF PORTB
001A   1206           00040         BCF PORTB,4
001B   1686           00041         BSF PORTB,5
001C   2???           00042         CALL GECIKME
001D   1286           00043         BCF PORTB,5
MPASM  5.51             MADEIN_TAHTA_REIS.ASM   12-4-2018  11:55:18         PAGE  2


LOC  OBJECT CODE     LINE SOURCE TEXT
  VALUE

001E   0008           00044         RETURN
001F                  00045 VERI_YAZ
001F   00A5           00046         MOVWF LCD_DATA
0020   0E25           00047         SWAPF LCD_DATA,W
0021   2???           00048         CALL VERI_GONDER
0022   0825           00049         MOVFW LCD_DATA
0023   2???           00050         CALL VERI_GONDER
0024   0008           00051         RETURN
0025                  00052 VERI_GONDER
0025   390F           00053         ANDLW D'15'
0026   0086           00054         MOVWF PORTB
0027   1606           00055         BSF PORTB,4
0028   1686           00056         BSF PORTB,5
0029   2???           00057         CALL GECIKME
002A   1286           00058         BCF PORTB,5
002B   0008           00059         RETURN
002C                  00060 GECIKME
002C   3064           00061         MOVLW D'100'
002D   00A0           00062         MOVWF SAYAC0
002E                  00063 GECIKME1
002E   3064           00064         MOVLW D'100'
002F   00A1           00065         MOVWF SAYAC1
0030                  00066 GECIKTIR
0030   0BA1           00067         DECFSZ SAYAC1,F
0031   2???           00068         GOTO GECIKTIR
0032   0BA0           00069         DECFSZ SAYAC0,F
0033   2???           00070         GOTO GECIKME1
0034   0008           00071         RETURN
0035                  00072 YAZDIR
0035   3080           00073         MOVLW 0X80
0036   2???           00074         CALL KOMUT_YAZ  
                      00075 
0037   3042           00076         MOVLW A'B'
0038   00A2           00077         MOVWF SAYI
0039   2???           00078         CALL SWAP
003A   2???           00079         CALL VERI_YAZ
                      00080 
Warning[203]: Found opcode in column 1. (GOTO)
003B   2???           00081 GOTO YAZDIR
                      00082         
003C                  00083 SOL
003C   0822           00084         MOVFW SAYI
003D   390F           00085         ANDLW B'00001111'
003E   00A2           00086         MOVWF SAYI
003F   3080           00087         MOVLW H'80'
0040   2???           00088         CALL KOMUT_YAZ
0041   0822           00089         MOVFW SAYI
0042   2???           00090         CALL VERI_YAZ
0043   0008           00091         RETURN
0044                  00092 SAG
Message[305]: Using default destination of 1 (file).
0044   0CA2           00093         RRF SAYI
0045   0BA4           00094         DECFSZ DORT,F
MPASM  5.51             MADEIN_TAHTA_REIS.ASM   12-4-2018  11:55:18         PAGE  3


LOC  OBJECT CODE     LINE SOURCE TEXT
  VALUE

0046   2???           00095         GOTO SAG
0047   0822           00096         MOVFW SAYI
0048   390F           00097         ANDLW B'00001111'
0049   00A2           00098         MOVWF SAYI
004A   0822           00099         MOVFW SAYI
004B   2???           00100         CALL VERI_YAZ
004C   0008           00101         RETURN
                      00102 
                      00103 
004D                  00104 SWAP
004D   0CA2           00105         RRF SAYI,F
004E   1803           00106         BTFSC STATUS,C
004F   17A2           00107         BSF SAYI,7
0050   1003           00108         BCF STATUS,C
0051   0BA6           00109         DECFSZ EEE,F
0052   2???           00110         GOTO SWAP
0053   2???           00111         GOTO YAZDIR
                      00112 
                      00113 
                      00114 
0054                  00115 SON
                      00116         END
MPASM  5.51             MADEIN_TAHTA_REIS.ASM   12-4-2018  11:55:18         PAGE  4


SYMBOL TABLE
  LABEL                             VALUE 

ACKDT                             00000005
ACKEN                             00000004
ACKSTAT                           00000006
ADCON0                            0000001F
ADCON1                            0000009F
ADCS0                             00000006
ADCS1                             00000007
ADCS2                             00000006
ADDEN                             00000003
ADFM                              00000007
ADIE                              00000006
ADIF                              00000006
ADON                              00000000
ADRESH                            0000001E
ADRESL                            0000009E
BCLIE                             00000003
BCLIF                             00000003
BF                                00000000
BRGH                              00000002
C                                 00000000
C1INV                             00000004
C1OUT                             00000006
C2INV                             00000005
C2OUT                             00000007
CCP1CON                           00000017
CCP1IE                            00000002
CCP1IF                            00000002
CCP1M0                            00000000
CCP1M1                            00000001
CCP1M2                            00000002
CCP1M3                            00000003
CCP1X                             00000005
CCP1Y                             00000004
CCP2CON                           0000001D
CCP2IE                            00000000
CCP2IF                            00000000
CCP2M0                            00000000
CCP2M1                            00000001
CCP2M2                            00000002
CCP2M3                            00000003
CCP2X                             00000005
CCP2Y                             00000004
CCPR1                             00000015
CCPR1H                            00000016
CCPR1L                            00000015
CCPR2                             0000001B
CCPR2H                            0000001C
CCPR2L                            0000001B
CHS0                              00000003
CHS1                              00000004
CHS2                              00000005
CIS                               00000003
CKE                               00000006
MPASM  5.51             MADEIN_TAHTA_REIS.ASM   12-4-2018  11:55:18         PAGE  5


SYMBOL TABLE
  LABEL                             VALUE 

CKP                               00000004
CM0                               00000000
CM1                               00000001
CM2                               00000002
CMCON                             0000009C
CMIE                              00000006
CMIF                              00000006
CREN                              00000004
CSRC                              00000007
CVR0                              00000000
CVR1                              00000001
CVR2                              00000002
CVR3                              00000003
CVRCON                            0000009D
CVREN                             00000007
CVROE                             00000006
CVRR                              00000005
D                                 00000005
DATA_ADDRESS                      00000005
DC                                00000001
DORT                              00000024
D_A                               00000005
D_NOT_A                           00000005
EEADR                             0000010D
EEADRH                            0000010F
EECON1                            0000018C
EECON2                            0000018D
EEDATA                            0000010C
EEDATH                            0000010E
EEE                               00000026
EEIE                              00000004
EEIF                              00000004
EEPGD                             00000007
F                                 00000001
FERR                              00000002
FSR                               00000004
GCEN                              00000007
GECIKME                           0000002C
GECIKME1                          0000002E
GECIKTIR                          00000030
GIE                               00000007
GO                                00000002
GO_DONE                           00000002
GO_NOT_DONE                       00000002
I2C_DATA                          00000005
I2C_READ                          00000002
I2C_START                         00000003
I2C_STOP                          00000004
IBF                               00000007
IBOV                              00000005
INDF                              00000000
INTCON                            0000000B
INTE                              00000004
MPASM  5.51             MADEIN_TAHTA_REIS.ASM   12-4-2018  11:55:18         PAGE  6


SYMBOL TABLE
  LABEL                             VALUE 

INTEDG                            00000006
INTF                              00000001
IRP                               00000007
KOMUT                             0000000C
KOMUT_GONDER                      00000018
KOMUT_YAZ                         00000012
LCD_DATA                          00000025
MAIN                              00000000
NOT_A                             00000005
NOT_ADDRESS                       00000005
NOT_BO                            00000000
NOT_BOR                           00000000
NOT_DONE                          00000002
NOT_PD                            00000003
NOT_POR                           00000001
NOT_RBPU                          00000007
NOT_RC8                           00000006
NOT_T1SYNC                        00000002
NOT_TO                            00000004
NOT_TX8                           00000006
NOT_W                             00000002
NOT_WRITE                         00000002
OBF                               00000006
OERR                              00000001
OPTION_REG                        00000081
P                                 00000004
PCFG0                             00000000
PCFG1                             00000001
PCFG2                             00000002
PCFG3                             00000003
PCL                               00000002
PCLATH                            0000000A
PCON                              0000008E
PEIE                              00000006
PEN                               00000002
PIE1                              0000008C
PIE2                              0000008D
PIR1                              0000000C
PIR2                              0000000D
PORTA                             00000005
PORTB                             00000006
PORTC                             00000007
PORTD                             00000008
PORTE                             00000009
PR2                               00000092
PS0                               00000000
PS1                               00000001
PS2                               00000002
PSA                               00000003
PSPIE                             00000007
PSPIF                             00000007
PSPMODE                           00000004
R                                 00000002
MPASM  5.51             MADEIN_TAHTA_REIS.ASM   12-4-2018  11:55:18         PAGE  7


SYMBOL TABLE
  LABEL                             VALUE 

RA0                               00000000
RA1                               00000001
RA2                               00000002
RA3                               00000003
RA4                               00000004
RA5                               00000005
RB0                               00000000
RB1                               00000001
RB2                               00000002
RB3                               00000003
RB4                               00000004
RB5                               00000005
RB6                               00000006
RB7                               00000007
RBIE                              00000003
RBIF                              00000000
RC0                               00000000
RC1                               00000001
RC2                               00000002
RC3                               00000003
RC4                               00000004
RC5                               00000005
RC6                               00000006
RC7                               00000007
RC8_9                             00000006
RC9                               00000006
RCD8                              00000000
RCEN                              00000003
RCIE                              00000005
RCIF                              00000005
RCREG                             0000001A
RCSTA                             00000018
RD                                00000000
RD0                               00000000
RD1                               00000001
RD2                               00000002
RD3                               00000003
RD4                               00000004
RD5                               00000005
RD6                               00000006
RD7                               00000007
RE0                               00000000
RE1                               00000001
RE2                               00000002
READ_WRITE                        00000002
RP0                               00000005
RP1                               00000006
RSEN                              00000001
RX9                               00000006
RX9D                              00000000
R_NOT_W                           00000002
R_W                               00000002
S                                 00000003
MPASM  5.51             MADEIN_TAHTA_REIS.ASM   12-4-2018  11:55:18         PAGE  8


SYMBOL TABLE
  LABEL                             VALUE 

SAG                               00000044
SAYAC0                            00000020
SAYAC1                            00000021
SAYI                              00000022
SAYI_TMP                          00000023
SEN                               00000000
SMP                               00000007
SOL                               0000003C
SON                               00000054
SPBRG                             00000099
SPEN                              00000007
SREN                              00000005
SSPADD                            00000093
SSPBUF                            00000013
SSPCON                            00000014
SSPCON2                           00000091
SSPEN                             00000005
SSPIE                             00000003
SSPIF                             00000003
SSPM0                             00000000
SSPM1                             00000001
SSPM2                             00000002
SSPM3                             00000003
SSPOV                             00000006
SSPSTAT                           00000094
STATUS                            00000003
SWAP                              0000004D
SYNC                              00000004
T0CS                              00000005
T0IE                              00000005
T0IF                              00000002
T0SE                              00000004
T1CKPS0                           00000004
T1CKPS1                           00000005
T1CON                             00000010
T1INSYNC                          00000002
T1OSCEN                           00000003
T1SYNC                            00000002
T2CKPS0                           00000000
T2CKPS1                           00000001
T2CON                             00000012
TMR0                              00000001
TMR0IE                            00000005
TMR0IF                            00000002
TMR1                              0000000E
TMR1CS                            00000001
TMR1H                             0000000F
TMR1IE                            00000000
TMR1IF                            00000000
TMR1L                             0000000E
TMR1ON                            00000000
TMR2                              00000011
TMR2IE                            00000001
MPASM  5.51             MADEIN_TAHTA_REIS.ASM   12-4-2018  11:55:18         PAGE  9


SYMBOL TABLE
  LABEL                             VALUE 

TMR2IF                            00000001
TMR2ON                            00000002
TOUTPS0                           00000003
TOUTPS1                           00000004
TOUTPS2                           00000005
TOUTPS3                           00000006
TRISA                             00000085
TRISA0                            00000000
TRISA1                            00000001
TRISA2                            00000002
TRISA3                            00000003
TRISA4                            00000004
TRISA5                            00000005
TRISB                             00000086
TRISB0                            00000000
TRISB1                            00000001
TRISB2                            00000002
TRISB3                            00000003
TRISB4                            00000004
TRISB5                            00000005
TRISB6                            00000006
TRISB7                            00000007
TRISC                             00000087
TRISC0                            00000000
TRISC1                            00000001
TRISC2                            00000002
TRISC3                            00000003
TRISC4                            00000004
TRISC5                            00000005
TRISC6                            00000006
TRISC7                            00000007
TRISD                             00000088
TRISD0                            00000000
TRISD1                            00000001
TRISD2                            00000002
TRISD3                            00000003
TRISD4                            00000004
TRISD5                            00000005
TRISD6                            00000006
TRISD7                            00000007
TRISE                             00000089
TRISE0                            00000000
TRISE1                            00000001
TRISE2                            00000002
TRMT                              00000001
TX8_9                             00000006
TX9                               00000006
TX9D                              00000000
TXD8                              00000000
TXEN                              00000005
TXIE                              00000004
TXIF                              00000004
TXREG                             00000019
MPASM  5.51             MADEIN_TAHTA_REIS.ASM   12-4-2018  11:55:18         PAGE 10


SYMBOL TABLE
  LABEL                             VALUE 

TXSTA                             00000098
UA                                00000001
VERI_GONDER                       00000025
VERI_YAZ                          0000001F
W                                 00000000
WCOL                              00000007
WR                                00000001
WREN                              00000002
WRERR                             00000003
YAZDIR                            00000035
Z                                 00000002
_BODEN_OFF                        00003FBF
_BODEN_ON                         00003FFF
_BOREN_OFF                        00003FBF
_BOREN_ON                         00003FFF
_CONFIG                           00002007
_CPD_OFF                          00003FFF
_CPD_ON                           00003EFF
_CP_ALL                           00001FFF
_CP_OFF                           00003FFF
_CP_ON                            00001FFF
_DEBUG_OFF                        00003FFF
_DEBUG_ON                         000037FF
_DEVID1                           00002006
_FOSC_EXTRC                       00003FFF
_FOSC_HS                          00003FFE
_FOSC_LP                          00003FFC
_FOSC_XT                          00003FFD
_HS_OSC                           00003FFE
_IDLOC0                           00002000
_IDLOC1                           00002001
_IDLOC2                           00002002
_IDLOC3                           00002003
_LP_OSC                           00003FFC
_LVP_OFF                          00003F7F
_LVP_ON                           00003FFF
_PWRTE_OFF                        00003FFF
_PWRTE_ON                         00003FF7
_RC_OSC                           00003FFF
_WDTE_OFF                         00003FFB
_WDTE_ON                          00003FFF
_WDT_OFF                          00003FFB
_WDT_ON                           00003FFF
_WRT_1FOURTH                      00003BFF
_WRT_256                          00003DFF
_WRT_HALF                         000039FF
_WRT_OFF                          00003FFF
_XT_OSC                           00003FFD
__16F877A                         00000001
__DEBUG                           1

MPASM  5.51             MADEIN_TAHTA_REIS.ASM   12-4-2018  11:55:18         PAGE 11





Errors   :     0
Warnings :     1 reported,     0 suppressed
Messages :     2 reported,     0 suppressed

