MPASM  5.51                      UNTITLED.ASM   12-9-2018  23:27:59         PAGE  1


LOC  OBJECT CODE     LINE SOURCE TEXT
  VALUE

                      00001 ;8 BÝTÝ DE KULLANARAK
                      00002 ;1. SATIR DA:ABDULLAH TAHTALI
                      00003 ;2. SATIR DA:41 29 (YANÝ KOCAELÝ GÜMÜÞHANE PLAKALARI)
                      00004 ;YAZDIRMA
                      00005 #INCLUDE <P16F877A.INC>
                      00001         LIST
                      00002 
                      00003 ;==========================================================================
                      00004 ;  MPASM PIC16F877A processor include
                      00005 ; 
                      00006 ;  (c) Copyright 1999-2013 Microchip Technology, All rights reserved
                      00007 ;==========================================================================
                      00008 
                      00566         LIST
Warning[205]: Found directive in column 1. (__CONFIG)
2007   3F31           00006 __CONFIG H'3F31'
  00000020            00007 SAYAC1 EQU 0X20
  00000021            00008 SAYAC2 EQU 0X21
  00000022            00009 LCD_DATA EQU 0X22
  00000023            00010 SAYAC EQU 0X23
0000                  00011         ORG 0X00
0000   2805           00012         GOTO MAIN
0004                  00013         ORG 0X04
0004   0009           00014         RETFIE
0005                  00015 MAIN
0005   1683 1303      00016         BANKSEL TRISB
Message[302]: Register in operand not in bank 0.  Ensure that bank bits are correct.
0007   0186           00017         CLRF TRISB
Message[302]: Register in operand not in bank 0.  Ensure that bank bits are correct.
0008   0188           00018         CLRF TRISD
0009   1283 1303      00019         BANKSEL PORTB
000B   0186           00020         CLRF PORTB
000C   0188           00021         CLRF PORTD
000D   2028           00022         CALL TEMIZLE
                      00023         ;BSF PORTB,2
                      00024 ;BCF PORTB,3
000E   2032           00025         CALL KARAKTERLER
000F                  00026 LCD_VERI_GONDER
000F   1283 1303      00027         BANKSEL PORTD
0011   0088           00028         MOVWF PORTD
0012   1606           00029         BSF PORTB,4
0013   1706           00030         BSF PORTB,6
0014   201F           00031         CALL GECIKME
0015   1306           00032         BCF PORTB,6
0016   0008           00033         RETURN
0017                  00034 LCD_KOMUT_GONDER
0017   1283 1303      00035         BANKSEL PORTD
0019   0088           00036         MOVWF PORTD
001A   1206           00037         BCF PORTB,4
001B   1706           00038         BSF PORTB,6
001C   201F           00039         CALL GECIKME
001D   1306           00040         BCF PORTB,6
001E   0008           00041         RETURN
MPASM  5.51                      UNTITLED.ASM   12-9-2018  23:27:59         PAGE  2


LOC  OBJECT CODE     LINE SOURCE TEXT
  VALUE

001F                  00042 GECIKME
001F   30FF           00043         MOVLW D'255'
0020   00A0           00044         MOVWF SAYAC1
0021                  00045 GECIKME1
0021   30FF           00046         MOVLW D'255'
0022   00A1           00047         MOVWF SAYAC2
0023                  00048 GECIKTIR
0023   0BA1           00049         DECFSZ SAYAC2,F
0024   2823           00050         GOTO GECIKTIR
0025   0BA0           00051         DECFSZ SAYAC1,F
0026   2821           00052         GOTO GECIKME1
0027   0008           00053         RETURN
0028                  00054 TEMIZLE
0028   3002           00055         MOVLW H'02'   
0029   2017           00056         CALL LCD_KOMUT_GONDER
002A   300C           00057         MOVLW H'0C'
002B   2017           00058         CALL LCD_KOMUT_GONDER
002C   3038           00059         MOVLW H'38'
002D   2017           00060         CALL LCD_KOMUT_GONDER
002E   0008           00061         RETURN
002F                  00062 SATIR2
002F   30C0           00063         MOVLW H'C0'
0030   2017           00064         CALL LCD_KOMUT_GONDER
0031   0008           00065         RETURN
0032                  00066 KARAKTERLER
0032   3080           00067         MOVLW H'80'
0033   2017           00068         CALL LCD_KOMUT_GONDER
0034   3041           00069         MOVLW A'A'
0035   200F           00070         CALL LCD_VERI_GONDER
0036   3042           00071         MOVLW A'B'
0037   200F           00072         CALL LCD_VERI_GONDER
0038   3044           00073         MOVLW A'D'
0039   200F           00074         CALL LCD_VERI_GONDER
003A   3055           00075         MOVLW A'U'
003B   200F           00076         CALL LCD_VERI_GONDER
003C   304C           00077         MOVLW A'L'
003D   200F           00078         CALL LCD_VERI_GONDER
003E   304C           00079         MOVLW A'L'
003F   200F           00080         CALL LCD_VERI_GONDER
0040   3041           00081         MOVLW A'A'
0041   200F           00082         CALL LCD_VERI_GONDER
0042   3048           00083         MOVLW A'H'
0043   200F           00084         CALL LCD_VERI_GONDER
0044   3020           00085         MOVLW A' '
0045   200F           00086         CALL LCD_VERI_GONDER
0046   3054           00087         MOVLW A'T'
0047   200F           00088         CALL LCD_VERI_GONDER
0048   3041           00089         MOVLW A'A'
0049   200F           00090         CALL LCD_VERI_GONDER
004A   3048           00091         MOVLW A'H'
004B   200F           00092         CALL LCD_VERI_GONDER
004C   3054           00093         MOVLW A'T'
004D   200F           00094         CALL LCD_VERI_GONDER
MPASM  5.51                      UNTITLED.ASM   12-9-2018  23:27:59         PAGE  3


LOC  OBJECT CODE     LINE SOURCE TEXT
  VALUE

004E   3041           00095         MOVLW A'A'
004F   200F           00096         CALL LCD_VERI_GONDER
0050   304C           00097         MOVLW A'L'
0051   200F           00098         CALL LCD_VERI_GONDER
0052   3049           00099         MOVLW A'I'
0053   200F           00100         CALL LCD_VERI_GONDER
                      00101 
0054   202F           00102         CALL SATIR2
0055   3034           00103         MOVLW A'4'
0056   200F           00104         CALL LCD_VERI_GONDER
0057   3031           00105         MOVLW A'1'
0058   200F           00106         CALL LCD_VERI_GONDER
0059   3020           00107         MOVLW A' '
005A   200F           00108         CALL LCD_VERI_GONDER
005B   3020           00109         MOVLW A' '
005C   200F           00110         CALL LCD_VERI_GONDER
005D   3032           00111         MOVLW A'2'
005E   200F           00112         CALL LCD_VERI_GONDER
005F   3039           00113         MOVLW A'9'
0060   200F           00114         CALL LCD_VERI_GONDER
0061   0008           00115         RETURN
                      00116         END
MPASM  5.51                      UNTITLED.ASM   12-9-2018  23:27:59         PAGE  4


SYMBOL TABLE
  LABEL                             VALUE 

ACKDT                             00000005
ACKEN                             00000004
ACKSTAT                           00000006
ADCON0                            0000001F
ADCON1                            0000009F
ADCS0                             00000006
ADCS1                             00000007
ADCS2                             00000006
ADDEN                             00000003
ADFM                              00000007
ADIE                              00000006
ADIF                              00000006
ADON                              00000000
ADRESH                            0000001E
ADRESL                            0000009E
BCLIE                             00000003
BCLIF                             00000003
BF                                00000000
BRGH                              00000002
C                                 00000000
C1INV                             00000004
C1OUT                             00000006
C2INV                             00000005
C2OUT                             00000007
CCP1CON                           00000017
CCP1IE                            00000002
CCP1IF                            00000002
CCP1M0                            00000000
CCP1M1                            00000001
CCP1M2                            00000002
CCP1M3                            00000003
CCP1X                             00000005
CCP1Y                             00000004
CCP2CON                           0000001D
CCP2IE                            00000000
CCP2IF                            00000000
CCP2M0                            00000000
CCP2M1                            00000001
CCP2M2                            00000002
CCP2M3                            00000003
CCP2X                             00000005
CCP2Y                             00000004
CCPR1                             00000015
CCPR1H                            00000016
CCPR1L                            00000015
CCPR2                             0000001B
CCPR2H                            0000001C
CCPR2L                            0000001B
CHS0                              00000003
CHS1                              00000004
CHS2                              00000005
CIS                               00000003
CKE                               00000006
MPASM  5.51                      UNTITLED.ASM   12-9-2018  23:27:59         PAGE  5


SYMBOL TABLE
  LABEL                             VALUE 

CKP                               00000004
CM0                               00000000
CM1                               00000001
CM2                               00000002
CMCON                             0000009C
CMIE                              00000006
CMIF                              00000006
CREN                              00000004
CSRC                              00000007
CVR0                              00000000
CVR1                              00000001
CVR2                              00000002
CVR3                              00000003
CVRCON                            0000009D
CVREN                             00000007
CVROE                             00000006
CVRR                              00000005
D                                 00000005
DATA_ADDRESS                      00000005
DC                                00000001
D_A                               00000005
D_NOT_A                           00000005
EEADR                             0000010D
EEADRH                            0000010F
EECON1                            0000018C
EECON2                            0000018D
EEDATA                            0000010C
EEDATH                            0000010E
EEIE                              00000004
EEIF                              00000004
EEPGD                             00000007
F                                 00000001
FERR                              00000002
FSR                               00000004
GCEN                              00000007
GECIKME                           0000001F
GECIKME1                          00000021
GECIKTIR                          00000023
GIE                               00000007
GO                                00000002
GO_DONE                           00000002
GO_NOT_DONE                       00000002
I2C_DATA                          00000005
I2C_READ                          00000002
I2C_START                         00000003
I2C_STOP                          00000004
IBF                               00000007
IBOV                              00000005
INDF                              00000000
INTCON                            0000000B
INTE                              00000004
INTEDG                            00000006
INTF                              00000001
MPASM  5.51                      UNTITLED.ASM   12-9-2018  23:27:59         PAGE  6


SYMBOL TABLE
  LABEL                             VALUE 

IRP                               00000007
KARAKTERLER                       00000032
LCD_DATA                          00000022
LCD_KOMUT_GONDER                  00000017
LCD_VERI_GONDER                   0000000F
MAIN                              00000005
NOT_A                             00000005
NOT_ADDRESS                       00000005
NOT_BO                            00000000
NOT_BOR                           00000000
NOT_DONE                          00000002
NOT_PD                            00000003
NOT_POR                           00000001
NOT_RBPU                          00000007
NOT_RC8                           00000006
NOT_T1SYNC                        00000002
NOT_TO                            00000004
NOT_TX8                           00000006
NOT_W                             00000002
NOT_WRITE                         00000002
OBF                               00000006
OERR                              00000001
OPTION_REG                        00000081
P                                 00000004
PCFG0                             00000000
PCFG1                             00000001
PCFG2                             00000002
PCFG3                             00000003
PCL                               00000002
PCLATH                            0000000A
PCON                              0000008E
PEIE                              00000006
PEN                               00000002
PIE1                              0000008C
PIE2                              0000008D
PIR1                              0000000C
PIR2                              0000000D
PORTA                             00000005
PORTB                             00000006
PORTC                             00000007
PORTD                             00000008
PORTE                             00000009
PR2                               00000092
PS0                               00000000
PS1                               00000001
PS2                               00000002
PSA                               00000003
PSPIE                             00000007
PSPIF                             00000007
PSPMODE                           00000004
R                                 00000002
RA0                               00000000
RA1                               00000001
MPASM  5.51                      UNTITLED.ASM   12-9-2018  23:27:59         PAGE  7


SYMBOL TABLE
  LABEL                             VALUE 

RA2                               00000002
RA3                               00000003
RA4                               00000004
RA5                               00000005
RB0                               00000000
RB1                               00000001
RB2                               00000002
RB3                               00000003
RB4                               00000004
RB5                               00000005
RB6                               00000006
RB7                               00000007
RBIE                              00000003
RBIF                              00000000
RC0                               00000000
RC1                               00000001
RC2                               00000002
RC3                               00000003
RC4                               00000004
RC5                               00000005
RC6                               00000006
RC7                               00000007
RC8_9                             00000006
RC9                               00000006
RCD8                              00000000
RCEN                              00000003
RCIE                              00000005
RCIF                              00000005
RCREG                             0000001A
RCSTA                             00000018
RD                                00000000
RD0                               00000000
RD1                               00000001
RD2                               00000002
RD3                               00000003
RD4                               00000004
RD5                               00000005
RD6                               00000006
RD7                               00000007
RE0                               00000000
RE1                               00000001
RE2                               00000002
READ_WRITE                        00000002
RP0                               00000005
RP1                               00000006
RSEN                              00000001
RX9                               00000006
RX9D                              00000000
R_NOT_W                           00000002
R_W                               00000002
S                                 00000003
SATIR2                            0000002F
SAYAC                             00000023
MPASM  5.51                      UNTITLED.ASM   12-9-2018  23:27:59         PAGE  8


SYMBOL TABLE
  LABEL                             VALUE 

SAYAC1                            00000020
SAYAC2                            00000021
SEN                               00000000
SMP                               00000007
SPBRG                             00000099
SPEN                              00000007
SREN                              00000005
SSPADD                            00000093
SSPBUF                            00000013
SSPCON                            00000014
SSPCON2                           00000091
SSPEN                             00000005
SSPIE                             00000003
SSPIF                             00000003
SSPM0                             00000000
SSPM1                             00000001
SSPM2                             00000002
SSPM3                             00000003
SSPOV                             00000006
SSPSTAT                           00000094
STATUS                            00000003
SYNC                              00000004
T0CS                              00000005
T0IE                              00000005
T0IF                              00000002
T0SE                              00000004
T1CKPS0                           00000004
T1CKPS1                           00000005
T1CON                             00000010
T1INSYNC                          00000002
T1OSCEN                           00000003
T1SYNC                            00000002
T2CKPS0                           00000000
T2CKPS1                           00000001
T2CON                             00000012
TEMIZLE                           00000028
TMR0                              00000001
TMR0IE                            00000005
TMR0IF                            00000002
TMR1                              0000000E
TMR1CS                            00000001
TMR1H                             0000000F
TMR1IE                            00000000
TMR1IF                            00000000
TMR1L                             0000000E
TMR1ON                            00000000
TMR2                              00000011
TMR2IE                            00000001
TMR2IF                            00000001
TMR2ON                            00000002
TOUTPS0                           00000003
TOUTPS1                           00000004
TOUTPS2                           00000005
MPASM  5.51                      UNTITLED.ASM   12-9-2018  23:27:59         PAGE  9


SYMBOL TABLE
  LABEL                             VALUE 

TOUTPS3                           00000006
TRISA                             00000085
TRISA0                            00000000
TRISA1                            00000001
TRISA2                            00000002
TRISA3                            00000003
TRISA4                            00000004
TRISA5                            00000005
TRISB                             00000086
TRISB0                            00000000
TRISB1                            00000001
TRISB2                            00000002
TRISB3                            00000003
TRISB4                            00000004
TRISB5                            00000005
TRISB6                            00000006
TRISB7                            00000007
TRISC                             00000087
TRISC0                            00000000
TRISC1                            00000001
TRISC2                            00000002
TRISC3                            00000003
TRISC4                            00000004
TRISC5                            00000005
TRISC6                            00000006
TRISC7                            00000007
TRISD                             00000088
TRISD0                            00000000
TRISD1                            00000001
TRISD2                            00000002
TRISD3                            00000003
TRISD4                            00000004
TRISD5                            00000005
TRISD6                            00000006
TRISD7                            00000007
TRISE                             00000089
TRISE0                            00000000
TRISE1                            00000001
TRISE2                            00000002
TRMT                              00000001
TX8_9                             00000006
TX9                               00000006
TX9D                              00000000
TXD8                              00000000
TXEN                              00000005
TXIE                              00000004
TXIF                              00000004
TXREG                             00000019
TXSTA                             00000098
UA                                00000001
W                                 00000000
WCOL                              00000007
WR                                00000001
MPASM  5.51                      UNTITLED.ASM   12-9-2018  23:27:59         PAGE 10


SYMBOL TABLE
  LABEL                             VALUE 

WREN                              00000002
WRERR                             00000003
Z                                 00000002
_BODEN_OFF                        00003FBF
_BODEN_ON                         00003FFF
_BOREN_OFF                        00003FBF
_BOREN_ON                         00003FFF
_CONFIG                           00002007
_CPD_OFF                          00003FFF
_CPD_ON                           00003EFF
_CP_ALL                           00001FFF
_CP_OFF                           00003FFF
_CP_ON                            00001FFF
_DEBUG_OFF                        00003FFF
_DEBUG_ON                         000037FF
_DEVID1                           00002006
_FOSC_EXTRC                       00003FFF
_FOSC_HS                          00003FFE
_FOSC_LP                          00003FFC
_FOSC_XT                          00003FFD
_HS_OSC                           00003FFE
_IDLOC0                           00002000
_IDLOC1                           00002001
_IDLOC2                           00002002
_IDLOC3                           00002003
_LP_OSC                           00003FFC
_LVP_OFF                          00003F7F
_LVP_ON                           00003FFF
_PWRTE_OFF                        00003FFF
_PWRTE_ON                         00003FF7
_RC_OSC                           00003FFF
_WDTE_OFF                         00003FFB
_WDTE_ON                          00003FFF
_WDT_OFF                          00003FFB
_WDT_ON                           00003FFF
_WRT_1FOURTH                      00003BFF
_WRT_256                          00003DFF
_WRT_HALF                         000039FF
_WRT_OFF                          00003FFF
_XT_OSC                           00003FFD
__16F877A                         00000001
__DEBUG                           1
MPASM  5.51                      UNTITLED.ASM   12-9-2018  23:27:59         PAGE 11


MEMORY USAGE MAP ('X' = Used,  '-' = Unused)


0000 : X---XXXXXXXXXXXX XXXXXXXXXXXXXXXX XXXXXXXXXXXXXXXX XXXXXXXXXXXXXXXX
0040 : XXXXXXXXXXXXXXXX XXXXXXXXXXXXXXXX XX-------------- ----------------
2000 : -------X-------- ---------------- ---------------- ----------------

All other memory blocks unused.

Program Memory Words Used:    95
Program Memory Words Free:  8097


Errors   :     0
Warnings :     1 reported,     0 suppressed
Messages :     2 reported,     0 suppressed

