MPASM  5.51                 LCD_ODEV_2018.ASM   12-4-2018  14:08:02         PAGE  1


LOC  OBJECT CODE     LINE SOURCE TEXT
  VALUE

                      00001 #INCLUDE <P16F877A.INC>
                      00001         LIST
                      00002 
                      00003 ;==========================================================================
                      00004 ;  MPASM PIC16F877A processor include
                      00005 ; 
                      00006 ;  (c) Copyright 1999-2013 Microchip Technology, All rights reserved
                      00007 ;==========================================================================
                      00008 
                      00566         LIST
Warning[205]: Found directive in column 1. (__CONFIG)
2007   3F31           00002 __CONFIG H'3F31'
  00000020            00003 SAYAC EQU 0X20           ;TMR1 DEÐÝÞKENÝ (10 VERÝCEZ.YANÝ 50.000*10=500.000=0.5 SN)
  00000021            00004 SAYAC0 EQU 0X21          ;GECIKME DEÐÝÞKENÝ
  00000022            00005 SAYAC1 EQU 0X22          ;GECÝKME DEÐÝÞKENÝ
  00000023            00006 LCD_DATA EQU 0X23        ;LCD VERÝ-KOMUT ALIRTKEN KULLANILAN DEÐÝÞKEN   
  00000024            00007 BIR1 EQU 0X24
  00000025            00008 ON1 EQU 0X25
  00000026            00009 YUZ1 EQU 0X26
  00000027            00010 BIR2 EQU 0X27
  00000028            00011 ON2 EQU 0X28
  00000029            00012 YUZ2 EQU 0X29
  00000030            00013 SAYI EQU 0X30
  00000031            00014 SAYITMP EQU 0X31
0000                  00015         ORG 0X00
0000   2824           00016         GOTO MAIN
0004                  00017         ORG 0X04
0004                  00018 KESME
0004   1283 1303      00019         BANKSEL PIR1
0006   100C           00020         BCF PIR1,TMR1IF
0007   1283 1303      00021         BANKSEL TMR1H
0009   303C           00022         MOVLW H'3C'
000A   008F           00023         MOVWF TMR1H
000B   30B0           00024         MOVLW H'B0'
000C   008E           00025         MOVWF TMR1L
000D   0BA0           00026         DECFSZ SAYAC,F
000E   0009           00027         RETFIE
000F   300A           00028         MOVLW D'10'
0010   00A0           00029         MOVWF SAYAC
0011                  00030 KONTROL_SATIR1
0011   0AA4           00031         INCF BIR1,F
0012   0824           00032         MOVFW BIR1
0013   3C0A           00033         SUBLW D'10'
0014   1D03           00034         BTFSS STATUS,Z
0015   0009           00035         RETFIE
0016   01A4           00036         CLRF BIR1
0017   0AA5           00037         INCF ON1,F
0018   0825           00038         MOVFW ON1
0019   3C0A           00039         SUBLW D'10'
001A   1D03           00040         BTFSS STATUS,Z
001B   0009           00041         RETFIE
001C   01A5           00042         CLRF ON1
001D   0AA6           00043         INCF YUZ1,F
MPASM  5.51                 LCD_ODEV_2018.ASM   12-4-2018  14:08:02         PAGE  2


LOC  OBJECT CODE     LINE SOURCE TEXT
  VALUE

001E   0826           00044         MOVFW YUZ1
001F   3C02           00045         SUBLW D'2'
0020   1D03           00046         BTFSS STATUS,Z
0021   0009           00047         RETFIE
0022   01A6           00048         CLRF YUZ1
0023   0009           00049         RETFIE
0024                  00050 MAIN
0024   1683 1303      00051         BANKSEL ADCON1
0026   3006           00052         MOVLW D'6'
Message[302]: Register in operand not in bank 0.  Ensure that bank bits are correct.
0027   009F           00053         MOVWF ADCON1
0028   1683 1303      00054         BANKSEL TRISA
Message[302]: Register in operand not in bank 0.  Ensure that bank bits are correct.
002A   0188           00055         CLRF TRISD
Message[302]: Register in operand not in bank 0.  Ensure that bank bits are correct.
002B   1405           00056         BSF TRISA,0
Message[302]: Register in operand not in bank 0.  Ensure that bank bits are correct.
002C   1485           00057         BSF TRISA,1
002D   0186           00058         CLRF PORTB
002E   1283 1303      00059         BANKSEL PORTA
0030   0185           00060         CLRF PORTA
0031   0188           00061         CLRF PORTD
0032   0186           00062         CLRF PORTB
0033   1286           00063         BCF PORTB,5
0034   1283 1303      00064         BANKSEL INTCON
0036   178B           00065         BSF INTCON,GIE
0037   170B           00066         BSF INTCON,PEIE
0038   1283 1303      00067         BANKSEL T1CON
003A   1410           00068         BSF T1CON,0
003B   1283 1303      00069         BANKSEL TMR1H
003D   303C           00070         MOVLW H'3C'
003E   008F           00071         MOVWF TMR1H
003F   30B0           00072         MOVLW H'B0'
0040   008E           00073         MOVWF TMR1L
0041   1683 1303      00074         BANKSEL PIE1
Message[302]: Register in operand not in bank 0.  Ensure that bank bits are correct.
0043   140C           00075         BSF PIE1,TMR1IE
0044   1283 1303      00076         BANKSEL PIR1
0046   100C           00077         BCF PIR1,TMR1IF 
0047   300A           00078         MOVLW D'10'
0048   00A0           00079         MOVWF SAYAC
0049   3064           00080         MOVLW D'100'
004A   00B0           00081         MOVWF SAYI
004B   3001           00082         MOVLW D'1'
004C   00A9           00083         MOVWF YUZ2
004D   20AC           00084         CALL KOMUT
004E                  00085 KONTROL
004E   1506           00086         BSF PORTB,2
004F   1186           00087         BCF PORTB,3
0050   1805           00088         BTFSC PORTA,0
0051   2875           00089         GOTO ARTIR
0052   1885           00090         BTFSC PORTA,1
0053   288A           00091         GOTO AZALT
MPASM  5.51                 LCD_ODEV_2018.ASM   12-4-2018  14:08:02         PAGE  3


LOC  OBJECT CODE     LINE SOURCE TEXT
  VALUE

                      00092 ;SATIR1
0054   3080           00093         MOVLW H'80'
0055   20B3           00094         CALL KOMUT_YAZ
0056   0826           00095         MOVFW YUZ1
0057   20C5           00096         CALL LOOKUP
0058   20BC           00097         CALL VERI_YAZ
0059   3081           00098         MOVLW H'81'
005A   20B3           00099         CALL KOMUT_YAZ
005B   0825           00100         MOVFW ON1
005C   20C5           00101         CALL LOOKUP
005D   20BC           00102         CALL VERI_YAZ
005E   3082           00103         MOVLW H'82'
005F   20B3           00104         CALL KOMUT_YAZ
0060   0824           00105         MOVFW BIR1
0061   20C5           00106         CALL LOOKUP
0062   20BC           00107         CALL VERI_YAZ
0063   20D0           00108         CALL GECIKME ;;
                      00109 ;SATIR2
0064   30C0           00110         MOVLW H'C0'
0065   20B3           00111         CALL KOMUT_YAZ
0066   0829           00112         MOVFW YUZ2
0067   20C5           00113         CALL LOOKUP
0068   20BC           00114         CALL VERI_YAZ
0069   30C1           00115         MOVLW H'C1'
006A   20B3           00116         CALL KOMUT_YAZ
006B   0828           00117         MOVFW ON2
006C   20C5           00118         CALL LOOKUP
006D   20BC           00119         CALL VERI_YAZ
006E   30C2           00120         MOVLW H'C2'
006F   20B3           00121         CALL KOMUT_YAZ
0070   0827           00122         MOVFW BIR2
0071   20C5           00123         CALL LOOKUP
0072   20BC           00124         CALL VERI_YAZ
0073   20D0           00125         CALL GECIKME ;; 
0074   284E           00126         GOTO KONTROL
0075                  00127 ARTIR
0075   1805           00128         BTFSC PORTA,0
0076   2875           00129         GOTO ARTIR
0077   0AA7           00130         INCF BIR2,F
0078   0827           00131         MOVFW BIR2
0079   3C0A           00132         SUBLW D'10'
007A   1D03           00133         BTFSS STATUS,Z
007B   284E           00134         GOTO KONTROL
007C   01A7           00135         CLRF BIR2
007D   0AA8           00136         INCF ON2,F
007E   0828           00137         MOVFW ON2
007F   3C0A           00138         SUBLW D'10'
0080   1D03           00139         BTFSS STATUS,Z
0081   284E           00140         GOTO KONTROL
0082   01A8           00141         CLRF ON2
0083   0AA9           00142         INCF YUZ2,F
0084   0829           00143         MOVFW YUZ2
0085   3C02           00144         SUBLW D'2'
MPASM  5.51                 LCD_ODEV_2018.ASM   12-4-2018  14:08:02         PAGE  4


LOC  OBJECT CODE     LINE SOURCE TEXT
  VALUE

0086   1D03           00145         BTFSS STATUS,Z
0087   284E           00146         GOTO KONTROL
0088   01A9           00147         CLRF YUZ2
0089   284E           00148         GOTO KONTROL
008A                  00149 AZALT
008A   1885           00150         BTFSC PORTA,1
008B   288A           00151         GOTO AZALT
008C   01A9           00152         CLRF YUZ2
008D   01A8           00153         CLRF ON2
008E   01A7           00154         CLRF BIR2
008F   0830           00155         MOVFW SAYI
0090   3C00           00156         SUBLW D'0'
0091   1903           00157         BTFSC STATUS,Z
0092   284E           00158         GOTO KONTROL
0093   03B0           00159         DECF SAYI,F
0094   0830           00160         MOVFW SAYI
0095   00B1           00161         MOVWF SAYITMP
0096   2897           00162         GOTO BOL_YUZ
0097                  00163 BOL_YUZ
0097   3064           00164         MOVLW D'100'
0098   0230           00165         SUBWF SAYI,W
0099   1C03           00166         BTFSS STATUS,C
009A   289E           00167         GOTO BOL_ON
Message[305]: Using default destination of 1 (file).
009B   0AA9           00168         INCF YUZ2
009C   00B0           00169         MOVWF SAYI
009D   2897           00170         GOTO BOL_YUZ
009E                  00171 BOL_ON
009E   300A           00172         MOVLW D'10'
009F   0230           00173         SUBWF SAYI,W
00A0   1C03           00174         BTFSS STATUS,C
00A1   28A5           00175         GOTO BIRLER
Message[305]: Using default destination of 1 (file).
00A2   0AA8           00176         INCF ON2
00A3   00B0           00177         MOVWF SAYI
00A4   289E           00178         GOTO BOL_ON
00A5                  00179 BIRLER
00A5   30FF           00180         MOVLW D'255'
00A6   0730           00181         ADDWF SAYI,W
00A7   00A7           00182         MOVWF BIR2
00A8   0AA7           00183         INCF BIR2,F
00A9   0831           00184         MOVFW SAYITMP
00AA   00B0           00185         MOVWF SAYI
00AB   284E           00186         GOTO KONTROL
00AC                  00187 KOMUT
00AC   3002           00188         MOVLW H'02'
00AD   20B3           00189         CALL KOMUT_YAZ
00AE   302C           00190         MOVLW H'2C'
00AF   20B3           00191         CALL KOMUT_YAZ
00B0   300C           00192         MOVLW H'0C'
00B1   20B3           00193         CALL KOMUT_YAZ
00B2   0008           00194         RETURN
00B3                  00195 KOMUT_YAZ
MPASM  5.51                 LCD_ODEV_2018.ASM   12-4-2018  14:08:02         PAGE  5


LOC  OBJECT CODE     LINE SOURCE TEXT
  VALUE

00B3   1283 1303      00196         BANKSEL PORTD
00B5   0088           00197         MOVWF PORTD
00B6   1286           00198         BCF PORTB,5
00B7   1206           00199         BCF PORTB,4
00B8   1706           00200         BSF PORTB,6
                      00201         
00B9   20D0           00202         CALL GECIKME
00BA   1306           00203         BCF PORTB,6
00BB   0008           00204         RETURN
00BC                  00205 VERI_YAZ
00BC   1283 1303      00206         BANKSEL PORTD
00BE   0088           00207         MOVWF PORTD
00BF   1286           00208         BCF PORTB,5
00C0   1606           00209         BSF PORTB,4
00C1   1706           00210         BSF PORTB,6
00C2   20D0           00211         CALL GECIKME
00C3   1306           00212         BCF PORTB,6
00C4   0008           00213         RETURN
00C5                  00214 LOOKUP
00C5   0782           00215         ADDWF PCL,F
00C6   3430           00216         RETLW '0'
00C7   3431           00217         RETLW '1'
00C8   3432           00218         RETLW '2'
00C9   3433           00219         RETLW '3'
00CA   3434           00220         RETLW '4'
00CB   3435           00221         RETLW '5'
00CC   3436           00222         RETLW '6'
00CD   3437           00223         RETLW '7'
00CE   3438           00224         RETLW '8'
00CF   3439           00225         RETLW '9'
00D0                  00226 GECIKME
00D0   3014           00227         MOVLW D'20'
00D1   00A1           00228         MOVWF SAYAC0
00D2                  00229 GECIKME1
00D2   301E           00230         MOVLW D'30'
00D3   00A2           00231         MOVWF SAYAC1
00D4                  00232 GECIKTIR
00D4   0BA2           00233         DECFSZ SAYAC1,F
00D5   28D4           00234         GOTO GECIKTIR
00D6   0BA1           00235         DECFSZ SAYAC0,F
00D7   28D2           00236         GOTO GECIKME1
00D8   0008           00237         RETURN
00D9                  00238 SON
                      00239         END
MPASM  5.51                 LCD_ODEV_2018.ASM   12-4-2018  14:08:02         PAGE  6


SYMBOL TABLE
  LABEL                             VALUE 

ACKDT                             00000005
ACKEN                             00000004
ACKSTAT                           00000006
ADCON0                            0000001F
ADCON1                            0000009F
ADCS0                             00000006
ADCS1                             00000007
ADCS2                             00000006
ADDEN                             00000003
ADFM                              00000007
ADIE                              00000006
ADIF                              00000006
ADON                              00000000
ADRESH                            0000001E
ADRESL                            0000009E
ARTIR                             00000075
AZALT                             0000008A
BCLIE                             00000003
BCLIF                             00000003
BF                                00000000
BIR1                              00000024
BIR2                              00000027
BIRLER                            000000A5
BOL_ON                            0000009E
BOL_YUZ                           00000097
BRGH                              00000002
C                                 00000000
C1INV                             00000004
C1OUT                             00000006
C2INV                             00000005
C2OUT                             00000007
CCP1CON                           00000017
CCP1IE                            00000002
CCP1IF                            00000002
CCP1M0                            00000000
CCP1M1                            00000001
CCP1M2                            00000002
CCP1M3                            00000003
CCP1X                             00000005
CCP1Y                             00000004
CCP2CON                           0000001D
CCP2IE                            00000000
CCP2IF                            00000000
CCP2M0                            00000000
CCP2M1                            00000001
CCP2M2                            00000002
CCP2M3                            00000003
CCP2X                             00000005
CCP2Y                             00000004
CCPR1                             00000015
CCPR1H                            00000016
CCPR1L                            00000015
CCPR2                             0000001B
MPASM  5.51                 LCD_ODEV_2018.ASM   12-4-2018  14:08:02         PAGE  7


SYMBOL TABLE
  LABEL                             VALUE 

CCPR2H                            0000001C
CCPR2L                            0000001B
CHS0                              00000003
CHS1                              00000004
CHS2                              00000005
CIS                               00000003
CKE                               00000006
CKP                               00000004
CM0                               00000000
CM1                               00000001
CM2                               00000002
CMCON                             0000009C
CMIE                              00000006
CMIF                              00000006
CREN                              00000004
CSRC                              00000007
CVR0                              00000000
CVR1                              00000001
CVR2                              00000002
CVR3                              00000003
CVRCON                            0000009D
CVREN                             00000007
CVROE                             00000006
CVRR                              00000005
D                                 00000005
DATA_ADDRESS                      00000005
DC                                00000001
D_A                               00000005
D_NOT_A                           00000005
EEADR                             0000010D
EEADRH                            0000010F
EECON1                            0000018C
EECON2                            0000018D
EEDATA                            0000010C
EEDATH                            0000010E
EEIE                              00000004
EEIF                              00000004
EEPGD                             00000007
F                                 00000001
FERR                              00000002
FSR                               00000004
GCEN                              00000007
GECIKME                           000000D0
GECIKME1                          000000D2
GECIKTIR                          000000D4
GIE                               00000007
GO                                00000002
GO_DONE                           00000002
GO_NOT_DONE                       00000002
I2C_DATA                          00000005
I2C_READ                          00000002
I2C_START                         00000003
I2C_STOP                          00000004
MPASM  5.51                 LCD_ODEV_2018.ASM   12-4-2018  14:08:02         PAGE  8


SYMBOL TABLE
  LABEL                             VALUE 

IBF                               00000007
IBOV                              00000005
INDF                              00000000
INTCON                            0000000B
INTE                              00000004
INTEDG                            00000006
INTF                              00000001
IRP                               00000007
KESME                             00000004
KOMUT                             000000AC
KOMUT_YAZ                         000000B3
KONTROL                           0000004E
KONTROL_SATIR1                    00000011
LCD_DATA                          00000023
LOOKUP                            000000C5
MAIN                              00000024
NOT_A                             00000005
NOT_ADDRESS                       00000005
NOT_BO                            00000000
NOT_BOR                           00000000
NOT_DONE                          00000002
NOT_PD                            00000003
NOT_POR                           00000001
NOT_RBPU                          00000007
NOT_RC8                           00000006
NOT_T1SYNC                        00000002
NOT_TO                            00000004
NOT_TX8                           00000006
NOT_W                             00000002
NOT_WRITE                         00000002
OBF                               00000006
OERR                              00000001
ON1                               00000025
ON2                               00000028
OPTION_REG                        00000081
P                                 00000004
PCFG0                             00000000
PCFG1                             00000001
PCFG2                             00000002
PCFG3                             00000003
PCL                               00000002
PCLATH                            0000000A
PCON                              0000008E
PEIE                              00000006
PEN                               00000002
PIE1                              0000008C
PIE2                              0000008D
PIR1                              0000000C
PIR2                              0000000D
PORTA                             00000005
PORTB                             00000006
PORTC                             00000007
PORTD                             00000008
MPASM  5.51                 LCD_ODEV_2018.ASM   12-4-2018  14:08:02         PAGE  9


SYMBOL TABLE
  LABEL                             VALUE 

PORTE                             00000009
PR2                               00000092
PS0                               00000000
PS1                               00000001
PS2                               00000002
PSA                               00000003
PSPIE                             00000007
PSPIF                             00000007
PSPMODE                           00000004
R                                 00000002
RA0                               00000000
RA1                               00000001
RA2                               00000002
RA3                               00000003
RA4                               00000004
RA5                               00000005
RB0                               00000000
RB1                               00000001
RB2                               00000002
RB3                               00000003
RB4                               00000004
RB5                               00000005
RB6                               00000006
RB7                               00000007
RBIE                              00000003
RBIF                              00000000
RC0                               00000000
RC1                               00000001
RC2                               00000002
RC3                               00000003
RC4                               00000004
RC5                               00000005
RC6                               00000006
RC7                               00000007
RC8_9                             00000006
RC9                               00000006
RCD8                              00000000
RCEN                              00000003
RCIE                              00000005
RCIF                              00000005
RCREG                             0000001A
RCSTA                             00000018
RD                                00000000
RD0                               00000000
RD1                               00000001
RD2                               00000002
RD3                               00000003
RD4                               00000004
RD5                               00000005
RD6                               00000006
RD7                               00000007
RE0                               00000000
RE1                               00000001
MPASM  5.51                 LCD_ODEV_2018.ASM   12-4-2018  14:08:02         PAGE 10


SYMBOL TABLE
  LABEL                             VALUE 

RE2                               00000002
READ_WRITE                        00000002
RP0                               00000005
RP1                               00000006
RSEN                              00000001
RX9                               00000006
RX9D                              00000000
R_NOT_W                           00000002
R_W                               00000002
S                                 00000003
SAYAC                             00000020
SAYAC0                            00000021
SAYAC1                            00000022
SAYI                              00000030
SAYITMP                           00000031
SEN                               00000000
SMP                               00000007
SON                               000000D9
SPBRG                             00000099
SPEN                              00000007
SREN                              00000005
SSPADD                            00000093
SSPBUF                            00000013
SSPCON                            00000014
SSPCON2                           00000091
SSPEN                             00000005
SSPIE                             00000003
SSPIF                             00000003
SSPM0                             00000000
SSPM1                             00000001
SSPM2                             00000002
SSPM3                             00000003
SSPOV                             00000006
SSPSTAT                           00000094
STATUS                            00000003
SYNC                              00000004
T0CS                              00000005
T0IE                              00000005
T0IF                              00000002
T0SE                              00000004
T1CKPS0                           00000004
T1CKPS1                           00000005
T1CON                             00000010
T1INSYNC                          00000002
T1OSCEN                           00000003
T1SYNC                            00000002
T2CKPS0                           00000000
T2CKPS1                           00000001
T2CON                             00000012
TMR0                              00000001
TMR0IE                            00000005
TMR0IF                            00000002
TMR1                              0000000E
MPASM  5.51                 LCD_ODEV_2018.ASM   12-4-2018  14:08:02         PAGE 11


SYMBOL TABLE
  LABEL                             VALUE 

TMR1CS                            00000001
TMR1H                             0000000F
TMR1IE                            00000000
TMR1IF                            00000000
TMR1L                             0000000E
TMR1ON                            00000000
TMR2                              00000011
TMR2IE                            00000001
TMR2IF                            00000001
TMR2ON                            00000002
TOUTPS0                           00000003
TOUTPS1                           00000004
TOUTPS2                           00000005
TOUTPS3                           00000006
TRISA                             00000085
TRISA0                            00000000
TRISA1                            00000001
TRISA2                            00000002
TRISA3                            00000003
TRISA4                            00000004
TRISA5                            00000005
TRISB                             00000086
TRISB0                            00000000
TRISB1                            00000001
TRISB2                            00000002
TRISB3                            00000003
TRISB4                            00000004
TRISB5                            00000005
TRISB6                            00000006
TRISB7                            00000007
TRISC                             00000087
TRISC0                            00000000
TRISC1                            00000001
TRISC2                            00000002
TRISC3                            00000003
TRISC4                            00000004
TRISC5                            00000005
TRISC6                            00000006
TRISC7                            00000007
TRISD                             00000088
TRISD0                            00000000
TRISD1                            00000001
TRISD2                            00000002
TRISD3                            00000003
TRISD4                            00000004
TRISD5                            00000005
TRISD6                            00000006
TRISD7                            00000007
TRISE                             00000089
TRISE0                            00000000
TRISE1                            00000001
TRISE2                            00000002
TRMT                              00000001
MPASM  5.51                 LCD_ODEV_2018.ASM   12-4-2018  14:08:02         PAGE 12


SYMBOL TABLE
  LABEL                             VALUE 

TX8_9                             00000006
TX9                               00000006
TX9D                              00000000
TXD8                              00000000
TXEN                              00000005
TXIE                              00000004
TXIF                              00000004
TXREG                             00000019
TXSTA                             00000098
UA                                00000001
VERI_YAZ                          000000BC
W                                 00000000
WCOL                              00000007
WR                                00000001
WREN                              00000002
WRERR                             00000003
YUZ1                              00000026
YUZ2                              00000029
Z                                 00000002
_BODEN_OFF                        00003FBF
_BODEN_ON                         00003FFF
_BOREN_OFF                        00003FBF
_BOREN_ON                         00003FFF
_CONFIG                           00002007
_CPD_OFF                          00003FFF
_CPD_ON                           00003EFF
_CP_ALL                           00001FFF
_CP_OFF                           00003FFF
_CP_ON                            00001FFF
_DEBUG_OFF                        00003FFF
_DEBUG_ON                         000037FF
_DEVID1                           00002006
_FOSC_EXTRC                       00003FFF
_FOSC_HS                          00003FFE
_FOSC_LP                          00003FFC
_FOSC_XT                          00003FFD
_HS_OSC                           00003FFE
_IDLOC0                           00002000
_IDLOC1                           00002001
_IDLOC2                           00002002
_IDLOC3                           00002003
_LP_OSC                           00003FFC
_LVP_OFF                          00003F7F
_LVP_ON                           00003FFF
_PWRTE_OFF                        00003FFF
_PWRTE_ON                         00003FF7
_RC_OSC                           00003FFF
_WDTE_OFF                         00003FFB
_WDTE_ON                          00003FFF
_WDT_OFF                          00003FFB
_WDT_ON                           00003FFF
_WRT_1FOURTH                      00003BFF
_WRT_256                          00003DFF
MPASM  5.51                 LCD_ODEV_2018.ASM   12-4-2018  14:08:02         PAGE 13


SYMBOL TABLE
  LABEL                             VALUE 

_WRT_HALF                         000039FF
_WRT_OFF                          00003FFF
_XT_OSC                           00003FFD
__16F877A                         00000001
__DEBUG                           1


MEMORY USAGE MAP ('X' = Used,  '-' = Unused)

0000 : X---XXXXXXXXXXXX XXXXXXXXXXXXXXXX XXXXXXXXXXXXXXXX XXXXXXXXXXXXXXXX
0040 : XXXXXXXXXXXXXXXX XXXXXXXXXXXXXXXX XXXXXXXXXXXXXXXX XXXXXXXXXXXXXXXX
0080 : XXXXXXXXXXXXXXXX XXXXXXXXXXXXXXXX XXXXXXXXXXXXXXXX XXXXXXXXXXXXXXXX
00C0 : XXXXXXXXXXXXXXXX XXXXXXXXX------- ---------------- ----------------
2000 : -------X-------- ---------------- ---------------- ----------------

All other memory blocks unused.

Program Memory Words Used:   214
Program Memory Words Free:  7978


Errors   :     0
Warnings :     1 reported,     0 suppressed
Messages :     7 reported,     0 suppressed

